<html>
<head>
<title>TestNG:  TestChrome</title>
<link href="../testng.css" rel="stylesheet" type="text/css" />
<link href="../my-testng.css" rel="stylesheet" type="text/css" />

<style type="text/css">
.log { display: none;} 
.stack-trace { display: none;} 
</style>
<script type="text/javascript">
<!--
function flip(e) {
  current = e.style.display;
  if (current == 'block') {
    e.style.display = 'none';
    return 0;
  }
  else {
    e.style.display = 'block';
    return 1;
  }
}

function toggleBox(szDivId, elem, msg1, msg2)
{
  var res = -1;  if (document.getElementById) {
    res = flip(document.getElementById(szDivId));
  }
  else if (document.all) {
    // this is the way old msie versions work
    res = flip(document.all[szDivId]);
  }
  if(elem) {
    if(res == 0) elem.innerHTML = msg1; else elem.innerHTML = msg2;
  }

}

function toggleAllBoxes() {
  if (document.getElementsByTagName) {
    d = document.getElementsByTagName('div');
    for (i = 0; i < d.length; i++) {
      if (d[i].className == 'log') {
        flip(d[i]);
      }
    }
  }
}

// -->
</script>

</head>
<body>
<h2 align='center'>TestChrome</h2><table border='1' align="center">
<tr>
<td>Tests passed/Failed/Skipped:</td><td>160/23/0</td>
</tr><tr>
<td>Started on:</td><td>Thu Jul 13 21:53:10 EDT 2023</td>
</tr>
<tr><td>Total time:</td><td>1145 seconds (1145973 ms)</td>
</tr><tr>
<td>Included groups:</td><td></td>
</tr><tr>
<td>Excluded groups:</td><td></td>
</tr>
</table><p/>
<small><i>(Hover the method name to see the test class name)</i></small><p/>
<table width='100%' border='1' class='invocation-failed'>
<tr><td colspan='4' align='center'><b>FAILED CONFIGURATIONS</b></td></tr>
<tr><td><b>Test method</b></td>
<td width="30%"><b>Exception</b></td>
<td width="10%"><b>Time (seconds)</b></td>
<td><b>Instance</b></td>
</tr>
<tr>
<td title='dsAlgo_TestRunner.TestRunner.tearDownClass()'><b>tearDownClass</b><br>Test class: dsAlgo_TestRunner.TestRunner</td>
<td><div><pre>org.openqa.selenium.NoSuchSessionException: invalid session id
Build info: version: &apos;4.9.1&apos;, revision: &apos;eb2032df7f&apos;
System info: os.name: &apos;Windows 11&apos;, os.arch: &apos;amd64&apos;, os.version: &apos;10.0&apos;, java.version: &apos;17.0.7&apos;
Driver info: org.openqa.selenium.edge.EdgeDriver
Command: [608e666af3cf85172867383e2e19e11b, close {}]
Capabilities {acceptInsecureCerts: false, browserName: msedge, browserVersion: 114.0.1823.79, ms:edgeOptions: {debuggerAddress: localhost:52480}, msedge: {msedgedriverVersion: 114.0.1823.79 (c0c722a9579e..., userDataDir: C:\Users\subas\AppData\Loca...}, networkConnectionEnabled: false, pageLoadStrategy: normal, platformName: windows, proxy: Proxy(), se:cdp: ws://localhost:52480/devtoo..., se:cdpVersion: 114.0.1823.79, setWindowRect: true, strictFileInteractability: false, timeouts: {implicit: 0, pageLoad: 300000, script: 30000}, unhandledPromptBehavior: dismiss and notify, webauthn:extension:credBlob: true, webauthn:extension:largeBlob: true, webauthn:extension:minPinLength: true, webauthn:extension:prf: true, webauthn:virtualAuthenticators: true}
Session ID: 608e666af3cf85172867383e2e19e11b
	at org.openqa.selenium.remote.codec.w3c.W3CHttpResponseCodec.createException(W3CHttpResponseCodec.java:200)
	at org.openqa.selenium.remote.codec.w3c.W3CHttpResponseCodec.decode(W3CHttpResponseCodec.java:133)
	at org.openqa.selenium.remote.codec.w3c.W3CHttpResponseCodec.decode(W3CHttpResponseCodec.java:53)
	at org.openqa.selenium.remote.HttpCommandExecutor.execute(HttpCommandExecutor.java:193)
	at org.openqa.selenium.remote.service.DriverCommandExecutor.invokeExecute(DriverCommandExecutor.java:183)
	at org.openqa.selenium.remote.service.DriverCommandExecutor.execute(DriverCommandExecutor.java:158)
	at org.openqa.selenium.remote.RemoteWebDriver.execute(RemoteWebDriver.java:543)
	at org.openqa.selenium.remote.RemoteWebDriver.execute(RemoteWebDriver.java:598)
	at org.openqa.selenium.remote.RemoteWebDriver.execute(RemoteWebDriver.java:602)
	at org.openqa.selenium.remote.RemoteWebDriver.close(RemoteWebDriver.java:419)
	at hooks.Hooks.quitBrowser(Hooks.java:69)
... Removed 5 stack frames</pre></div><a href='#' onClick='toggleBox("stack-trace1040073062", this, "Click to show all stack frames", "Click to hide stack frames")'>Click to show all stack frames</a>
<div class='stack-trace' id='stack-trace1040073062'><pre>org.openqa.selenium.NoSuchSessionException: invalid session id
Build info: version: &apos;4.9.1&apos;, revision: &apos;eb2032df7f&apos;
System info: os.name: &apos;Windows 11&apos;, os.arch: &apos;amd64&apos;, os.version: &apos;10.0&apos;, java.version: &apos;17.0.7&apos;
Driver info: org.openqa.selenium.edge.EdgeDriver
Command: [608e666af3cf85172867383e2e19e11b, close {}]
Capabilities {acceptInsecureCerts: false, browserName: msedge, browserVersion: 114.0.1823.79, ms:edgeOptions: {debuggerAddress: localhost:52480}, msedge: {msedgedriverVersion: 114.0.1823.79 (c0c722a9579e..., userDataDir: C:\Users\subas\AppData\Loca...}, networkConnectionEnabled: false, pageLoadStrategy: normal, platformName: windows, proxy: Proxy(), se:cdp: ws://localhost:52480/devtoo..., se:cdpVersion: 114.0.1823.79, setWindowRect: true, strictFileInteractability: false, timeouts: {implicit: 0, pageLoad: 300000, script: 30000}, unhandledPromptBehavior: dismiss and notify, webauthn:extension:credBlob: true, webauthn:extension:largeBlob: true, webauthn:extension:minPinLength: true, webauthn:extension:prf: true, webauthn:virtualAuthenticators: true}
Session ID: 608e666af3cf85172867383e2e19e11b
	at java.base/jdk.internal.reflect.NativeConstructorAccessorImpl.newInstance0(Native Method)
	at java.base/jdk.internal.reflect.NativeConstructorAccessorImpl.newInstance(NativeConstructorAccessorImpl.java:77)
	at java.base/jdk.internal.reflect.DelegatingConstructorAccessorImpl.newInstance(DelegatingConstructorAccessorImpl.java:45)
	at java.base/java.lang.reflect.Constructor.newInstanceWithCaller(Constructor.java:499)
	at java.base/java.lang.reflect.Constructor.newInstance(Constructor.java:480)
	at org.openqa.selenium.remote.codec.w3c.W3CHttpResponseCodec.createException(W3CHttpResponseCodec.java:200)
	at org.openqa.selenium.remote.codec.w3c.W3CHttpResponseCodec.decode(W3CHttpResponseCodec.java:133)
	at org.openqa.selenium.remote.codec.w3c.W3CHttpResponseCodec.decode(W3CHttpResponseCodec.java:53)
	at org.openqa.selenium.remote.HttpCommandExecutor.execute(HttpCommandExecutor.java:193)
	at org.openqa.selenium.remote.service.DriverCommandExecutor.invokeExecute(DriverCommandExecutor.java:183)
	at org.openqa.selenium.remote.service.DriverCommandExecutor.execute(DriverCommandExecutor.java:158)
	at org.openqa.selenium.remote.RemoteWebDriver.execute(RemoteWebDriver.java:543)
	at org.openqa.selenium.remote.RemoteWebDriver.execute(RemoteWebDriver.java:598)
	at org.openqa.selenium.remote.RemoteWebDriver.execute(RemoteWebDriver.java:602)
	at org.openqa.selenium.remote.RemoteWebDriver.close(RemoteWebDriver.java:419)
	at hooks.Hooks.quitBrowser(Hooks.java:69)
</pre></div></td>
<td>51</td>
<td>dsAlgo_TestRunner.TestRunner@344f4dea</td></tr>
</table><p>
<table width='100%' border='1' class='invocation-failed'>
<tr><td colspan='4' align='center'><b>FAILED TESTS</b></td></tr>
<tr><td><b>Test method</b></td>
<td width="30%"><b>Exception</b></td>
<td width="10%"><b>Time (seconds)</b></td>
<td><b>Instance</b></td>
</tr>
<tr>
<td title='dsAlgo_TestRunner.TestRunner.runScenario()'><b>runScenario</b><br>Test class: dsAlgo_TestRunner.TestRunner<br>Test method: Runs Cucumber Scenarios<br>Parameters: "The user is able tree run code in tryEditor", "Optional[Test Tree Page]"</td>
<td><div><pre>org.openqa.selenium.ElementNotInteractableException: element not interactable
  (Session info: chrome=114.0.5735.199)
Build info: version: &apos;4.9.1&apos;, revision: &apos;eb2032df7f&apos;
System info: os.name: &apos;Windows 11&apos;, os.arch: &apos;amd64&apos;, os.version: &apos;10.0&apos;, java.version: &apos;17.0.7&apos;
Driver info: org.openqa.selenium.chrome.ChromeDriver
Command: [69ef78cd3f3f38070a3dc937fdd90ad8, sendKeysToElement {id=3852537CEE32551D20F67A198D03AC9C_element_2920, value=[Ljava.lang.CharSequence;@33c14ae2}]
Capabilities {acceptInsecureCerts: false, browserName: chrome, browserVersion: 114.0.5735.199, chrome: {chromedriverVersion: 114.0.5735.90 (386bc09e8f4f..., userDataDir: C:\Users\subas\AppData\Loca...}, goog:chromeOptions: {debuggerAddress: localhost:52471}, networkConnectionEnabled: false, pageLoadStrategy: normal, platformName: windows, proxy: Proxy(), se:cdp: ws://localhost:52471/devtoo..., se:cdpVersion: 114.0.5735.199, setWindowRect: true, strictFileInteractability: false, timeouts: {implicit: 0, pageLoad: 300000, script: 30000}, unhandledPromptBehavior: dismiss and notify, webauthn:extension:credBlob: true, webauthn:extension:largeBlob: true, webauthn:extension:minPinLength: true, webauthn:extension:prf: true, webauthn:virtualAuthenticators: true}
Element: [[ChromeDriver: chrome on windows (69ef78cd3f3f38070a3dc937fdd90ad8)] -&gt; xpath: //*[@id=&apos;answer_form&apos;]/div/div/div[1]/textarea]
Session ID: 69ef78cd3f3f38070a3dc937fdd90ad8
	at org.openqa.selenium.remote.codec.w3c.W3CHttpResponseCodec.createException(W3CHttpResponseCodec.java:200)
	at org.openqa.selenium.remote.codec.w3c.W3CHttpResponseCodec.decode(W3CHttpResponseCodec.java:133)
	at org.openqa.selenium.remote.codec.w3c.W3CHttpResponseCodec.decode(W3CHttpResponseCodec.java:53)
	at org.openqa.selenium.remote.HttpCommandExecutor.execute(HttpCommandExecutor.java:193)
	at org.openqa.selenium.remote.service.DriverCommandExecutor.invokeExecute(DriverCommandExecutor.java:183)
	at org.openqa.selenium.remote.service.DriverCommandExecutor.execute(DriverCommandExecutor.java:158)
	at org.openqa.selenium.remote.RemoteWebDriver.execute(RemoteWebDriver.java:543)
	at org.openqa.selenium.remote.RemoteWebElement.execute(RemoteWebElement.java:257)
	at org.openqa.selenium.remote.RemoteWebElement.sendKeys(RemoteWebElement.java:113)
	at org.openqa.selenium.support.pagefactory.internal.LocatingElementHandler.invoke(LocatingElementHandler.java:52)
	at jdk.proxy2/jdk.proxy2.$Proxy46.sendKeys(Unknown Source)
	at dsAlgo_Utilities.PageUtils.entercode(PageUtils.java:45)
	at dsAlgo_PageObject.JTreePage.enter_code(JTreePage.java:56)
	at dsAlgo_StepDefinition.JTreePage_SD.the_user_enter_valid_python_code_in_stack_try_editor_from_sheet_and(JTreePage_SD.java:61)
	at ✽.The user enter valid python code in tree tryEditor from sheet &quot;array&quot; and 0(file:///C:/Users/subas/eclipse-workspace-new/Z_DS-Algo_BDDcopy/src/test/resources/Features/JTreePage.feature:49)
... Removed 7 stack frames</pre></div><a href='#' onClick='toggleBox("stack-trace1843936585", this, "Click to show all stack frames", "Click to hide stack frames")'>Click to show all stack frames</a>
<div class='stack-trace' id='stack-trace1843936585'><pre>org.openqa.selenium.ElementNotInteractableException: element not interactable
  (Session info: chrome=114.0.5735.199)
Build info: version: &apos;4.9.1&apos;, revision: &apos;eb2032df7f&apos;
System info: os.name: &apos;Windows 11&apos;, os.arch: &apos;amd64&apos;, os.version: &apos;10.0&apos;, java.version: &apos;17.0.7&apos;
Driver info: org.openqa.selenium.chrome.ChromeDriver
Command: [69ef78cd3f3f38070a3dc937fdd90ad8, sendKeysToElement {id=3852537CEE32551D20F67A198D03AC9C_element_2920, value=[Ljava.lang.CharSequence;@33c14ae2}]
Capabilities {acceptInsecureCerts: false, browserName: chrome, browserVersion: 114.0.5735.199, chrome: {chromedriverVersion: 114.0.5735.90 (386bc09e8f4f..., userDataDir: C:\Users\subas\AppData\Loca...}, goog:chromeOptions: {debuggerAddress: localhost:52471}, networkConnectionEnabled: false, pageLoadStrategy: normal, platformName: windows, proxy: Proxy(), se:cdp: ws://localhost:52471/devtoo..., se:cdpVersion: 114.0.5735.199, setWindowRect: true, strictFileInteractability: false, timeouts: {implicit: 0, pageLoad: 300000, script: 30000}, unhandledPromptBehavior: dismiss and notify, webauthn:extension:credBlob: true, webauthn:extension:largeBlob: true, webauthn:extension:minPinLength: true, webauthn:extension:prf: true, webauthn:virtualAuthenticators: true}
Element: [[ChromeDriver: chrome on windows (69ef78cd3f3f38070a3dc937fdd90ad8)] -&gt; xpath: //*[@id=&apos;answer_form&apos;]/div/div/div[1]/textarea]
Session ID: 69ef78cd3f3f38070a3dc937fdd90ad8
	at jdk.internal.reflect.GeneratedConstructorAccessor84.newInstance(Unknown Source)
	at java.base/jdk.internal.reflect.DelegatingConstructorAccessorImpl.newInstance(DelegatingConstructorAccessorImpl.java:45)
	at java.base/java.lang.reflect.Constructor.newInstanceWithCaller(Constructor.java:499)
	at java.base/java.lang.reflect.Constructor.newInstance(Constructor.java:480)
	at org.openqa.selenium.remote.codec.w3c.W3CHttpResponseCodec.createException(W3CHttpResponseCodec.java:200)
	at org.openqa.selenium.remote.codec.w3c.W3CHttpResponseCodec.decode(W3CHttpResponseCodec.java:133)
	at org.openqa.selenium.remote.codec.w3c.W3CHttpResponseCodec.decode(W3CHttpResponseCodec.java:53)
	at org.openqa.selenium.remote.HttpCommandExecutor.execute(HttpCommandExecutor.java:193)
	at org.openqa.selenium.remote.service.DriverCommandExecutor.invokeExecute(DriverCommandExecutor.java:183)
	at org.openqa.selenium.remote.service.DriverCommandExecutor.execute(DriverCommandExecutor.java:158)
	at org.openqa.selenium.remote.RemoteWebDriver.execute(RemoteWebDriver.java:543)
	at org.openqa.selenium.remote.RemoteWebElement.execute(RemoteWebElement.java:257)
	at org.openqa.selenium.remote.RemoteWebElement.sendKeys(RemoteWebElement.java:113)
	at jdk.internal.reflect.GeneratedMethodAccessor213.invoke(Unknown Source)
	at java.base/jdk.internal.reflect.DelegatingMethodAccessorImpl.invoke(DelegatingMethodAccessorImpl.java:43)
	at java.base/java.lang.reflect.Method.invoke(Method.java:568)
	at org.openqa.selenium.support.pagefactory.internal.LocatingElementHandler.invoke(LocatingElementHandler.java:52)
	at jdk.proxy2/jdk.proxy2.$Proxy46.sendKeys(Unknown Source)
	at dsAlgo_Utilities.PageUtils.entercode(PageUtils.java:45)
	at dsAlgo_PageObject.JTreePage.enter_code(JTreePage.java:56)
	at dsAlgo_StepDefinition.JTreePage_SD.the_user_enter_valid_python_code_in_stack_try_editor_from_sheet_and(JTreePage_SD.java:61)
	at ✽.The user enter valid python code in tree tryEditor from sheet &quot;array&quot; and 0(file:///C:/Users/subas/eclipse-workspace-new/Z_DS-Algo_BDDcopy/src/test/resources/Features/JTreePage.feature:49)
</pre></div></td>
<td>13</td>
<td>dsAlgo_TestRunner.TestRunner@344f4dea</td></tr>
<tr>
<td title='dsAlgo_TestRunner.TestRunner.runScenario()'><b>runScenario</b><br>Test class: dsAlgo_TestRunner.TestRunner<br>Test method: Runs Cucumber Scenarios<br>Parameters: "The user is able run code in tryEditor", "Optional[Test DataStructure  page]"</td>
<td><div><pre>org.openqa.selenium.ElementNotInteractableException: element not interactable
  (Session info: chrome=114.0.5735.199)
Build info: version: &apos;4.9.1&apos;, revision: &apos;eb2032df7f&apos;
System info: os.name: &apos;Windows 11&apos;, os.arch: &apos;amd64&apos;, os.version: &apos;10.0&apos;, java.version: &apos;17.0.7&apos;
Driver info: org.openqa.selenium.chrome.ChromeDriver
Command: [69ef78cd3f3f38070a3dc937fdd90ad8, sendKeysToElement {id=E24EC6F13A421C0F4901B67165BBCBC9_element_431, value=[Ljava.lang.CharSequence;@36ab7e3e}]
Capabilities {acceptInsecureCerts: false, browserName: chrome, browserVersion: 114.0.5735.199, chrome: {chromedriverVersion: 114.0.5735.90 (386bc09e8f4f..., userDataDir: C:\Users\subas\AppData\Loca...}, goog:chromeOptions: {debuggerAddress: localhost:52471}, networkConnectionEnabled: false, pageLoadStrategy: normal, platformName: windows, proxy: Proxy(), se:cdp: ws://localhost:52471/devtoo..., se:cdpVersion: 114.0.5735.199, setWindowRect: true, strictFileInteractability: false, timeouts: {implicit: 0, pageLoad: 300000, script: 30000}, unhandledPromptBehavior: dismiss and notify, webauthn:extension:credBlob: true, webauthn:extension:largeBlob: true, webauthn:extension:minPinLength: true, webauthn:extension:prf: true, webauthn:virtualAuthenticators: true}
Element: [[ChromeDriver: chrome on windows (69ef78cd3f3f38070a3dc937fdd90ad8)] -&gt; xpath: //*[@id=&apos;answer_form&apos;]/div/div/div[1]/textarea]
Session ID: 69ef78cd3f3f38070a3dc937fdd90ad8
	at org.openqa.selenium.remote.codec.w3c.W3CHttpResponseCodec.createException(W3CHttpResponseCodec.java:200)
	at org.openqa.selenium.remote.codec.w3c.W3CHttpResponseCodec.decode(W3CHttpResponseCodec.java:133)
	at org.openqa.selenium.remote.codec.w3c.W3CHttpResponseCodec.decode(W3CHttpResponseCodec.java:53)
	at org.openqa.selenium.remote.HttpCommandExecutor.execute(HttpCommandExecutor.java:193)
	at org.openqa.selenium.remote.service.DriverCommandExecutor.invokeExecute(DriverCommandExecutor.java:183)
	at org.openqa.selenium.remote.service.DriverCommandExecutor.execute(DriverCommandExecutor.java:158)
	at org.openqa.selenium.remote.RemoteWebDriver.execute(RemoteWebDriver.java:543)
	at org.openqa.selenium.remote.RemoteWebElement.execute(RemoteWebElement.java:257)
	at org.openqa.selenium.remote.RemoteWebElement.sendKeys(RemoteWebElement.java:113)
	at org.openqa.selenium.support.pagefactory.internal.LocatingElementHandler.invoke(LocatingElementHandler.java:52)
	at jdk.proxy2/jdk.proxy2.$Proxy46.sendKeys(Unknown Source)
	at dsAlgo_Utilities.PageUtils.entercode(PageUtils.java:45)
	at dsAlgo_PageObject.EDataStructurePage.enter_code(EDataStructurePage.java:44)
	at dsAlgo_StepDefinition.EDataStructurePage_SD.the_user_enter_valid_python_ds_code_in_try_editor_from_sheet_and(EDataStructurePage_SD.java:58)
	at ✽.The user enter valid python DS code in tryEditor from sheet &quot;array&quot; and 0(file:///C:/Users/subas/eclipse-workspace-new/Z_DS-Algo_BDDcopy/src/test/resources/Features/EDataStructurePage.feature:14)
... Removed 8 stack frames</pre></div><a href='#' onClick='toggleBox("stack-trace447939408", this, "Click to show all stack frames", "Click to hide stack frames")'>Click to show all stack frames</a>
<div class='stack-trace' id='stack-trace447939408'><pre>org.openqa.selenium.ElementNotInteractableException: element not interactable
  (Session info: chrome=114.0.5735.199)
Build info: version: &apos;4.9.1&apos;, revision: &apos;eb2032df7f&apos;
System info: os.name: &apos;Windows 11&apos;, os.arch: &apos;amd64&apos;, os.version: &apos;10.0&apos;, java.version: &apos;17.0.7&apos;
Driver info: org.openqa.selenium.chrome.ChromeDriver
Command: [69ef78cd3f3f38070a3dc937fdd90ad8, sendKeysToElement {id=E24EC6F13A421C0F4901B67165BBCBC9_element_431, value=[Ljava.lang.CharSequence;@36ab7e3e}]
Capabilities {acceptInsecureCerts: false, browserName: chrome, browserVersion: 114.0.5735.199, chrome: {chromedriverVersion: 114.0.5735.90 (386bc09e8f4f..., userDataDir: C:\Users\subas\AppData\Loca...}, goog:chromeOptions: {debuggerAddress: localhost:52471}, networkConnectionEnabled: false, pageLoadStrategy: normal, platformName: windows, proxy: Proxy(), se:cdp: ws://localhost:52471/devtoo..., se:cdpVersion: 114.0.5735.199, setWindowRect: true, strictFileInteractability: false, timeouts: {implicit: 0, pageLoad: 300000, script: 30000}, unhandledPromptBehavior: dismiss and notify, webauthn:extension:credBlob: true, webauthn:extension:largeBlob: true, webauthn:extension:minPinLength: true, webauthn:extension:prf: true, webauthn:virtualAuthenticators: true}
Element: [[ChromeDriver: chrome on windows (69ef78cd3f3f38070a3dc937fdd90ad8)] -&gt; xpath: //*[@id=&apos;answer_form&apos;]/div/div/div[1]/textarea]
Session ID: 69ef78cd3f3f38070a3dc937fdd90ad8
	at java.base/jdk.internal.reflect.NativeConstructorAccessorImpl.newInstance0(Native Method)
	at java.base/jdk.internal.reflect.NativeConstructorAccessorImpl.newInstance(NativeConstructorAccessorImpl.java:77)
	at java.base/jdk.internal.reflect.DelegatingConstructorAccessorImpl.newInstance(DelegatingConstructorAccessorImpl.java:45)
	at java.base/java.lang.reflect.Constructor.newInstanceWithCaller(Constructor.java:499)
	at java.base/java.lang.reflect.Constructor.newInstance(Constructor.java:480)
	at org.openqa.selenium.remote.codec.w3c.W3CHttpResponseCodec.createException(W3CHttpResponseCodec.java:200)
	at org.openqa.selenium.remote.codec.w3c.W3CHttpResponseCodec.decode(W3CHttpResponseCodec.java:133)
	at org.openqa.selenium.remote.codec.w3c.W3CHttpResponseCodec.decode(W3CHttpResponseCodec.java:53)
	at org.openqa.selenium.remote.HttpCommandExecutor.execute(HttpCommandExecutor.java:193)
	at org.openqa.selenium.remote.service.DriverCommandExecutor.invokeExecute(DriverCommandExecutor.java:183)
	at org.openqa.selenium.remote.service.DriverCommandExecutor.execute(DriverCommandExecutor.java:158)
	at org.openqa.selenium.remote.RemoteWebDriver.execute(RemoteWebDriver.java:543)
	at org.openqa.selenium.remote.RemoteWebElement.execute(RemoteWebElement.java:257)
	at org.openqa.selenium.remote.RemoteWebElement.sendKeys(RemoteWebElement.java:113)
	at jdk.internal.reflect.GeneratedMethodAccessor213.invoke(Unknown Source)
	at java.base/jdk.internal.reflect.DelegatingMethodAccessorImpl.invoke(DelegatingMethodAccessorImpl.java:43)
	at java.base/java.lang.reflect.Method.invoke(Method.java:568)
	at org.openqa.selenium.support.pagefactory.internal.LocatingElementHandler.invoke(LocatingElementHandler.java:52)
	at jdk.proxy2/jdk.proxy2.$Proxy46.sendKeys(Unknown Source)
	at dsAlgo_Utilities.PageUtils.entercode(PageUtils.java:45)
	at dsAlgo_PageObject.EDataStructurePage.enter_code(EDataStructurePage.java:44)
	at dsAlgo_StepDefinition.EDataStructurePage_SD.the_user_enter_valid_python_ds_code_in_try_editor_from_sheet_and(EDataStructurePage_SD.java:58)
	at ✽.The user enter valid python DS code in tryEditor from sheet &quot;array&quot; and 0(file:///C:/Users/subas/eclipse-workspace-new/Z_DS-Algo_BDDcopy/src/test/resources/Features/EDataStructurePage.feature:14)
</pre></div></td>
<td>19</td>
<td>dsAlgo_TestRunner.TestRunner@344f4dea</td></tr>
<tr>
<td title='dsAlgo_TestRunner.TestRunner.runScenario()'><b>runScenario</b><br>Test class: dsAlgo_TestRunner.TestRunner<br>Test method: Runs Cucumber Scenarios<br>Parameters: "The user is able run code in tryEditor", "Optional[Test Array page]"</td>
<td><div><pre>org.openqa.selenium.ElementNotInteractableException: element not interactable
  (Session info: chrome=114.0.5735.199)
Build info: version: &apos;4.9.1&apos;, revision: &apos;eb2032df7f&apos;
System info: os.name: &apos;Windows 11&apos;, os.arch: &apos;amd64&apos;, os.version: &apos;10.0&apos;, java.version: &apos;17.0.7&apos;
Driver info: org.openqa.selenium.chrome.ChromeDriver
Command: [69ef78cd3f3f38070a3dc937fdd90ad8, sendKeysToElement {id=CE006DDDAC5B995AAB8752DE741167A6_element_608, value=[Ljava.lang.CharSequence;@2841cc3a}]
Capabilities {acceptInsecureCerts: false, browserName: chrome, browserVersion: 114.0.5735.199, chrome: {chromedriverVersion: 114.0.5735.90 (386bc09e8f4f..., userDataDir: C:\Users\subas\AppData\Loca...}, goog:chromeOptions: {debuggerAddress: localhost:52471}, networkConnectionEnabled: false, pageLoadStrategy: normal, platformName: windows, proxy: Proxy(), se:cdp: ws://localhost:52471/devtoo..., se:cdpVersion: 114.0.5735.199, setWindowRect: true, strictFileInteractability: false, timeouts: {implicit: 0, pageLoad: 300000, script: 30000}, unhandledPromptBehavior: dismiss and notify, webauthn:extension:credBlob: true, webauthn:extension:largeBlob: true, webauthn:extension:minPinLength: true, webauthn:extension:prf: true, webauthn:virtualAuthenticators: true}
Element: [[ChromeDriver: chrome on windows (69ef78cd3f3f38070a3dc937fdd90ad8)] -&gt; xpath: //*[@id=&apos;answer_form&apos;]/div/div/div[1]/textarea]
Session ID: 69ef78cd3f3f38070a3dc937fdd90ad8
	at org.openqa.selenium.remote.codec.w3c.W3CHttpResponseCodec.createException(W3CHttpResponseCodec.java:200)
	at org.openqa.selenium.remote.codec.w3c.W3CHttpResponseCodec.decode(W3CHttpResponseCodec.java:133)
	at org.openqa.selenium.remote.codec.w3c.W3CHttpResponseCodec.decode(W3CHttpResponseCodec.java:53)
	at org.openqa.selenium.remote.HttpCommandExecutor.execute(HttpCommandExecutor.java:193)
	at org.openqa.selenium.remote.service.DriverCommandExecutor.invokeExecute(DriverCommandExecutor.java:183)
	at org.openqa.selenium.remote.service.DriverCommandExecutor.execute(DriverCommandExecutor.java:158)
	at org.openqa.selenium.remote.RemoteWebDriver.execute(RemoteWebDriver.java:543)
	at org.openqa.selenium.remote.RemoteWebElement.execute(RemoteWebElement.java:257)
	at org.openqa.selenium.remote.RemoteWebElement.sendKeys(RemoteWebElement.java:113)
	at org.openqa.selenium.support.pagefactory.internal.LocatingElementHandler.invoke(LocatingElementHandler.java:52)
	at jdk.proxy2/jdk.proxy2.$Proxy46.sendKeys(Unknown Source)
	at dsAlgo_Utilities.PageUtils.entercode(PageUtils.java:45)
	at dsAlgo_PageObject.FArrayPage.enter_code(FArrayPage.java:59)
	at dsAlgo_StepDefinition.FArrayPage_SD.the_user_enter_valid_python_code_in_try_editor_from_sheet_and(FArrayPage_SD.java:65)
	at ✽.The user enter valid python code in tryEditor from sheet &quot;array&quot; and 0(file:///C:/Users/subas/eclipse-workspace-new/Z_DS-Algo_BDDcopy/src/test/resources/Features/FArrayPage.feature:30)
... Removed 8 stack frames</pre></div><a href='#' onClick='toggleBox("stack-trace1516189627", this, "Click to show all stack frames", "Click to hide stack frames")'>Click to show all stack frames</a>
<div class='stack-trace' id='stack-trace1516189627'><pre>org.openqa.selenium.ElementNotInteractableException: element not interactable
  (Session info: chrome=114.0.5735.199)
Build info: version: &apos;4.9.1&apos;, revision: &apos;eb2032df7f&apos;
System info: os.name: &apos;Windows 11&apos;, os.arch: &apos;amd64&apos;, os.version: &apos;10.0&apos;, java.version: &apos;17.0.7&apos;
Driver info: org.openqa.selenium.chrome.ChromeDriver
Command: [69ef78cd3f3f38070a3dc937fdd90ad8, sendKeysToElement {id=CE006DDDAC5B995AAB8752DE741167A6_element_608, value=[Ljava.lang.CharSequence;@2841cc3a}]
Capabilities {acceptInsecureCerts: false, browserName: chrome, browserVersion: 114.0.5735.199, chrome: {chromedriverVersion: 114.0.5735.90 (386bc09e8f4f..., userDataDir: C:\Users\subas\AppData\Loca...}, goog:chromeOptions: {debuggerAddress: localhost:52471}, networkConnectionEnabled: false, pageLoadStrategy: normal, platformName: windows, proxy: Proxy(), se:cdp: ws://localhost:52471/devtoo..., se:cdpVersion: 114.0.5735.199, setWindowRect: true, strictFileInteractability: false, timeouts: {implicit: 0, pageLoad: 300000, script: 30000}, unhandledPromptBehavior: dismiss and notify, webauthn:extension:credBlob: true, webauthn:extension:largeBlob: true, webauthn:extension:minPinLength: true, webauthn:extension:prf: true, webauthn:virtualAuthenticators: true}
Element: [[ChromeDriver: chrome on windows (69ef78cd3f3f38070a3dc937fdd90ad8)] -&gt; xpath: //*[@id=&apos;answer_form&apos;]/div/div/div[1]/textarea]
Session ID: 69ef78cd3f3f38070a3dc937fdd90ad8
	at java.base/jdk.internal.reflect.NativeConstructorAccessorImpl.newInstance0(Native Method)
	at java.base/jdk.internal.reflect.NativeConstructorAccessorImpl.newInstance(NativeConstructorAccessorImpl.java:77)
	at java.base/jdk.internal.reflect.DelegatingConstructorAccessorImpl.newInstance(DelegatingConstructorAccessorImpl.java:45)
	at java.base/java.lang.reflect.Constructor.newInstanceWithCaller(Constructor.java:499)
	at java.base/java.lang.reflect.Constructor.newInstance(Constructor.java:480)
	at org.openqa.selenium.remote.codec.w3c.W3CHttpResponseCodec.createException(W3CHttpResponseCodec.java:200)
	at org.openqa.selenium.remote.codec.w3c.W3CHttpResponseCodec.decode(W3CHttpResponseCodec.java:133)
	at org.openqa.selenium.remote.codec.w3c.W3CHttpResponseCodec.decode(W3CHttpResponseCodec.java:53)
	at org.openqa.selenium.remote.HttpCommandExecutor.execute(HttpCommandExecutor.java:193)
	at org.openqa.selenium.remote.service.DriverCommandExecutor.invokeExecute(DriverCommandExecutor.java:183)
	at org.openqa.selenium.remote.service.DriverCommandExecutor.execute(DriverCommandExecutor.java:158)
	at org.openqa.selenium.remote.RemoteWebDriver.execute(RemoteWebDriver.java:543)
	at org.openqa.selenium.remote.RemoteWebElement.execute(RemoteWebElement.java:257)
	at org.openqa.selenium.remote.RemoteWebElement.sendKeys(RemoteWebElement.java:113)
	at jdk.internal.reflect.GeneratedMethodAccessor213.invoke(Unknown Source)
	at java.base/jdk.internal.reflect.DelegatingMethodAccessorImpl.invoke(DelegatingMethodAccessorImpl.java:43)
	at java.base/java.lang.reflect.Method.invoke(Method.java:568)
	at org.openqa.selenium.support.pagefactory.internal.LocatingElementHandler.invoke(LocatingElementHandler.java:52)
	at jdk.proxy2/jdk.proxy2.$Proxy46.sendKeys(Unknown Source)
	at dsAlgo_Utilities.PageUtils.entercode(PageUtils.java:45)
	at dsAlgo_PageObject.FArrayPage.enter_code(FArrayPage.java:59)
	at dsAlgo_StepDefinition.FArrayPage_SD.the_user_enter_valid_python_code_in_try_editor_from_sheet_and(FArrayPage_SD.java:65)
	at ✽.The user enter valid python code in tryEditor from sheet &quot;array&quot; and 0(file:///C:/Users/subas/eclipse-workspace-new/Z_DS-Algo_BDDcopy/src/test/resources/Features/FArrayPage.feature:30)
</pre></div></td>
<td>15</td>
<td>dsAlgo_TestRunner.TestRunner@344f4dea</td></tr>
<tr>
<td title='dsAlgo_TestRunner.TestRunner.runScenario()'><b>runScenario</b><br>Test class: dsAlgo_TestRunner.TestRunner<br>Test method: Runs Cucumber Scenarios<br>Parameters: "The user is able run code in tryEditor", "Optional[Test Array page]"</td>
<td><div><pre>org.openqa.selenium.ElementNotInteractableException: element not interactable
  (Session info: chrome=114.0.5735.199)
Build info: version: &apos;4.9.1&apos;, revision: &apos;eb2032df7f&apos;
System info: os.name: &apos;Windows 11&apos;, os.arch: &apos;amd64&apos;, os.version: &apos;10.0&apos;, java.version: &apos;17.0.7&apos;
Driver info: org.openqa.selenium.chrome.ChromeDriver
Command: [69ef78cd3f3f38070a3dc937fdd90ad8, sendKeysToElement {id=0BEE459197235AF4C8FE6ABD5AEA7B55_element_589, value=[Ljava.lang.CharSequence;@310f40e3}]
Capabilities {acceptInsecureCerts: false, browserName: chrome, browserVersion: 114.0.5735.199, chrome: {chromedriverVersion: 114.0.5735.90 (386bc09e8f4f..., userDataDir: C:\Users\subas\AppData\Loca...}, goog:chromeOptions: {debuggerAddress: localhost:52471}, networkConnectionEnabled: false, pageLoadStrategy: normal, platformName: windows, proxy: Proxy(), se:cdp: ws://localhost:52471/devtoo..., se:cdpVersion: 114.0.5735.199, setWindowRect: true, strictFileInteractability: false, timeouts: {implicit: 0, pageLoad: 300000, script: 30000}, unhandledPromptBehavior: dismiss and notify, webauthn:extension:credBlob: true, webauthn:extension:largeBlob: true, webauthn:extension:minPinLength: true, webauthn:extension:prf: true, webauthn:virtualAuthenticators: true}
Element: [[ChromeDriver: chrome on windows (69ef78cd3f3f38070a3dc937fdd90ad8)] -&gt; xpath: //*[@id=&apos;answer_form&apos;]/div/div/div[1]/textarea]
Session ID: 69ef78cd3f3f38070a3dc937fdd90ad8
	at org.openqa.selenium.remote.codec.w3c.W3CHttpResponseCodec.createException(W3CHttpResponseCodec.java:200)
	at org.openqa.selenium.remote.codec.w3c.W3CHttpResponseCodec.decode(W3CHttpResponseCodec.java:133)
	at org.openqa.selenium.remote.codec.w3c.W3CHttpResponseCodec.decode(W3CHttpResponseCodec.java:53)
	at org.openqa.selenium.remote.HttpCommandExecutor.execute(HttpCommandExecutor.java:193)
	at org.openqa.selenium.remote.service.DriverCommandExecutor.invokeExecute(DriverCommandExecutor.java:183)
	at org.openqa.selenium.remote.service.DriverCommandExecutor.execute(DriverCommandExecutor.java:158)
	at org.openqa.selenium.remote.RemoteWebDriver.execute(RemoteWebDriver.java:543)
	at org.openqa.selenium.remote.RemoteWebElement.execute(RemoteWebElement.java:257)
	at org.openqa.selenium.remote.RemoteWebElement.sendKeys(RemoteWebElement.java:113)
	at org.openqa.selenium.support.pagefactory.internal.LocatingElementHandler.invoke(LocatingElementHandler.java:52)
	at jdk.proxy2/jdk.proxy2.$Proxy46.sendKeys(Unknown Source)
	at dsAlgo_Utilities.PageUtils.entercode(PageUtils.java:45)
	at dsAlgo_PageObject.FArrayPage.enter_code(FArrayPage.java:59)
	at dsAlgo_StepDefinition.FArrayPage_SD.the_user_enter_valid_python_code_in_try_editor_from_sheet_and(FArrayPage_SD.java:65)
	at ✽.The user enter valid python code in tryEditor from sheet &quot;array&quot; and 0(file:///C:/Users/subas/eclipse-workspace-new/Z_DS-Algo_BDDcopy/src/test/resources/Features/FArrayPage.feature:30)
... Removed 8 stack frames</pre></div><a href='#' onClick='toggleBox("stack-trace1002143902", this, "Click to show all stack frames", "Click to hide stack frames")'>Click to show all stack frames</a>
<div class='stack-trace' id='stack-trace1002143902'><pre>org.openqa.selenium.ElementNotInteractableException: element not interactable
  (Session info: chrome=114.0.5735.199)
Build info: version: &apos;4.9.1&apos;, revision: &apos;eb2032df7f&apos;
System info: os.name: &apos;Windows 11&apos;, os.arch: &apos;amd64&apos;, os.version: &apos;10.0&apos;, java.version: &apos;17.0.7&apos;
Driver info: org.openqa.selenium.chrome.ChromeDriver
Command: [69ef78cd3f3f38070a3dc937fdd90ad8, sendKeysToElement {id=0BEE459197235AF4C8FE6ABD5AEA7B55_element_589, value=[Ljava.lang.CharSequence;@310f40e3}]
Capabilities {acceptInsecureCerts: false, browserName: chrome, browserVersion: 114.0.5735.199, chrome: {chromedriverVersion: 114.0.5735.90 (386bc09e8f4f..., userDataDir: C:\Users\subas\AppData\Loca...}, goog:chromeOptions: {debuggerAddress: localhost:52471}, networkConnectionEnabled: false, pageLoadStrategy: normal, platformName: windows, proxy: Proxy(), se:cdp: ws://localhost:52471/devtoo..., se:cdpVersion: 114.0.5735.199, setWindowRect: true, strictFileInteractability: false, timeouts: {implicit: 0, pageLoad: 300000, script: 30000}, unhandledPromptBehavior: dismiss and notify, webauthn:extension:credBlob: true, webauthn:extension:largeBlob: true, webauthn:extension:minPinLength: true, webauthn:extension:prf: true, webauthn:virtualAuthenticators: true}
Element: [[ChromeDriver: chrome on windows (69ef78cd3f3f38070a3dc937fdd90ad8)] -&gt; xpath: //*[@id=&apos;answer_form&apos;]/div/div/div[1]/textarea]
Session ID: 69ef78cd3f3f38070a3dc937fdd90ad8
	at java.base/jdk.internal.reflect.NativeConstructorAccessorImpl.newInstance0(Native Method)
	at java.base/jdk.internal.reflect.NativeConstructorAccessorImpl.newInstance(NativeConstructorAccessorImpl.java:77)
	at java.base/jdk.internal.reflect.DelegatingConstructorAccessorImpl.newInstance(DelegatingConstructorAccessorImpl.java:45)
	at java.base/java.lang.reflect.Constructor.newInstanceWithCaller(Constructor.java:499)
	at java.base/java.lang.reflect.Constructor.newInstance(Constructor.java:480)
	at org.openqa.selenium.remote.codec.w3c.W3CHttpResponseCodec.createException(W3CHttpResponseCodec.java:200)
	at org.openqa.selenium.remote.codec.w3c.W3CHttpResponseCodec.decode(W3CHttpResponseCodec.java:133)
	at org.openqa.selenium.remote.codec.w3c.W3CHttpResponseCodec.decode(W3CHttpResponseCodec.java:53)
	at org.openqa.selenium.remote.HttpCommandExecutor.execute(HttpCommandExecutor.java:193)
	at org.openqa.selenium.remote.service.DriverCommandExecutor.invokeExecute(DriverCommandExecutor.java:183)
	at org.openqa.selenium.remote.service.DriverCommandExecutor.execute(DriverCommandExecutor.java:158)
	at org.openqa.selenium.remote.RemoteWebDriver.execute(RemoteWebDriver.java:543)
	at org.openqa.selenium.remote.RemoteWebElement.execute(RemoteWebElement.java:257)
	at org.openqa.selenium.remote.RemoteWebElement.sendKeys(RemoteWebElement.java:113)
	at jdk.internal.reflect.GeneratedMethodAccessor213.invoke(Unknown Source)
	at java.base/jdk.internal.reflect.DelegatingMethodAccessorImpl.invoke(DelegatingMethodAccessorImpl.java:43)
	at java.base/java.lang.reflect.Method.invoke(Method.java:568)
	at org.openqa.selenium.support.pagefactory.internal.LocatingElementHandler.invoke(LocatingElementHandler.java:52)
	at jdk.proxy2/jdk.proxy2.$Proxy46.sendKeys(Unknown Source)
	at dsAlgo_Utilities.PageUtils.entercode(PageUtils.java:45)
	at dsAlgo_PageObject.FArrayPage.enter_code(FArrayPage.java:59)
	at dsAlgo_StepDefinition.FArrayPage_SD.the_user_enter_valid_python_code_in_try_editor_from_sheet_and(FArrayPage_SD.java:65)
	at ✽.The user enter valid python code in tryEditor from sheet &quot;array&quot; and 0(file:///C:/Users/subas/eclipse-workspace-new/Z_DS-Algo_BDDcopy/src/test/resources/Features/FArrayPage.feature:30)
</pre></div></td>
<td>15</td>
<td>dsAlgo_TestRunner.TestRunner@344f4dea</td></tr>
<tr>
<td title='dsAlgo_TestRunner.TestRunner.runScenario()'><b>runScenario</b><br>Test class: dsAlgo_TestRunner.TestRunner<br>Test method: Runs Cucumber Scenarios<br>Parameters: "The user is able run code in tryEditor", "Optional[Test Array page]"</td>
<td><div><pre>org.openqa.selenium.ElementNotInteractableException: element not interactable
  (Session info: chrome=114.0.5735.199)
Build info: version: &apos;4.9.1&apos;, revision: &apos;eb2032df7f&apos;
System info: os.name: &apos;Windows 11&apos;, os.arch: &apos;amd64&apos;, os.version: &apos;10.0&apos;, java.version: &apos;17.0.7&apos;
Driver info: org.openqa.selenium.chrome.ChromeDriver
Command: [69ef78cd3f3f38070a3dc937fdd90ad8, sendKeysToElement {id=37697DC16773B52573327D53BCE8A202_element_686, value=[Ljava.lang.CharSequence;@5ec0706b}]
Capabilities {acceptInsecureCerts: false, browserName: chrome, browserVersion: 114.0.5735.199, chrome: {chromedriverVersion: 114.0.5735.90 (386bc09e8f4f..., userDataDir: C:\Users\subas\AppData\Loca...}, goog:chromeOptions: {debuggerAddress: localhost:52471}, networkConnectionEnabled: false, pageLoadStrategy: normal, platformName: windows, proxy: Proxy(), se:cdp: ws://localhost:52471/devtoo..., se:cdpVersion: 114.0.5735.199, setWindowRect: true, strictFileInteractability: false, timeouts: {implicit: 0, pageLoad: 300000, script: 30000}, unhandledPromptBehavior: dismiss and notify, webauthn:extension:credBlob: true, webauthn:extension:largeBlob: true, webauthn:extension:minPinLength: true, webauthn:extension:prf: true, webauthn:virtualAuthenticators: true}
Element: [[ChromeDriver: chrome on windows (69ef78cd3f3f38070a3dc937fdd90ad8)] -&gt; xpath: //*[@id=&apos;answer_form&apos;]/div/div/div[1]/textarea]
Session ID: 69ef78cd3f3f38070a3dc937fdd90ad8
	at org.openqa.selenium.remote.codec.w3c.W3CHttpResponseCodec.createException(W3CHttpResponseCodec.java:200)
	at org.openqa.selenium.remote.codec.w3c.W3CHttpResponseCodec.decode(W3CHttpResponseCodec.java:133)
	at org.openqa.selenium.remote.codec.w3c.W3CHttpResponseCodec.decode(W3CHttpResponseCodec.java:53)
	at org.openqa.selenium.remote.HttpCommandExecutor.execute(HttpCommandExecutor.java:193)
	at org.openqa.selenium.remote.service.DriverCommandExecutor.invokeExecute(DriverCommandExecutor.java:183)
	at org.openqa.selenium.remote.service.DriverCommandExecutor.execute(DriverCommandExecutor.java:158)
	at org.openqa.selenium.remote.RemoteWebDriver.execute(RemoteWebDriver.java:543)
	at org.openqa.selenium.remote.RemoteWebElement.execute(RemoteWebElement.java:257)
	at org.openqa.selenium.remote.RemoteWebElement.sendKeys(RemoteWebElement.java:113)
	at org.openqa.selenium.support.pagefactory.internal.LocatingElementHandler.invoke(LocatingElementHandler.java:52)
	at jdk.proxy2/jdk.proxy2.$Proxy46.sendKeys(Unknown Source)
	at dsAlgo_Utilities.PageUtils.entercode(PageUtils.java:45)
	at dsAlgo_PageObject.FArrayPage.enter_code(FArrayPage.java:59)
	at dsAlgo_StepDefinition.FArrayPage_SD.the_user_enter_python_code_with_invalid_syntax_in_try_editor_from_sheet_and(FArrayPage_SD.java:85)
	at ✽.The user enter python code with invalid syntax in tryEditor from sheet &quot;array&quot; and 1(file:///C:/Users/subas/eclipse-workspace-new/Z_DS-Algo_BDDcopy/src/test/resources/Features/FArrayPage.feature:42)
... Removed 8 stack frames</pre></div><a href='#' onClick='toggleBox("stack-trace259343888", this, "Click to show all stack frames", "Click to hide stack frames")'>Click to show all stack frames</a>
<div class='stack-trace' id='stack-trace259343888'><pre>org.openqa.selenium.ElementNotInteractableException: element not interactable
  (Session info: chrome=114.0.5735.199)
Build info: version: &apos;4.9.1&apos;, revision: &apos;eb2032df7f&apos;
System info: os.name: &apos;Windows 11&apos;, os.arch: &apos;amd64&apos;, os.version: &apos;10.0&apos;, java.version: &apos;17.0.7&apos;
Driver info: org.openqa.selenium.chrome.ChromeDriver
Command: [69ef78cd3f3f38070a3dc937fdd90ad8, sendKeysToElement {id=37697DC16773B52573327D53BCE8A202_element_686, value=[Ljava.lang.CharSequence;@5ec0706b}]
Capabilities {acceptInsecureCerts: false, browserName: chrome, browserVersion: 114.0.5735.199, chrome: {chromedriverVersion: 114.0.5735.90 (386bc09e8f4f..., userDataDir: C:\Users\subas\AppData\Loca...}, goog:chromeOptions: {debuggerAddress: localhost:52471}, networkConnectionEnabled: false, pageLoadStrategy: normal, platformName: windows, proxy: Proxy(), se:cdp: ws://localhost:52471/devtoo..., se:cdpVersion: 114.0.5735.199, setWindowRect: true, strictFileInteractability: false, timeouts: {implicit: 0, pageLoad: 300000, script: 30000}, unhandledPromptBehavior: dismiss and notify, webauthn:extension:credBlob: true, webauthn:extension:largeBlob: true, webauthn:extension:minPinLength: true, webauthn:extension:prf: true, webauthn:virtualAuthenticators: true}
Element: [[ChromeDriver: chrome on windows (69ef78cd3f3f38070a3dc937fdd90ad8)] -&gt; xpath: //*[@id=&apos;answer_form&apos;]/div/div/div[1]/textarea]
Session ID: 69ef78cd3f3f38070a3dc937fdd90ad8
	at java.base/jdk.internal.reflect.NativeConstructorAccessorImpl.newInstance0(Native Method)
	at java.base/jdk.internal.reflect.NativeConstructorAccessorImpl.newInstance(NativeConstructorAccessorImpl.java:77)
	at java.base/jdk.internal.reflect.DelegatingConstructorAccessorImpl.newInstance(DelegatingConstructorAccessorImpl.java:45)
	at java.base/java.lang.reflect.Constructor.newInstanceWithCaller(Constructor.java:499)
	at java.base/java.lang.reflect.Constructor.newInstance(Constructor.java:480)
	at org.openqa.selenium.remote.codec.w3c.W3CHttpResponseCodec.createException(W3CHttpResponseCodec.java:200)
	at org.openqa.selenium.remote.codec.w3c.W3CHttpResponseCodec.decode(W3CHttpResponseCodec.java:133)
	at org.openqa.selenium.remote.codec.w3c.W3CHttpResponseCodec.decode(W3CHttpResponseCodec.java:53)
	at org.openqa.selenium.remote.HttpCommandExecutor.execute(HttpCommandExecutor.java:193)
	at org.openqa.selenium.remote.service.DriverCommandExecutor.invokeExecute(DriverCommandExecutor.java:183)
	at org.openqa.selenium.remote.service.DriverCommandExecutor.execute(DriverCommandExecutor.java:158)
	at org.openqa.selenium.remote.RemoteWebDriver.execute(RemoteWebDriver.java:543)
	at org.openqa.selenium.remote.RemoteWebElement.execute(RemoteWebElement.java:257)
	at org.openqa.selenium.remote.RemoteWebElement.sendKeys(RemoteWebElement.java:113)
	at jdk.internal.reflect.GeneratedMethodAccessor213.invoke(Unknown Source)
	at java.base/jdk.internal.reflect.DelegatingMethodAccessorImpl.invoke(DelegatingMethodAccessorImpl.java:43)
	at java.base/java.lang.reflect.Method.invoke(Method.java:568)
	at org.openqa.selenium.support.pagefactory.internal.LocatingElementHandler.invoke(LocatingElementHandler.java:52)
	at jdk.proxy2/jdk.proxy2.$Proxy46.sendKeys(Unknown Source)
	at dsAlgo_Utilities.PageUtils.entercode(PageUtils.java:45)
	at dsAlgo_PageObject.FArrayPage.enter_code(FArrayPage.java:59)
	at dsAlgo_StepDefinition.FArrayPage_SD.the_user_enter_python_code_with_invalid_syntax_in_try_editor_from_sheet_and(FArrayPage_SD.java:85)
	at ✽.The user enter python code with invalid syntax in tryEditor from sheet &quot;array&quot; and 1(file:///C:/Users/subas/eclipse-workspace-new/Z_DS-Algo_BDDcopy/src/test/resources/Features/FArrayPage.feature:42)
</pre></div></td>
<td>15</td>
<td>dsAlgo_TestRunner.TestRunner@344f4dea</td></tr>
<tr>
<td title='dsAlgo_TestRunner.TestRunner.runScenario()'><b>runScenario</b><br>Test class: dsAlgo_TestRunner.TestRunner<br>Test method: Runs Cucumber Scenarios<br>Parameters: "The user is able tree run code in tryEditor", "Optional[Test Tree Page]"</td>
<td><div><pre>org.openqa.selenium.ElementNotInteractableException: element not interactable
  (Session info: chrome=114.0.5735.199)
Build info: version: &apos;4.9.1&apos;, revision: &apos;eb2032df7f&apos;
System info: os.name: &apos;Windows 11&apos;, os.arch: &apos;amd64&apos;, os.version: &apos;10.0&apos;, java.version: &apos;17.0.7&apos;
Driver info: org.openqa.selenium.chrome.ChromeDriver
Command: [69ef78cd3f3f38070a3dc937fdd90ad8, sendKeysToElement {id=EF74467B6E96BAA20F5E07691B74F0C1_element_2704, value=[Ljava.lang.CharSequence;@183de5d0}]
Capabilities {acceptInsecureCerts: false, browserName: chrome, browserVersion: 114.0.5735.199, chrome: {chromedriverVersion: 114.0.5735.90 (386bc09e8f4f..., userDataDir: C:\Users\subas\AppData\Loca...}, goog:chromeOptions: {debuggerAddress: localhost:52471}, networkConnectionEnabled: false, pageLoadStrategy: normal, platformName: windows, proxy: Proxy(), se:cdp: ws://localhost:52471/devtoo..., se:cdpVersion: 114.0.5735.199, setWindowRect: true, strictFileInteractability: false, timeouts: {implicit: 0, pageLoad: 300000, script: 30000}, unhandledPromptBehavior: dismiss and notify, webauthn:extension:credBlob: true, webauthn:extension:largeBlob: true, webauthn:extension:minPinLength: true, webauthn:extension:prf: true, webauthn:virtualAuthenticators: true}
Element: [[ChromeDriver: chrome on windows (69ef78cd3f3f38070a3dc937fdd90ad8)] -&gt; xpath: //*[@id=&apos;answer_form&apos;]/div/div/div[1]/textarea]
Session ID: 69ef78cd3f3f38070a3dc937fdd90ad8
	at org.openqa.selenium.remote.codec.w3c.W3CHttpResponseCodec.createException(W3CHttpResponseCodec.java:200)
	at org.openqa.selenium.remote.codec.w3c.W3CHttpResponseCodec.decode(W3CHttpResponseCodec.java:133)
	at org.openqa.selenium.remote.codec.w3c.W3CHttpResponseCodec.decode(W3CHttpResponseCodec.java:53)
	at org.openqa.selenium.remote.HttpCommandExecutor.execute(HttpCommandExecutor.java:193)
	at org.openqa.selenium.remote.service.DriverCommandExecutor.invokeExecute(DriverCommandExecutor.java:183)
	at org.openqa.selenium.remote.service.DriverCommandExecutor.execute(DriverCommandExecutor.java:158)
	at org.openqa.selenium.remote.RemoteWebDriver.execute(RemoteWebDriver.java:543)
	at org.openqa.selenium.remote.RemoteWebElement.execute(RemoteWebElement.java:257)
	at org.openqa.selenium.remote.RemoteWebElement.sendKeys(RemoteWebElement.java:113)
	at org.openqa.selenium.support.pagefactory.internal.LocatingElementHandler.invoke(LocatingElementHandler.java:52)
	at jdk.proxy2/jdk.proxy2.$Proxy46.sendKeys(Unknown Source)
	at dsAlgo_Utilities.PageUtils.entercode(PageUtils.java:45)
	at dsAlgo_PageObject.JTreePage.enter_code(JTreePage.java:56)
	at dsAlgo_StepDefinition.JTreePage_SD.the_user_enter_valid_python_code_in_stack_try_editor_from_sheet_and(JTreePage_SD.java:61)
	at ✽.The user enter valid python code in tree tryEditor from sheet &quot;array&quot; and 0(file:///C:/Users/subas/eclipse-workspace-new/Z_DS-Algo_BDDcopy/src/test/resources/Features/JTreePage.feature:49)
... Removed 8 stack frames</pre></div><a href='#' onClick='toggleBox("stack-trace86785833", this, "Click to show all stack frames", "Click to hide stack frames")'>Click to show all stack frames</a>
<div class='stack-trace' id='stack-trace86785833'><pre>org.openqa.selenium.ElementNotInteractableException: element not interactable
  (Session info: chrome=114.0.5735.199)
Build info: version: &apos;4.9.1&apos;, revision: &apos;eb2032df7f&apos;
System info: os.name: &apos;Windows 11&apos;, os.arch: &apos;amd64&apos;, os.version: &apos;10.0&apos;, java.version: &apos;17.0.7&apos;
Driver info: org.openqa.selenium.chrome.ChromeDriver
Command: [69ef78cd3f3f38070a3dc937fdd90ad8, sendKeysToElement {id=EF74467B6E96BAA20F5E07691B74F0C1_element_2704, value=[Ljava.lang.CharSequence;@183de5d0}]
Capabilities {acceptInsecureCerts: false, browserName: chrome, browserVersion: 114.0.5735.199, chrome: {chromedriverVersion: 114.0.5735.90 (386bc09e8f4f..., userDataDir: C:\Users\subas\AppData\Loca...}, goog:chromeOptions: {debuggerAddress: localhost:52471}, networkConnectionEnabled: false, pageLoadStrategy: normal, platformName: windows, proxy: Proxy(), se:cdp: ws://localhost:52471/devtoo..., se:cdpVersion: 114.0.5735.199, setWindowRect: true, strictFileInteractability: false, timeouts: {implicit: 0, pageLoad: 300000, script: 30000}, unhandledPromptBehavior: dismiss and notify, webauthn:extension:credBlob: true, webauthn:extension:largeBlob: true, webauthn:extension:minPinLength: true, webauthn:extension:prf: true, webauthn:virtualAuthenticators: true}
Element: [[ChromeDriver: chrome on windows (69ef78cd3f3f38070a3dc937fdd90ad8)] -&gt; xpath: //*[@id=&apos;answer_form&apos;]/div/div/div[1]/textarea]
Session ID: 69ef78cd3f3f38070a3dc937fdd90ad8
	at java.base/jdk.internal.reflect.NativeConstructorAccessorImpl.newInstance0(Native Method)
	at java.base/jdk.internal.reflect.NativeConstructorAccessorImpl.newInstance(NativeConstructorAccessorImpl.java:77)
	at java.base/jdk.internal.reflect.DelegatingConstructorAccessorImpl.newInstance(DelegatingConstructorAccessorImpl.java:45)
	at java.base/java.lang.reflect.Constructor.newInstanceWithCaller(Constructor.java:499)
	at java.base/java.lang.reflect.Constructor.newInstance(Constructor.java:480)
	at org.openqa.selenium.remote.codec.w3c.W3CHttpResponseCodec.createException(W3CHttpResponseCodec.java:200)
	at org.openqa.selenium.remote.codec.w3c.W3CHttpResponseCodec.decode(W3CHttpResponseCodec.java:133)
	at org.openqa.selenium.remote.codec.w3c.W3CHttpResponseCodec.decode(W3CHttpResponseCodec.java:53)
	at org.openqa.selenium.remote.HttpCommandExecutor.execute(HttpCommandExecutor.java:193)
	at org.openqa.selenium.remote.service.DriverCommandExecutor.invokeExecute(DriverCommandExecutor.java:183)
	at org.openqa.selenium.remote.service.DriverCommandExecutor.execute(DriverCommandExecutor.java:158)
	at org.openqa.selenium.remote.RemoteWebDriver.execute(RemoteWebDriver.java:543)
	at org.openqa.selenium.remote.RemoteWebElement.execute(RemoteWebElement.java:257)
	at org.openqa.selenium.remote.RemoteWebElement.sendKeys(RemoteWebElement.java:113)
	at jdk.internal.reflect.GeneratedMethodAccessor213.invoke(Unknown Source)
	at java.base/jdk.internal.reflect.DelegatingMethodAccessorImpl.invoke(DelegatingMethodAccessorImpl.java:43)
	at java.base/java.lang.reflect.Method.invoke(Method.java:568)
	at org.openqa.selenium.support.pagefactory.internal.LocatingElementHandler.invoke(LocatingElementHandler.java:52)
	at jdk.proxy2/jdk.proxy2.$Proxy46.sendKeys(Unknown Source)
	at dsAlgo_Utilities.PageUtils.entercode(PageUtils.java:45)
	at dsAlgo_PageObject.JTreePage.enter_code(JTreePage.java:56)
	at dsAlgo_StepDefinition.JTreePage_SD.the_user_enter_valid_python_code_in_stack_try_editor_from_sheet_and(JTreePage_SD.java:61)
	at ✽.The user enter valid python code in tree tryEditor from sheet &quot;array&quot; and 0(file:///C:/Users/subas/eclipse-workspace-new/Z_DS-Algo_BDDcopy/src/test/resources/Features/JTreePage.feature:49)
</pre></div></td>
<td>14</td>
<td>dsAlgo_TestRunner.TestRunner@344f4dea</td></tr>
<tr>
<td title='dsAlgo_TestRunner.TestRunner.runScenario()'><b>runScenario</b><br>Test class: dsAlgo_TestRunner.TestRunner<br>Test method: Runs Cucumber Scenarios<br>Parameters: "The user is able tree run code in tryEditor", "Optional[Test Tree Page]"</td>
<td><div><pre>org.openqa.selenium.ElementNotInteractableException: element not interactable
  (Session info: chrome=114.0.5735.199)
Build info: version: &apos;4.9.1&apos;, revision: &apos;eb2032df7f&apos;
System info: os.name: &apos;Windows 11&apos;, os.arch: &apos;amd64&apos;, os.version: &apos;10.0&apos;, java.version: &apos;17.0.7&apos;
Driver info: org.openqa.selenium.chrome.ChromeDriver
Command: [69ef78cd3f3f38070a3dc937fdd90ad8, sendKeysToElement {id=88CABCF0360457E504FA2837D29CD615_element_2826, value=[Ljava.lang.CharSequence;@3e8a8053}]
Capabilities {acceptInsecureCerts: false, browserName: chrome, browserVersion: 114.0.5735.199, chrome: {chromedriverVersion: 114.0.5735.90 (386bc09e8f4f..., userDataDir: C:\Users\subas\AppData\Loca...}, goog:chromeOptions: {debuggerAddress: localhost:52471}, networkConnectionEnabled: false, pageLoadStrategy: normal, platformName: windows, proxy: Proxy(), se:cdp: ws://localhost:52471/devtoo..., se:cdpVersion: 114.0.5735.199, setWindowRect: true, strictFileInteractability: false, timeouts: {implicit: 0, pageLoad: 300000, script: 30000}, unhandledPromptBehavior: dismiss and notify, webauthn:extension:credBlob: true, webauthn:extension:largeBlob: true, webauthn:extension:minPinLength: true, webauthn:extension:prf: true, webauthn:virtualAuthenticators: true}
Element: [[ChromeDriver: chrome on windows (69ef78cd3f3f38070a3dc937fdd90ad8)] -&gt; xpath: //*[@id=&apos;answer_form&apos;]/div/div/div[1]/textarea]
Session ID: 69ef78cd3f3f38070a3dc937fdd90ad8
	at org.openqa.selenium.remote.codec.w3c.W3CHttpResponseCodec.createException(W3CHttpResponseCodec.java:200)
	at org.openqa.selenium.remote.codec.w3c.W3CHttpResponseCodec.decode(W3CHttpResponseCodec.java:133)
	at org.openqa.selenium.remote.codec.w3c.W3CHttpResponseCodec.decode(W3CHttpResponseCodec.java:53)
	at org.openqa.selenium.remote.HttpCommandExecutor.execute(HttpCommandExecutor.java:193)
	at org.openqa.selenium.remote.service.DriverCommandExecutor.invokeExecute(DriverCommandExecutor.java:183)
	at org.openqa.selenium.remote.service.DriverCommandExecutor.execute(DriverCommandExecutor.java:158)
	at org.openqa.selenium.remote.RemoteWebDriver.execute(RemoteWebDriver.java:543)
	at org.openqa.selenium.remote.RemoteWebElement.execute(RemoteWebElement.java:257)
	at org.openqa.selenium.remote.RemoteWebElement.sendKeys(RemoteWebElement.java:113)
	at org.openqa.selenium.support.pagefactory.internal.LocatingElementHandler.invoke(LocatingElementHandler.java:52)
	at jdk.proxy2/jdk.proxy2.$Proxy46.sendKeys(Unknown Source)
	at dsAlgo_Utilities.PageUtils.entercode(PageUtils.java:45)
	at dsAlgo_PageObject.JTreePage.enter_code(JTreePage.java:56)
	at dsAlgo_StepDefinition.JTreePage_SD.the_user_enter_valid_python_code_in_stack_try_editor_from_sheet_and(JTreePage_SD.java:61)
	at ✽.The user enter valid python code in tree tryEditor from sheet &quot;array&quot; and 0(file:///C:/Users/subas/eclipse-workspace-new/Z_DS-Algo_BDDcopy/src/test/resources/Features/JTreePage.feature:49)
... Removed 8 stack frames</pre></div><a href='#' onClick='toggleBox("stack-trace498288214", this, "Click to show all stack frames", "Click to hide stack frames")'>Click to show all stack frames</a>
<div class='stack-trace' id='stack-trace498288214'><pre>org.openqa.selenium.ElementNotInteractableException: element not interactable
  (Session info: chrome=114.0.5735.199)
Build info: version: &apos;4.9.1&apos;, revision: &apos;eb2032df7f&apos;
System info: os.name: &apos;Windows 11&apos;, os.arch: &apos;amd64&apos;, os.version: &apos;10.0&apos;, java.version: &apos;17.0.7&apos;
Driver info: org.openqa.selenium.chrome.ChromeDriver
Command: [69ef78cd3f3f38070a3dc937fdd90ad8, sendKeysToElement {id=88CABCF0360457E504FA2837D29CD615_element_2826, value=[Ljava.lang.CharSequence;@3e8a8053}]
Capabilities {acceptInsecureCerts: false, browserName: chrome, browserVersion: 114.0.5735.199, chrome: {chromedriverVersion: 114.0.5735.90 (386bc09e8f4f..., userDataDir: C:\Users\subas\AppData\Loca...}, goog:chromeOptions: {debuggerAddress: localhost:52471}, networkConnectionEnabled: false, pageLoadStrategy: normal, platformName: windows, proxy: Proxy(), se:cdp: ws://localhost:52471/devtoo..., se:cdpVersion: 114.0.5735.199, setWindowRect: true, strictFileInteractability: false, timeouts: {implicit: 0, pageLoad: 300000, script: 30000}, unhandledPromptBehavior: dismiss and notify, webauthn:extension:credBlob: true, webauthn:extension:largeBlob: true, webauthn:extension:minPinLength: true, webauthn:extension:prf: true, webauthn:virtualAuthenticators: true}
Element: [[ChromeDriver: chrome on windows (69ef78cd3f3f38070a3dc937fdd90ad8)] -&gt; xpath: //*[@id=&apos;answer_form&apos;]/div/div/div[1]/textarea]
Session ID: 69ef78cd3f3f38070a3dc937fdd90ad8
	at java.base/jdk.internal.reflect.NativeConstructorAccessorImpl.newInstance0(Native Method)
	at java.base/jdk.internal.reflect.NativeConstructorAccessorImpl.newInstance(NativeConstructorAccessorImpl.java:77)
	at java.base/jdk.internal.reflect.DelegatingConstructorAccessorImpl.newInstance(DelegatingConstructorAccessorImpl.java:45)
	at java.base/java.lang.reflect.Constructor.newInstanceWithCaller(Constructor.java:499)
	at java.base/java.lang.reflect.Constructor.newInstance(Constructor.java:480)
	at org.openqa.selenium.remote.codec.w3c.W3CHttpResponseCodec.createException(W3CHttpResponseCodec.java:200)
	at org.openqa.selenium.remote.codec.w3c.W3CHttpResponseCodec.decode(W3CHttpResponseCodec.java:133)
	at org.openqa.selenium.remote.codec.w3c.W3CHttpResponseCodec.decode(W3CHttpResponseCodec.java:53)
	at org.openqa.selenium.remote.HttpCommandExecutor.execute(HttpCommandExecutor.java:193)
	at org.openqa.selenium.remote.service.DriverCommandExecutor.invokeExecute(DriverCommandExecutor.java:183)
	at org.openqa.selenium.remote.service.DriverCommandExecutor.execute(DriverCommandExecutor.java:158)
	at org.openqa.selenium.remote.RemoteWebDriver.execute(RemoteWebDriver.java:543)
	at org.openqa.selenium.remote.RemoteWebElement.execute(RemoteWebElement.java:257)
	at org.openqa.selenium.remote.RemoteWebElement.sendKeys(RemoteWebElement.java:113)
	at jdk.internal.reflect.GeneratedMethodAccessor213.invoke(Unknown Source)
	at java.base/jdk.internal.reflect.DelegatingMethodAccessorImpl.invoke(DelegatingMethodAccessorImpl.java:43)
	at java.base/java.lang.reflect.Method.invoke(Method.java:568)
	at org.openqa.selenium.support.pagefactory.internal.LocatingElementHandler.invoke(LocatingElementHandler.java:52)
	at jdk.proxy2/jdk.proxy2.$Proxy46.sendKeys(Unknown Source)
	at dsAlgo_Utilities.PageUtils.entercode(PageUtils.java:45)
	at dsAlgo_PageObject.JTreePage.enter_code(JTreePage.java:56)
	at dsAlgo_StepDefinition.JTreePage_SD.the_user_enter_valid_python_code_in_stack_try_editor_from_sheet_and(JTreePage_SD.java:61)
	at ✽.The user enter valid python code in tree tryEditor from sheet &quot;array&quot; and 0(file:///C:/Users/subas/eclipse-workspace-new/Z_DS-Algo_BDDcopy/src/test/resources/Features/JTreePage.feature:49)
</pre></div></td>
<td>13</td>
<td>dsAlgo_TestRunner.TestRunner@344f4dea</td></tr>
<tr>
<td title='dsAlgo_TestRunner.TestRunner.runScenario()'><b>runScenario</b><br>Test class: dsAlgo_TestRunner.TestRunner<br>Test method: Runs Cucumber Scenarios<br>Parameters: "The user is able tree run code in tryEditor", "Optional[Test Tree Page]"</td>
<td><div><pre>org.openqa.selenium.ElementNotInteractableException: element not interactable
  (Session info: chrome=114.0.5735.199)
Build info: version: &apos;4.9.1&apos;, revision: &apos;eb2032df7f&apos;
System info: os.name: &apos;Windows 11&apos;, os.arch: &apos;amd64&apos;, os.version: &apos;10.0&apos;, java.version: &apos;17.0.7&apos;
Driver info: org.openqa.selenium.chrome.ChromeDriver
Command: [69ef78cd3f3f38070a3dc937fdd90ad8, sendKeysToElement {id=7B81F3B85FB78E88466FA14A564CAAB3_element_2872, value=[Ljava.lang.CharSequence;@28b34e77}]
Capabilities {acceptInsecureCerts: false, browserName: chrome, browserVersion: 114.0.5735.199, chrome: {chromedriverVersion: 114.0.5735.90 (386bc09e8f4f..., userDataDir: C:\Users\subas\AppData\Loca...}, goog:chromeOptions: {debuggerAddress: localhost:52471}, networkConnectionEnabled: false, pageLoadStrategy: normal, platformName: windows, proxy: Proxy(), se:cdp: ws://localhost:52471/devtoo..., se:cdpVersion: 114.0.5735.199, setWindowRect: true, strictFileInteractability: false, timeouts: {implicit: 0, pageLoad: 300000, script: 30000}, unhandledPromptBehavior: dismiss and notify, webauthn:extension:credBlob: true, webauthn:extension:largeBlob: true, webauthn:extension:minPinLength: true, webauthn:extension:prf: true, webauthn:virtualAuthenticators: true}
Element: [[ChromeDriver: chrome on windows (69ef78cd3f3f38070a3dc937fdd90ad8)] -&gt; xpath: //*[@id=&apos;answer_form&apos;]/div/div/div[1]/textarea]
Session ID: 69ef78cd3f3f38070a3dc937fdd90ad8
	at org.openqa.selenium.remote.codec.w3c.W3CHttpResponseCodec.createException(W3CHttpResponseCodec.java:200)
	at org.openqa.selenium.remote.codec.w3c.W3CHttpResponseCodec.decode(W3CHttpResponseCodec.java:133)
	at org.openqa.selenium.remote.codec.w3c.W3CHttpResponseCodec.decode(W3CHttpResponseCodec.java:53)
	at org.openqa.selenium.remote.HttpCommandExecutor.execute(HttpCommandExecutor.java:193)
	at org.openqa.selenium.remote.service.DriverCommandExecutor.invokeExecute(DriverCommandExecutor.java:183)
	at org.openqa.selenium.remote.service.DriverCommandExecutor.execute(DriverCommandExecutor.java:158)
	at org.openqa.selenium.remote.RemoteWebDriver.execute(RemoteWebDriver.java:543)
	at org.openqa.selenium.remote.RemoteWebElement.execute(RemoteWebElement.java:257)
	at org.openqa.selenium.remote.RemoteWebElement.sendKeys(RemoteWebElement.java:113)
	at org.openqa.selenium.support.pagefactory.internal.LocatingElementHandler.invoke(LocatingElementHandler.java:52)
	at jdk.proxy2/jdk.proxy2.$Proxy46.sendKeys(Unknown Source)
	at dsAlgo_Utilities.PageUtils.entercode(PageUtils.java:45)
	at dsAlgo_PageObject.JTreePage.enter_code(JTreePage.java:56)
	at dsAlgo_StepDefinition.JTreePage_SD.the_user_enter_valid_python_code_in_stack_try_editor_from_sheet_and(JTreePage_SD.java:61)
	at ✽.The user enter valid python code in tree tryEditor from sheet &quot;array&quot; and 0(file:///C:/Users/subas/eclipse-workspace-new/Z_DS-Algo_BDDcopy/src/test/resources/Features/JTreePage.feature:49)
... Removed 8 stack frames</pre></div><a href='#' onClick='toggleBox("stack-trace829516662", this, "Click to show all stack frames", "Click to hide stack frames")'>Click to show all stack frames</a>
<div class='stack-trace' id='stack-trace829516662'><pre>org.openqa.selenium.ElementNotInteractableException: element not interactable
  (Session info: chrome=114.0.5735.199)
Build info: version: &apos;4.9.1&apos;, revision: &apos;eb2032df7f&apos;
System info: os.name: &apos;Windows 11&apos;, os.arch: &apos;amd64&apos;, os.version: &apos;10.0&apos;, java.version: &apos;17.0.7&apos;
Driver info: org.openqa.selenium.chrome.ChromeDriver
Command: [69ef78cd3f3f38070a3dc937fdd90ad8, sendKeysToElement {id=7B81F3B85FB78E88466FA14A564CAAB3_element_2872, value=[Ljava.lang.CharSequence;@28b34e77}]
Capabilities {acceptInsecureCerts: false, browserName: chrome, browserVersion: 114.0.5735.199, chrome: {chromedriverVersion: 114.0.5735.90 (386bc09e8f4f..., userDataDir: C:\Users\subas\AppData\Loca...}, goog:chromeOptions: {debuggerAddress: localhost:52471}, networkConnectionEnabled: false, pageLoadStrategy: normal, platformName: windows, proxy: Proxy(), se:cdp: ws://localhost:52471/devtoo..., se:cdpVersion: 114.0.5735.199, setWindowRect: true, strictFileInteractability: false, timeouts: {implicit: 0, pageLoad: 300000, script: 30000}, unhandledPromptBehavior: dismiss and notify, webauthn:extension:credBlob: true, webauthn:extension:largeBlob: true, webauthn:extension:minPinLength: true, webauthn:extension:prf: true, webauthn:virtualAuthenticators: true}
Element: [[ChromeDriver: chrome on windows (69ef78cd3f3f38070a3dc937fdd90ad8)] -&gt; xpath: //*[@id=&apos;answer_form&apos;]/div/div/div[1]/textarea]
Session ID: 69ef78cd3f3f38070a3dc937fdd90ad8
	at java.base/jdk.internal.reflect.NativeConstructorAccessorImpl.newInstance0(Native Method)
	at java.base/jdk.internal.reflect.NativeConstructorAccessorImpl.newInstance(NativeConstructorAccessorImpl.java:77)
	at java.base/jdk.internal.reflect.DelegatingConstructorAccessorImpl.newInstance(DelegatingConstructorAccessorImpl.java:45)
	at java.base/java.lang.reflect.Constructor.newInstanceWithCaller(Constructor.java:499)
	at java.base/java.lang.reflect.Constructor.newInstance(Constructor.java:480)
	at org.openqa.selenium.remote.codec.w3c.W3CHttpResponseCodec.createException(W3CHttpResponseCodec.java:200)
	at org.openqa.selenium.remote.codec.w3c.W3CHttpResponseCodec.decode(W3CHttpResponseCodec.java:133)
	at org.openqa.selenium.remote.codec.w3c.W3CHttpResponseCodec.decode(W3CHttpResponseCodec.java:53)
	at org.openqa.selenium.remote.HttpCommandExecutor.execute(HttpCommandExecutor.java:193)
	at org.openqa.selenium.remote.service.DriverCommandExecutor.invokeExecute(DriverCommandExecutor.java:183)
	at org.openqa.selenium.remote.service.DriverCommandExecutor.execute(DriverCommandExecutor.java:158)
	at org.openqa.selenium.remote.RemoteWebDriver.execute(RemoteWebDriver.java:543)
	at org.openqa.selenium.remote.RemoteWebElement.execute(RemoteWebElement.java:257)
	at org.openqa.selenium.remote.RemoteWebElement.sendKeys(RemoteWebElement.java:113)
	at jdk.internal.reflect.GeneratedMethodAccessor213.invoke(Unknown Source)
	at java.base/jdk.internal.reflect.DelegatingMethodAccessorImpl.invoke(DelegatingMethodAccessorImpl.java:43)
	at java.base/java.lang.reflect.Method.invoke(Method.java:568)
	at org.openqa.selenium.support.pagefactory.internal.LocatingElementHandler.invoke(LocatingElementHandler.java:52)
	at jdk.proxy2/jdk.proxy2.$Proxy46.sendKeys(Unknown Source)
	at dsAlgo_Utilities.PageUtils.entercode(PageUtils.java:45)
	at dsAlgo_PageObject.JTreePage.enter_code(JTreePage.java:56)
	at dsAlgo_StepDefinition.JTreePage_SD.the_user_enter_valid_python_code_in_stack_try_editor_from_sheet_and(JTreePage_SD.java:61)
	at ✽.The user enter valid python code in tree tryEditor from sheet &quot;array&quot; and 0(file:///C:/Users/subas/eclipse-workspace-new/Z_DS-Algo_BDDcopy/src/test/resources/Features/JTreePage.feature:49)
</pre></div></td>
<td>13</td>
<td>dsAlgo_TestRunner.TestRunner@344f4dea</td></tr>
<tr>
<td title='dsAlgo_TestRunner.TestRunner.runScenario()'><b>runScenario</b><br>Test class: dsAlgo_TestRunner.TestRunner<br>Test method: Runs Cucumber Scenarios<br>Parameters: "The user is able run code in tryEditor", "Optional[Test Array page]"</td>
<td><div><pre>org.openqa.selenium.ElementNotInteractableException: element not interactable
  (Session info: chrome=114.0.5735.199)
Build info: version: &apos;4.9.1&apos;, revision: &apos;eb2032df7f&apos;
System info: os.name: &apos;Windows 11&apos;, os.arch: &apos;amd64&apos;, os.version: &apos;10.0&apos;, java.version: &apos;17.0.7&apos;
Driver info: org.openqa.selenium.chrome.ChromeDriver
Command: [69ef78cd3f3f38070a3dc937fdd90ad8, sendKeysToElement {id=6689F6B905F55A3AFE940FDBDF1C28A8_element_667, value=[Ljava.lang.CharSequence;@663a8f0c}]
Capabilities {acceptInsecureCerts: false, browserName: chrome, browserVersion: 114.0.5735.199, chrome: {chromedriverVersion: 114.0.5735.90 (386bc09e8f4f..., userDataDir: C:\Users\subas\AppData\Loca...}, goog:chromeOptions: {debuggerAddress: localhost:52471}, networkConnectionEnabled: false, pageLoadStrategy: normal, platformName: windows, proxy: Proxy(), se:cdp: ws://localhost:52471/devtoo..., se:cdpVersion: 114.0.5735.199, setWindowRect: true, strictFileInteractability: false, timeouts: {implicit: 0, pageLoad: 300000, script: 30000}, unhandledPromptBehavior: dismiss and notify, webauthn:extension:credBlob: true, webauthn:extension:largeBlob: true, webauthn:extension:minPinLength: true, webauthn:extension:prf: true, webauthn:virtualAuthenticators: true}
Element: [[ChromeDriver: chrome on windows (69ef78cd3f3f38070a3dc937fdd90ad8)] -&gt; xpath: //*[@id=&apos;answer_form&apos;]/div/div/div[1]/textarea]
Session ID: 69ef78cd3f3f38070a3dc937fdd90ad8
	at org.openqa.selenium.remote.codec.w3c.W3CHttpResponseCodec.createException(W3CHttpResponseCodec.java:200)
	at org.openqa.selenium.remote.codec.w3c.W3CHttpResponseCodec.decode(W3CHttpResponseCodec.java:133)
	at org.openqa.selenium.remote.codec.w3c.W3CHttpResponseCodec.decode(W3CHttpResponseCodec.java:53)
	at org.openqa.selenium.remote.HttpCommandExecutor.execute(HttpCommandExecutor.java:193)
	at org.openqa.selenium.remote.service.DriverCommandExecutor.invokeExecute(DriverCommandExecutor.java:183)
	at org.openqa.selenium.remote.service.DriverCommandExecutor.execute(DriverCommandExecutor.java:158)
	at org.openqa.selenium.remote.RemoteWebDriver.execute(RemoteWebDriver.java:543)
	at org.openqa.selenium.remote.RemoteWebElement.execute(RemoteWebElement.java:257)
	at org.openqa.selenium.remote.RemoteWebElement.sendKeys(RemoteWebElement.java:113)
	at org.openqa.selenium.support.pagefactory.internal.LocatingElementHandler.invoke(LocatingElementHandler.java:52)
	at jdk.proxy2/jdk.proxy2.$Proxy46.sendKeys(Unknown Source)
	at dsAlgo_Utilities.PageUtils.entercode(PageUtils.java:45)
	at dsAlgo_PageObject.FArrayPage.enter_code(FArrayPage.java:59)
	at dsAlgo_StepDefinition.FArrayPage_SD.the_user_enter_python_code_with_invalid_syntax_in_try_editor_from_sheet_and(FArrayPage_SD.java:85)
	at ✽.The user enter python code with invalid syntax in tryEditor from sheet &quot;array&quot; and 1(file:///C:/Users/subas/eclipse-workspace-new/Z_DS-Algo_BDDcopy/src/test/resources/Features/FArrayPage.feature:42)
... Removed 8 stack frames</pre></div><a href='#' onClick='toggleBox("stack-trace1663233419", this, "Click to show all stack frames", "Click to hide stack frames")'>Click to show all stack frames</a>
<div class='stack-trace' id='stack-trace1663233419'><pre>org.openqa.selenium.ElementNotInteractableException: element not interactable
  (Session info: chrome=114.0.5735.199)
Build info: version: &apos;4.9.1&apos;, revision: &apos;eb2032df7f&apos;
System info: os.name: &apos;Windows 11&apos;, os.arch: &apos;amd64&apos;, os.version: &apos;10.0&apos;, java.version: &apos;17.0.7&apos;
Driver info: org.openqa.selenium.chrome.ChromeDriver
Command: [69ef78cd3f3f38070a3dc937fdd90ad8, sendKeysToElement {id=6689F6B905F55A3AFE940FDBDF1C28A8_element_667, value=[Ljava.lang.CharSequence;@663a8f0c}]
Capabilities {acceptInsecureCerts: false, browserName: chrome, browserVersion: 114.0.5735.199, chrome: {chromedriverVersion: 114.0.5735.90 (386bc09e8f4f..., userDataDir: C:\Users\subas\AppData\Loca...}, goog:chromeOptions: {debuggerAddress: localhost:52471}, networkConnectionEnabled: false, pageLoadStrategy: normal, platformName: windows, proxy: Proxy(), se:cdp: ws://localhost:52471/devtoo..., se:cdpVersion: 114.0.5735.199, setWindowRect: true, strictFileInteractability: false, timeouts: {implicit: 0, pageLoad: 300000, script: 30000}, unhandledPromptBehavior: dismiss and notify, webauthn:extension:credBlob: true, webauthn:extension:largeBlob: true, webauthn:extension:minPinLength: true, webauthn:extension:prf: true, webauthn:virtualAuthenticators: true}
Element: [[ChromeDriver: chrome on windows (69ef78cd3f3f38070a3dc937fdd90ad8)] -&gt; xpath: //*[@id=&apos;answer_form&apos;]/div/div/div[1]/textarea]
Session ID: 69ef78cd3f3f38070a3dc937fdd90ad8
	at java.base/jdk.internal.reflect.NativeConstructorAccessorImpl.newInstance0(Native Method)
	at java.base/jdk.internal.reflect.NativeConstructorAccessorImpl.newInstance(NativeConstructorAccessorImpl.java:77)
	at java.base/jdk.internal.reflect.DelegatingConstructorAccessorImpl.newInstance(DelegatingConstructorAccessorImpl.java:45)
	at java.base/java.lang.reflect.Constructor.newInstanceWithCaller(Constructor.java:499)
	at java.base/java.lang.reflect.Constructor.newInstance(Constructor.java:480)
	at org.openqa.selenium.remote.codec.w3c.W3CHttpResponseCodec.createException(W3CHttpResponseCodec.java:200)
	at org.openqa.selenium.remote.codec.w3c.W3CHttpResponseCodec.decode(W3CHttpResponseCodec.java:133)
	at org.openqa.selenium.remote.codec.w3c.W3CHttpResponseCodec.decode(W3CHttpResponseCodec.java:53)
	at org.openqa.selenium.remote.HttpCommandExecutor.execute(HttpCommandExecutor.java:193)
	at org.openqa.selenium.remote.service.DriverCommandExecutor.invokeExecute(DriverCommandExecutor.java:183)
	at org.openqa.selenium.remote.service.DriverCommandExecutor.execute(DriverCommandExecutor.java:158)
	at org.openqa.selenium.remote.RemoteWebDriver.execute(RemoteWebDriver.java:543)
	at org.openqa.selenium.remote.RemoteWebElement.execute(RemoteWebElement.java:257)
	at org.openqa.selenium.remote.RemoteWebElement.sendKeys(RemoteWebElement.java:113)
	at jdk.internal.reflect.GeneratedMethodAccessor213.invoke(Unknown Source)
	at java.base/jdk.internal.reflect.DelegatingMethodAccessorImpl.invoke(DelegatingMethodAccessorImpl.java:43)
	at java.base/java.lang.reflect.Method.invoke(Method.java:568)
	at org.openqa.selenium.support.pagefactory.internal.LocatingElementHandler.invoke(LocatingElementHandler.java:52)
	at jdk.proxy2/jdk.proxy2.$Proxy46.sendKeys(Unknown Source)
	at dsAlgo_Utilities.PageUtils.entercode(PageUtils.java:45)
	at dsAlgo_PageObject.FArrayPage.enter_code(FArrayPage.java:59)
	at dsAlgo_StepDefinition.FArrayPage_SD.the_user_enter_python_code_with_invalid_syntax_in_try_editor_from_sheet_and(FArrayPage_SD.java:85)
	at ✽.The user enter python code with invalid syntax in tryEditor from sheet &quot;array&quot; and 1(file:///C:/Users/subas/eclipse-workspace-new/Z_DS-Algo_BDDcopy/src/test/resources/Features/FArrayPage.feature:42)
</pre></div></td>
<td>13</td>
<td>dsAlgo_TestRunner.TestRunner@344f4dea</td></tr>
<tr>
<td title='dsAlgo_TestRunner.TestRunner.runScenario()'><b>runScenario</b><br>Test class: dsAlgo_TestRunner.TestRunner<br>Test method: Runs Cucumber Scenarios<br>Parameters: "The user is able tree run code in tryEditor", "Optional[Test Tree Page]"</td>
<td><div><pre>org.openqa.selenium.ElementNotInteractableException: element not interactable
  (Session info: chrome=114.0.5735.199)
Build info: version: &apos;4.9.1&apos;, revision: &apos;eb2032df7f&apos;
System info: os.name: &apos;Windows 11&apos;, os.arch: &apos;amd64&apos;, os.version: &apos;10.0&apos;, java.version: &apos;17.0.7&apos;
Driver info: org.openqa.selenium.chrome.ChromeDriver
Command: [69ef78cd3f3f38070a3dc937fdd90ad8, sendKeysToElement {id=782A84880F8CE5069540DD5EEC08E232_element_2849, value=[Ljava.lang.CharSequence;@3220007b}]
Capabilities {acceptInsecureCerts: false, browserName: chrome, browserVersion: 114.0.5735.199, chrome: {chromedriverVersion: 114.0.5735.90 (386bc09e8f4f..., userDataDir: C:\Users\subas\AppData\Loca...}, goog:chromeOptions: {debuggerAddress: localhost:52471}, networkConnectionEnabled: false, pageLoadStrategy: normal, platformName: windows, proxy: Proxy(), se:cdp: ws://localhost:52471/devtoo..., se:cdpVersion: 114.0.5735.199, setWindowRect: true, strictFileInteractability: false, timeouts: {implicit: 0, pageLoad: 300000, script: 30000}, unhandledPromptBehavior: dismiss and notify, webauthn:extension:credBlob: true, webauthn:extension:largeBlob: true, webauthn:extension:minPinLength: true, webauthn:extension:prf: true, webauthn:virtualAuthenticators: true}
Element: [[ChromeDriver: chrome on windows (69ef78cd3f3f38070a3dc937fdd90ad8)] -&gt; xpath: //*[@id=&apos;answer_form&apos;]/div/div/div[1]/textarea]
Session ID: 69ef78cd3f3f38070a3dc937fdd90ad8
	at org.openqa.selenium.remote.codec.w3c.W3CHttpResponseCodec.createException(W3CHttpResponseCodec.java:200)
	at org.openqa.selenium.remote.codec.w3c.W3CHttpResponseCodec.decode(W3CHttpResponseCodec.java:133)
	at org.openqa.selenium.remote.codec.w3c.W3CHttpResponseCodec.decode(W3CHttpResponseCodec.java:53)
	at org.openqa.selenium.remote.HttpCommandExecutor.execute(HttpCommandExecutor.java:193)
	at org.openqa.selenium.remote.service.DriverCommandExecutor.invokeExecute(DriverCommandExecutor.java:183)
	at org.openqa.selenium.remote.service.DriverCommandExecutor.execute(DriverCommandExecutor.java:158)
	at org.openqa.selenium.remote.RemoteWebDriver.execute(RemoteWebDriver.java:543)
	at org.openqa.selenium.remote.RemoteWebElement.execute(RemoteWebElement.java:257)
	at org.openqa.selenium.remote.RemoteWebElement.sendKeys(RemoteWebElement.java:113)
	at org.openqa.selenium.support.pagefactory.internal.LocatingElementHandler.invoke(LocatingElementHandler.java:52)
	at jdk.proxy2/jdk.proxy2.$Proxy46.sendKeys(Unknown Source)
	at dsAlgo_Utilities.PageUtils.entercode(PageUtils.java:45)
	at dsAlgo_PageObject.JTreePage.enter_code(JTreePage.java:56)
	at dsAlgo_StepDefinition.JTreePage_SD.the_user_enter_valid_python_code_in_stack_try_editor_from_sheet_and(JTreePage_SD.java:61)
	at ✽.The user enter valid python code in tree tryEditor from sheet &quot;array&quot; and 0(file:///C:/Users/subas/eclipse-workspace-new/Z_DS-Algo_BDDcopy/src/test/resources/Features/JTreePage.feature:49)
... Removed 8 stack frames</pre></div><a href='#' onClick='toggleBox("stack-trace528378007", this, "Click to show all stack frames", "Click to hide stack frames")'>Click to show all stack frames</a>
<div class='stack-trace' id='stack-trace528378007'><pre>org.openqa.selenium.ElementNotInteractableException: element not interactable
  (Session info: chrome=114.0.5735.199)
Build info: version: &apos;4.9.1&apos;, revision: &apos;eb2032df7f&apos;
System info: os.name: &apos;Windows 11&apos;, os.arch: &apos;amd64&apos;, os.version: &apos;10.0&apos;, java.version: &apos;17.0.7&apos;
Driver info: org.openqa.selenium.chrome.ChromeDriver
Command: [69ef78cd3f3f38070a3dc937fdd90ad8, sendKeysToElement {id=782A84880F8CE5069540DD5EEC08E232_element_2849, value=[Ljava.lang.CharSequence;@3220007b}]
Capabilities {acceptInsecureCerts: false, browserName: chrome, browserVersion: 114.0.5735.199, chrome: {chromedriverVersion: 114.0.5735.90 (386bc09e8f4f..., userDataDir: C:\Users\subas\AppData\Loca...}, goog:chromeOptions: {debuggerAddress: localhost:52471}, networkConnectionEnabled: false, pageLoadStrategy: normal, platformName: windows, proxy: Proxy(), se:cdp: ws://localhost:52471/devtoo..., se:cdpVersion: 114.0.5735.199, setWindowRect: true, strictFileInteractability: false, timeouts: {implicit: 0, pageLoad: 300000, script: 30000}, unhandledPromptBehavior: dismiss and notify, webauthn:extension:credBlob: true, webauthn:extension:largeBlob: true, webauthn:extension:minPinLength: true, webauthn:extension:prf: true, webauthn:virtualAuthenticators: true}
Element: [[ChromeDriver: chrome on windows (69ef78cd3f3f38070a3dc937fdd90ad8)] -&gt; xpath: //*[@id=&apos;answer_form&apos;]/div/div/div[1]/textarea]
Session ID: 69ef78cd3f3f38070a3dc937fdd90ad8
	at java.base/jdk.internal.reflect.NativeConstructorAccessorImpl.newInstance0(Native Method)
	at java.base/jdk.internal.reflect.NativeConstructorAccessorImpl.newInstance(NativeConstructorAccessorImpl.java:77)
	at java.base/jdk.internal.reflect.DelegatingConstructorAccessorImpl.newInstance(DelegatingConstructorAccessorImpl.java:45)
	at java.base/java.lang.reflect.Constructor.newInstanceWithCaller(Constructor.java:499)
	at java.base/java.lang.reflect.Constructor.newInstance(Constructor.java:480)
	at org.openqa.selenium.remote.codec.w3c.W3CHttpResponseCodec.createException(W3CHttpResponseCodec.java:200)
	at org.openqa.selenium.remote.codec.w3c.W3CHttpResponseCodec.decode(W3CHttpResponseCodec.java:133)
	at org.openqa.selenium.remote.codec.w3c.W3CHttpResponseCodec.decode(W3CHttpResponseCodec.java:53)
	at org.openqa.selenium.remote.HttpCommandExecutor.execute(HttpCommandExecutor.java:193)
	at org.openqa.selenium.remote.service.DriverCommandExecutor.invokeExecute(DriverCommandExecutor.java:183)
	at org.openqa.selenium.remote.service.DriverCommandExecutor.execute(DriverCommandExecutor.java:158)
	at org.openqa.selenium.remote.RemoteWebDriver.execute(RemoteWebDriver.java:543)
	at org.openqa.selenium.remote.RemoteWebElement.execute(RemoteWebElement.java:257)
	at org.openqa.selenium.remote.RemoteWebElement.sendKeys(RemoteWebElement.java:113)
	at jdk.internal.reflect.GeneratedMethodAccessor213.invoke(Unknown Source)
	at java.base/jdk.internal.reflect.DelegatingMethodAccessorImpl.invoke(DelegatingMethodAccessorImpl.java:43)
	at java.base/java.lang.reflect.Method.invoke(Method.java:568)
	at org.openqa.selenium.support.pagefactory.internal.LocatingElementHandler.invoke(LocatingElementHandler.java:52)
	at jdk.proxy2/jdk.proxy2.$Proxy46.sendKeys(Unknown Source)
	at dsAlgo_Utilities.PageUtils.entercode(PageUtils.java:45)
	at dsAlgo_PageObject.JTreePage.enter_code(JTreePage.java:56)
	at dsAlgo_StepDefinition.JTreePage_SD.the_user_enter_valid_python_code_in_stack_try_editor_from_sheet_and(JTreePage_SD.java:61)
	at ✽.The user enter valid python code in tree tryEditor from sheet &quot;array&quot; and 0(file:///C:/Users/subas/eclipse-workspace-new/Z_DS-Algo_BDDcopy/src/test/resources/Features/JTreePage.feature:49)
</pre></div></td>
<td>13</td>
<td>dsAlgo_TestRunner.TestRunner@344f4dea</td></tr>
<tr>
<td title='dsAlgo_TestRunner.TestRunner.runScenario()'><b>runScenario</b><br>Test class: dsAlgo_TestRunner.TestRunner<br>Test method: Runs Cucumber Scenarios<br>Parameters: "The user is able tree run code in tryEditor", "Optional[Test Tree Page]"</td>
<td><div><pre>org.openqa.selenium.ElementNotInteractableException: element not interactable
  (Session info: chrome=114.0.5735.199)
Build info: version: &apos;4.9.1&apos;, revision: &apos;eb2032df7f&apos;
System info: os.name: &apos;Windows 11&apos;, os.arch: &apos;amd64&apos;, os.version: &apos;10.0&apos;, java.version: &apos;17.0.7&apos;
Driver info: org.openqa.selenium.chrome.ChromeDriver
Command: [69ef78cd3f3f38070a3dc937fdd90ad8, sendKeysToElement {id=02C7CDCC40176676418556D98434E9BC_element_2729, value=[Ljava.lang.CharSequence;@3bddcbba}]
Capabilities {acceptInsecureCerts: false, browserName: chrome, browserVersion: 114.0.5735.199, chrome: {chromedriverVersion: 114.0.5735.90 (386bc09e8f4f..., userDataDir: C:\Users\subas\AppData\Loca...}, goog:chromeOptions: {debuggerAddress: localhost:52471}, networkConnectionEnabled: false, pageLoadStrategy: normal, platformName: windows, proxy: Proxy(), se:cdp: ws://localhost:52471/devtoo..., se:cdpVersion: 114.0.5735.199, setWindowRect: true, strictFileInteractability: false, timeouts: {implicit: 0, pageLoad: 300000, script: 30000}, unhandledPromptBehavior: dismiss and notify, webauthn:extension:credBlob: true, webauthn:extension:largeBlob: true, webauthn:extension:minPinLength: true, webauthn:extension:prf: true, webauthn:virtualAuthenticators: true}
Element: [[ChromeDriver: chrome on windows (69ef78cd3f3f38070a3dc937fdd90ad8)] -&gt; xpath: //*[@id=&apos;answer_form&apos;]/div/div/div[1]/textarea]
Session ID: 69ef78cd3f3f38070a3dc937fdd90ad8
	at org.openqa.selenium.remote.codec.w3c.W3CHttpResponseCodec.createException(W3CHttpResponseCodec.java:200)
	at org.openqa.selenium.remote.codec.w3c.W3CHttpResponseCodec.decode(W3CHttpResponseCodec.java:133)
	at org.openqa.selenium.remote.codec.w3c.W3CHttpResponseCodec.decode(W3CHttpResponseCodec.java:53)
	at org.openqa.selenium.remote.HttpCommandExecutor.execute(HttpCommandExecutor.java:193)
	at org.openqa.selenium.remote.service.DriverCommandExecutor.invokeExecute(DriverCommandExecutor.java:183)
	at org.openqa.selenium.remote.service.DriverCommandExecutor.execute(DriverCommandExecutor.java:158)
	at org.openqa.selenium.remote.RemoteWebDriver.execute(RemoteWebDriver.java:543)
	at org.openqa.selenium.remote.RemoteWebElement.execute(RemoteWebElement.java:257)
	at org.openqa.selenium.remote.RemoteWebElement.sendKeys(RemoteWebElement.java:113)
	at org.openqa.selenium.support.pagefactory.internal.LocatingElementHandler.invoke(LocatingElementHandler.java:52)
	at jdk.proxy2/jdk.proxy2.$Proxy46.sendKeys(Unknown Source)
	at dsAlgo_Utilities.PageUtils.entercode(PageUtils.java:45)
	at dsAlgo_PageObject.JTreePage.enter_code(JTreePage.java:56)
	at dsAlgo_StepDefinition.JTreePage_SD.the_user_enter_valid_python_code_in_stack_try_editor_from_sheet_and(JTreePage_SD.java:61)
	at ✽.The user enter valid python code in tree tryEditor from sheet &quot;array&quot; and 0(file:///C:/Users/subas/eclipse-workspace-new/Z_DS-Algo_BDDcopy/src/test/resources/Features/JTreePage.feature:49)
... Removed 8 stack frames</pre></div><a href='#' onClick='toggleBox("stack-trace57806808", this, "Click to show all stack frames", "Click to hide stack frames")'>Click to show all stack frames</a>
<div class='stack-trace' id='stack-trace57806808'><pre>org.openqa.selenium.ElementNotInteractableException: element not interactable
  (Session info: chrome=114.0.5735.199)
Build info: version: &apos;4.9.1&apos;, revision: &apos;eb2032df7f&apos;
System info: os.name: &apos;Windows 11&apos;, os.arch: &apos;amd64&apos;, os.version: &apos;10.0&apos;, java.version: &apos;17.0.7&apos;
Driver info: org.openqa.selenium.chrome.ChromeDriver
Command: [69ef78cd3f3f38070a3dc937fdd90ad8, sendKeysToElement {id=02C7CDCC40176676418556D98434E9BC_element_2729, value=[Ljava.lang.CharSequence;@3bddcbba}]
Capabilities {acceptInsecureCerts: false, browserName: chrome, browserVersion: 114.0.5735.199, chrome: {chromedriverVersion: 114.0.5735.90 (386bc09e8f4f..., userDataDir: C:\Users\subas\AppData\Loca...}, goog:chromeOptions: {debuggerAddress: localhost:52471}, networkConnectionEnabled: false, pageLoadStrategy: normal, platformName: windows, proxy: Proxy(), se:cdp: ws://localhost:52471/devtoo..., se:cdpVersion: 114.0.5735.199, setWindowRect: true, strictFileInteractability: false, timeouts: {implicit: 0, pageLoad: 300000, script: 30000}, unhandledPromptBehavior: dismiss and notify, webauthn:extension:credBlob: true, webauthn:extension:largeBlob: true, webauthn:extension:minPinLength: true, webauthn:extension:prf: true, webauthn:virtualAuthenticators: true}
Element: [[ChromeDriver: chrome on windows (69ef78cd3f3f38070a3dc937fdd90ad8)] -&gt; xpath: //*[@id=&apos;answer_form&apos;]/div/div/div[1]/textarea]
Session ID: 69ef78cd3f3f38070a3dc937fdd90ad8
	at java.base/jdk.internal.reflect.NativeConstructorAccessorImpl.newInstance0(Native Method)
	at java.base/jdk.internal.reflect.NativeConstructorAccessorImpl.newInstance(NativeConstructorAccessorImpl.java:77)
	at java.base/jdk.internal.reflect.DelegatingConstructorAccessorImpl.newInstance(DelegatingConstructorAccessorImpl.java:45)
	at java.base/java.lang.reflect.Constructor.newInstanceWithCaller(Constructor.java:499)
	at java.base/java.lang.reflect.Constructor.newInstance(Constructor.java:480)
	at org.openqa.selenium.remote.codec.w3c.W3CHttpResponseCodec.createException(W3CHttpResponseCodec.java:200)
	at org.openqa.selenium.remote.codec.w3c.W3CHttpResponseCodec.decode(W3CHttpResponseCodec.java:133)
	at org.openqa.selenium.remote.codec.w3c.W3CHttpResponseCodec.decode(W3CHttpResponseCodec.java:53)
	at org.openqa.selenium.remote.HttpCommandExecutor.execute(HttpCommandExecutor.java:193)
	at org.openqa.selenium.remote.service.DriverCommandExecutor.invokeExecute(DriverCommandExecutor.java:183)
	at org.openqa.selenium.remote.service.DriverCommandExecutor.execute(DriverCommandExecutor.java:158)
	at org.openqa.selenium.remote.RemoteWebDriver.execute(RemoteWebDriver.java:543)
	at org.openqa.selenium.remote.RemoteWebElement.execute(RemoteWebElement.java:257)
	at org.openqa.selenium.remote.RemoteWebElement.sendKeys(RemoteWebElement.java:113)
	at jdk.internal.reflect.GeneratedMethodAccessor213.invoke(Unknown Source)
	at java.base/jdk.internal.reflect.DelegatingMethodAccessorImpl.invoke(DelegatingMethodAccessorImpl.java:43)
	at java.base/java.lang.reflect.Method.invoke(Method.java:568)
	at org.openqa.selenium.support.pagefactory.internal.LocatingElementHandler.invoke(LocatingElementHandler.java:52)
	at jdk.proxy2/jdk.proxy2.$Proxy46.sendKeys(Unknown Source)
	at dsAlgo_Utilities.PageUtils.entercode(PageUtils.java:45)
	at dsAlgo_PageObject.JTreePage.enter_code(JTreePage.java:56)
	at dsAlgo_StepDefinition.JTreePage_SD.the_user_enter_valid_python_code_in_stack_try_editor_from_sheet_and(JTreePage_SD.java:61)
	at ✽.The user enter valid python code in tree tryEditor from sheet &quot;array&quot; and 0(file:///C:/Users/subas/eclipse-workspace-new/Z_DS-Algo_BDDcopy/src/test/resources/Features/JTreePage.feature:49)
</pre></div></td>
<td>13</td>
<td>dsAlgo_TestRunner.TestRunner@344f4dea</td></tr>
<tr>
<td title='dsAlgo_TestRunner.TestRunner.runScenario()'><b>runScenario</b><br>Test class: dsAlgo_TestRunner.TestRunner<br>Test method: Runs Cucumber Scenarios<br>Parameters: "The user is able tree run code in tryEditor", "Optional[Test Tree Page]"</td>
<td><div><pre>org.openqa.selenium.ElementNotInteractableException: element not interactable
  (Session info: chrome=114.0.5735.199)
Build info: version: &apos;4.9.1&apos;, revision: &apos;eb2032df7f&apos;
System info: os.name: &apos;Windows 11&apos;, os.arch: &apos;amd64&apos;, os.version: &apos;10.0&apos;, java.version: &apos;17.0.7&apos;
Driver info: org.openqa.selenium.chrome.ChromeDriver
Command: [69ef78cd3f3f38070a3dc937fdd90ad8, sendKeysToElement {id=17E7CFA447FCDB142938385331885BDC_element_2897, value=[Ljava.lang.CharSequence;@60bbb02b}]
Capabilities {acceptInsecureCerts: false, browserName: chrome, browserVersion: 114.0.5735.199, chrome: {chromedriverVersion: 114.0.5735.90 (386bc09e8f4f..., userDataDir: C:\Users\subas\AppData\Loca...}, goog:chromeOptions: {debuggerAddress: localhost:52471}, networkConnectionEnabled: false, pageLoadStrategy: normal, platformName: windows, proxy: Proxy(), se:cdp: ws://localhost:52471/devtoo..., se:cdpVersion: 114.0.5735.199, setWindowRect: true, strictFileInteractability: false, timeouts: {implicit: 0, pageLoad: 300000, script: 30000}, unhandledPromptBehavior: dismiss and notify, webauthn:extension:credBlob: true, webauthn:extension:largeBlob: true, webauthn:extension:minPinLength: true, webauthn:extension:prf: true, webauthn:virtualAuthenticators: true}
Element: [[ChromeDriver: chrome on windows (69ef78cd3f3f38070a3dc937fdd90ad8)] -&gt; xpath: //*[@id=&apos;answer_form&apos;]/div/div/div[1]/textarea]
Session ID: 69ef78cd3f3f38070a3dc937fdd90ad8
	at org.openqa.selenium.remote.codec.w3c.W3CHttpResponseCodec.createException(W3CHttpResponseCodec.java:200)
	at org.openqa.selenium.remote.codec.w3c.W3CHttpResponseCodec.decode(W3CHttpResponseCodec.java:133)
	at org.openqa.selenium.remote.codec.w3c.W3CHttpResponseCodec.decode(W3CHttpResponseCodec.java:53)
	at org.openqa.selenium.remote.HttpCommandExecutor.execute(HttpCommandExecutor.java:193)
	at org.openqa.selenium.remote.service.DriverCommandExecutor.invokeExecute(DriverCommandExecutor.java:183)
	at org.openqa.selenium.remote.service.DriverCommandExecutor.execute(DriverCommandExecutor.java:158)
	at org.openqa.selenium.remote.RemoteWebDriver.execute(RemoteWebDriver.java:543)
	at org.openqa.selenium.remote.RemoteWebElement.execute(RemoteWebElement.java:257)
	at org.openqa.selenium.remote.RemoteWebElement.sendKeys(RemoteWebElement.java:113)
	at org.openqa.selenium.support.pagefactory.internal.LocatingElementHandler.invoke(LocatingElementHandler.java:52)
	at jdk.proxy2/jdk.proxy2.$Proxy46.sendKeys(Unknown Source)
	at dsAlgo_Utilities.PageUtils.entercode(PageUtils.java:45)
	at dsAlgo_PageObject.JTreePage.enter_code(JTreePage.java:56)
	at dsAlgo_StepDefinition.JTreePage_SD.the_user_enter_valid_python_code_in_stack_try_editor_from_sheet_and(JTreePage_SD.java:61)
	at ✽.The user enter valid python code in tree tryEditor from sheet &quot;array&quot; and 0(file:///C:/Users/subas/eclipse-workspace-new/Z_DS-Algo_BDDcopy/src/test/resources/Features/JTreePage.feature:49)
... Removed 7 stack frames</pre></div><a href='#' onClick='toggleBox("stack-trace203602888", this, "Click to show all stack frames", "Click to hide stack frames")'>Click to show all stack frames</a>
<div class='stack-trace' id='stack-trace203602888'><pre>org.openqa.selenium.ElementNotInteractableException: element not interactable
  (Session info: chrome=114.0.5735.199)
Build info: version: &apos;4.9.1&apos;, revision: &apos;eb2032df7f&apos;
System info: os.name: &apos;Windows 11&apos;, os.arch: &apos;amd64&apos;, os.version: &apos;10.0&apos;, java.version: &apos;17.0.7&apos;
Driver info: org.openqa.selenium.chrome.ChromeDriver
Command: [69ef78cd3f3f38070a3dc937fdd90ad8, sendKeysToElement {id=17E7CFA447FCDB142938385331885BDC_element_2897, value=[Ljava.lang.CharSequence;@60bbb02b}]
Capabilities {acceptInsecureCerts: false, browserName: chrome, browserVersion: 114.0.5735.199, chrome: {chromedriverVersion: 114.0.5735.90 (386bc09e8f4f..., userDataDir: C:\Users\subas\AppData\Loca...}, goog:chromeOptions: {debuggerAddress: localhost:52471}, networkConnectionEnabled: false, pageLoadStrategy: normal, platformName: windows, proxy: Proxy(), se:cdp: ws://localhost:52471/devtoo..., se:cdpVersion: 114.0.5735.199, setWindowRect: true, strictFileInteractability: false, timeouts: {implicit: 0, pageLoad: 300000, script: 30000}, unhandledPromptBehavior: dismiss and notify, webauthn:extension:credBlob: true, webauthn:extension:largeBlob: true, webauthn:extension:minPinLength: true, webauthn:extension:prf: true, webauthn:virtualAuthenticators: true}
Element: [[ChromeDriver: chrome on windows (69ef78cd3f3f38070a3dc937fdd90ad8)] -&gt; xpath: //*[@id=&apos;answer_form&apos;]/div/div/div[1]/textarea]
Session ID: 69ef78cd3f3f38070a3dc937fdd90ad8
	at jdk.internal.reflect.GeneratedConstructorAccessor84.newInstance(Unknown Source)
	at java.base/jdk.internal.reflect.DelegatingConstructorAccessorImpl.newInstance(DelegatingConstructorAccessorImpl.java:45)
	at java.base/java.lang.reflect.Constructor.newInstanceWithCaller(Constructor.java:499)
	at java.base/java.lang.reflect.Constructor.newInstance(Constructor.java:480)
	at org.openqa.selenium.remote.codec.w3c.W3CHttpResponseCodec.createException(W3CHttpResponseCodec.java:200)
	at org.openqa.selenium.remote.codec.w3c.W3CHttpResponseCodec.decode(W3CHttpResponseCodec.java:133)
	at org.openqa.selenium.remote.codec.w3c.W3CHttpResponseCodec.decode(W3CHttpResponseCodec.java:53)
	at org.openqa.selenium.remote.HttpCommandExecutor.execute(HttpCommandExecutor.java:193)
	at org.openqa.selenium.remote.service.DriverCommandExecutor.invokeExecute(DriverCommandExecutor.java:183)
	at org.openqa.selenium.remote.service.DriverCommandExecutor.execute(DriverCommandExecutor.java:158)
	at org.openqa.selenium.remote.RemoteWebDriver.execute(RemoteWebDriver.java:543)
	at org.openqa.selenium.remote.RemoteWebElement.execute(RemoteWebElement.java:257)
	at org.openqa.selenium.remote.RemoteWebElement.sendKeys(RemoteWebElement.java:113)
	at jdk.internal.reflect.GeneratedMethodAccessor213.invoke(Unknown Source)
	at java.base/jdk.internal.reflect.DelegatingMethodAccessorImpl.invoke(DelegatingMethodAccessorImpl.java:43)
	at java.base/java.lang.reflect.Method.invoke(Method.java:568)
	at org.openqa.selenium.support.pagefactory.internal.LocatingElementHandler.invoke(LocatingElementHandler.java:52)
	at jdk.proxy2/jdk.proxy2.$Proxy46.sendKeys(Unknown Source)
	at dsAlgo_Utilities.PageUtils.entercode(PageUtils.java:45)
	at dsAlgo_PageObject.JTreePage.enter_code(JTreePage.java:56)
	at dsAlgo_StepDefinition.JTreePage_SD.the_user_enter_valid_python_code_in_stack_try_editor_from_sheet_and(JTreePage_SD.java:61)
	at ✽.The user enter valid python code in tree tryEditor from sheet &quot;array&quot; and 0(file:///C:/Users/subas/eclipse-workspace-new/Z_DS-Algo_BDDcopy/src/test/resources/Features/JTreePage.feature:49)
</pre></div></td>
<td>13</td>
<td>dsAlgo_TestRunner.TestRunner@344f4dea</td></tr>
<tr>
<td title='dsAlgo_TestRunner.TestRunner.runScenario()'><b>runScenario</b><br>Test class: dsAlgo_TestRunner.TestRunner<br>Test method: Runs Cucumber Scenarios<br>Parameters: "The user is able tree run code in tryEditor", "Optional[Test Tree Page]"</td>
<td><div><pre>org.openqa.selenium.ElementNotInteractableException: element not interactable
  (Session info: chrome=114.0.5735.199)
Build info: version: &apos;4.9.1&apos;, revision: &apos;eb2032df7f&apos;
System info: os.name: &apos;Windows 11&apos;, os.arch: &apos;amd64&apos;, os.version: &apos;10.0&apos;, java.version: &apos;17.0.7&apos;
Driver info: org.openqa.selenium.chrome.ChromeDriver
Command: [69ef78cd3f3f38070a3dc937fdd90ad8, sendKeysToElement {id=BF2167AC32CD2C4CAC1428504037D018_element_2778, value=[Ljava.lang.CharSequence;@74a0bbdd}]
Capabilities {acceptInsecureCerts: false, browserName: chrome, browserVersion: 114.0.5735.199, chrome: {chromedriverVersion: 114.0.5735.90 (386bc09e8f4f..., userDataDir: C:\Users\subas\AppData\Loca...}, goog:chromeOptions: {debuggerAddress: localhost:52471}, networkConnectionEnabled: false, pageLoadStrategy: normal, platformName: windows, proxy: Proxy(), se:cdp: ws://localhost:52471/devtoo..., se:cdpVersion: 114.0.5735.199, setWindowRect: true, strictFileInteractability: false, timeouts: {implicit: 0, pageLoad: 300000, script: 30000}, unhandledPromptBehavior: dismiss and notify, webauthn:extension:credBlob: true, webauthn:extension:largeBlob: true, webauthn:extension:minPinLength: true, webauthn:extension:prf: true, webauthn:virtualAuthenticators: true}
Element: [[ChromeDriver: chrome on windows (69ef78cd3f3f38070a3dc937fdd90ad8)] -&gt; xpath: //*[@id=&apos;answer_form&apos;]/div/div/div[1]/textarea]
Session ID: 69ef78cd3f3f38070a3dc937fdd90ad8
	at org.openqa.selenium.remote.codec.w3c.W3CHttpResponseCodec.createException(W3CHttpResponseCodec.java:200)
	at org.openqa.selenium.remote.codec.w3c.W3CHttpResponseCodec.decode(W3CHttpResponseCodec.java:133)
	at org.openqa.selenium.remote.codec.w3c.W3CHttpResponseCodec.decode(W3CHttpResponseCodec.java:53)
	at org.openqa.selenium.remote.HttpCommandExecutor.execute(HttpCommandExecutor.java:193)
	at org.openqa.selenium.remote.service.DriverCommandExecutor.invokeExecute(DriverCommandExecutor.java:183)
	at org.openqa.selenium.remote.service.DriverCommandExecutor.execute(DriverCommandExecutor.java:158)
	at org.openqa.selenium.remote.RemoteWebDriver.execute(RemoteWebDriver.java:543)
	at org.openqa.selenium.remote.RemoteWebElement.execute(RemoteWebElement.java:257)
	at org.openqa.selenium.remote.RemoteWebElement.sendKeys(RemoteWebElement.java:113)
	at org.openqa.selenium.support.pagefactory.internal.LocatingElementHandler.invoke(LocatingElementHandler.java:52)
	at jdk.proxy2/jdk.proxy2.$Proxy46.sendKeys(Unknown Source)
	at dsAlgo_Utilities.PageUtils.entercode(PageUtils.java:45)
	at dsAlgo_PageObject.JTreePage.enter_code(JTreePage.java:56)
	at dsAlgo_StepDefinition.JTreePage_SD.the_user_enter_valid_python_code_in_stack_try_editor_from_sheet_and(JTreePage_SD.java:61)
	at ✽.The user enter valid python code in tree tryEditor from sheet &quot;array&quot; and 0(file:///C:/Users/subas/eclipse-workspace-new/Z_DS-Algo_BDDcopy/src/test/resources/Features/JTreePage.feature:49)
... Removed 8 stack frames</pre></div><a href='#' onClick='toggleBox("stack-trace261507322", this, "Click to show all stack frames", "Click to hide stack frames")'>Click to show all stack frames</a>
<div class='stack-trace' id='stack-trace261507322'><pre>org.openqa.selenium.ElementNotInteractableException: element not interactable
  (Session info: chrome=114.0.5735.199)
Build info: version: &apos;4.9.1&apos;, revision: &apos;eb2032df7f&apos;
System info: os.name: &apos;Windows 11&apos;, os.arch: &apos;amd64&apos;, os.version: &apos;10.0&apos;, java.version: &apos;17.0.7&apos;
Driver info: org.openqa.selenium.chrome.ChromeDriver
Command: [69ef78cd3f3f38070a3dc937fdd90ad8, sendKeysToElement {id=BF2167AC32CD2C4CAC1428504037D018_element_2778, value=[Ljava.lang.CharSequence;@74a0bbdd}]
Capabilities {acceptInsecureCerts: false, browserName: chrome, browserVersion: 114.0.5735.199, chrome: {chromedriverVersion: 114.0.5735.90 (386bc09e8f4f..., userDataDir: C:\Users\subas\AppData\Loca...}, goog:chromeOptions: {debuggerAddress: localhost:52471}, networkConnectionEnabled: false, pageLoadStrategy: normal, platformName: windows, proxy: Proxy(), se:cdp: ws://localhost:52471/devtoo..., se:cdpVersion: 114.0.5735.199, setWindowRect: true, strictFileInteractability: false, timeouts: {implicit: 0, pageLoad: 300000, script: 30000}, unhandledPromptBehavior: dismiss and notify, webauthn:extension:credBlob: true, webauthn:extension:largeBlob: true, webauthn:extension:minPinLength: true, webauthn:extension:prf: true, webauthn:virtualAuthenticators: true}
Element: [[ChromeDriver: chrome on windows (69ef78cd3f3f38070a3dc937fdd90ad8)] -&gt; xpath: //*[@id=&apos;answer_form&apos;]/div/div/div[1]/textarea]
Session ID: 69ef78cd3f3f38070a3dc937fdd90ad8
	at java.base/jdk.internal.reflect.NativeConstructorAccessorImpl.newInstance0(Native Method)
	at java.base/jdk.internal.reflect.NativeConstructorAccessorImpl.newInstance(NativeConstructorAccessorImpl.java:77)
	at java.base/jdk.internal.reflect.DelegatingConstructorAccessorImpl.newInstance(DelegatingConstructorAccessorImpl.java:45)
	at java.base/java.lang.reflect.Constructor.newInstanceWithCaller(Constructor.java:499)
	at java.base/java.lang.reflect.Constructor.newInstance(Constructor.java:480)
	at org.openqa.selenium.remote.codec.w3c.W3CHttpResponseCodec.createException(W3CHttpResponseCodec.java:200)
	at org.openqa.selenium.remote.codec.w3c.W3CHttpResponseCodec.decode(W3CHttpResponseCodec.java:133)
	at org.openqa.selenium.remote.codec.w3c.W3CHttpResponseCodec.decode(W3CHttpResponseCodec.java:53)
	at org.openqa.selenium.remote.HttpCommandExecutor.execute(HttpCommandExecutor.java:193)
	at org.openqa.selenium.remote.service.DriverCommandExecutor.invokeExecute(DriverCommandExecutor.java:183)
	at org.openqa.selenium.remote.service.DriverCommandExecutor.execute(DriverCommandExecutor.java:158)
	at org.openqa.selenium.remote.RemoteWebDriver.execute(RemoteWebDriver.java:543)
	at org.openqa.selenium.remote.RemoteWebElement.execute(RemoteWebElement.java:257)
	at org.openqa.selenium.remote.RemoteWebElement.sendKeys(RemoteWebElement.java:113)
	at jdk.internal.reflect.GeneratedMethodAccessor213.invoke(Unknown Source)
	at java.base/jdk.internal.reflect.DelegatingMethodAccessorImpl.invoke(DelegatingMethodAccessorImpl.java:43)
	at java.base/java.lang.reflect.Method.invoke(Method.java:568)
	at org.openqa.selenium.support.pagefactory.internal.LocatingElementHandler.invoke(LocatingElementHandler.java:52)
	at jdk.proxy2/jdk.proxy2.$Proxy46.sendKeys(Unknown Source)
	at dsAlgo_Utilities.PageUtils.entercode(PageUtils.java:45)
	at dsAlgo_PageObject.JTreePage.enter_code(JTreePage.java:56)
	at dsAlgo_StepDefinition.JTreePage_SD.the_user_enter_valid_python_code_in_stack_try_editor_from_sheet_and(JTreePage_SD.java:61)
	at ✽.The user enter valid python code in tree tryEditor from sheet &quot;array&quot; and 0(file:///C:/Users/subas/eclipse-workspace-new/Z_DS-Algo_BDDcopy/src/test/resources/Features/JTreePage.feature:49)
</pre></div></td>
<td>15</td>
<td>dsAlgo_TestRunner.TestRunner@344f4dea</td></tr>
<tr>
<td title='dsAlgo_TestRunner.TestRunner.runScenario()'><b>runScenario</b><br>Test class: dsAlgo_TestRunner.TestRunner<br>Test method: Runs Cucumber Scenarios<br>Parameters: "The user is able tree run code in tryEditor", "Optional[Test Tree Page]"</td>
<td><div><pre>org.openqa.selenium.ElementNotInteractableException: element not interactable
  (Session info: chrome=114.0.5735.199)
Build info: version: &apos;4.9.1&apos;, revision: &apos;eb2032df7f&apos;
System info: os.name: &apos;Windows 11&apos;, os.arch: &apos;amd64&apos;, os.version: &apos;10.0&apos;, java.version: &apos;17.0.7&apos;
Driver info: org.openqa.selenium.chrome.ChromeDriver
Command: [69ef78cd3f3f38070a3dc937fdd90ad8, sendKeysToElement {id=23EED3DFFADDFE60EE70F46FCC86B8A3_element_2753, value=[Ljava.lang.CharSequence;@160aa1b6}]
Capabilities {acceptInsecureCerts: false, browserName: chrome, browserVersion: 114.0.5735.199, chrome: {chromedriverVersion: 114.0.5735.90 (386bc09e8f4f..., userDataDir: C:\Users\subas\AppData\Loca...}, goog:chromeOptions: {debuggerAddress: localhost:52471}, networkConnectionEnabled: false, pageLoadStrategy: normal, platformName: windows, proxy: Proxy(), se:cdp: ws://localhost:52471/devtoo..., se:cdpVersion: 114.0.5735.199, setWindowRect: true, strictFileInteractability: false, timeouts: {implicit: 0, pageLoad: 300000, script: 30000}, unhandledPromptBehavior: dismiss and notify, webauthn:extension:credBlob: true, webauthn:extension:largeBlob: true, webauthn:extension:minPinLength: true, webauthn:extension:prf: true, webauthn:virtualAuthenticators: true}
Element: [[ChromeDriver: chrome on windows (69ef78cd3f3f38070a3dc937fdd90ad8)] -&gt; xpath: //*[@id=&apos;answer_form&apos;]/div/div/div[1]/textarea]
Session ID: 69ef78cd3f3f38070a3dc937fdd90ad8
	at org.openqa.selenium.remote.codec.w3c.W3CHttpResponseCodec.createException(W3CHttpResponseCodec.java:200)
	at org.openqa.selenium.remote.codec.w3c.W3CHttpResponseCodec.decode(W3CHttpResponseCodec.java:133)
	at org.openqa.selenium.remote.codec.w3c.W3CHttpResponseCodec.decode(W3CHttpResponseCodec.java:53)
	at org.openqa.selenium.remote.HttpCommandExecutor.execute(HttpCommandExecutor.java:193)
	at org.openqa.selenium.remote.service.DriverCommandExecutor.invokeExecute(DriverCommandExecutor.java:183)
	at org.openqa.selenium.remote.service.DriverCommandExecutor.execute(DriverCommandExecutor.java:158)
	at org.openqa.selenium.remote.RemoteWebDriver.execute(RemoteWebDriver.java:543)
	at org.openqa.selenium.remote.RemoteWebElement.execute(RemoteWebElement.java:257)
	at org.openqa.selenium.remote.RemoteWebElement.sendKeys(RemoteWebElement.java:113)
	at org.openqa.selenium.support.pagefactory.internal.LocatingElementHandler.invoke(LocatingElementHandler.java:52)
	at jdk.proxy2/jdk.proxy2.$Proxy46.sendKeys(Unknown Source)
	at dsAlgo_Utilities.PageUtils.entercode(PageUtils.java:45)
	at dsAlgo_PageObject.JTreePage.enter_code(JTreePage.java:56)
	at dsAlgo_StepDefinition.JTreePage_SD.the_user_enter_valid_python_code_in_stack_try_editor_from_sheet_and(JTreePage_SD.java:61)
	at ✽.The user enter valid python code in tree tryEditor from sheet &quot;array&quot; and 0(file:///C:/Users/subas/eclipse-workspace-new/Z_DS-Algo_BDDcopy/src/test/resources/Features/JTreePage.feature:49)
... Removed 8 stack frames</pre></div><a href='#' onClick='toggleBox("stack-trace1708008064", this, "Click to show all stack frames", "Click to hide stack frames")'>Click to show all stack frames</a>
<div class='stack-trace' id='stack-trace1708008064'><pre>org.openqa.selenium.ElementNotInteractableException: element not interactable
  (Session info: chrome=114.0.5735.199)
Build info: version: &apos;4.9.1&apos;, revision: &apos;eb2032df7f&apos;
System info: os.name: &apos;Windows 11&apos;, os.arch: &apos;amd64&apos;, os.version: &apos;10.0&apos;, java.version: &apos;17.0.7&apos;
Driver info: org.openqa.selenium.chrome.ChromeDriver
Command: [69ef78cd3f3f38070a3dc937fdd90ad8, sendKeysToElement {id=23EED3DFFADDFE60EE70F46FCC86B8A3_element_2753, value=[Ljava.lang.CharSequence;@160aa1b6}]
Capabilities {acceptInsecureCerts: false, browserName: chrome, browserVersion: 114.0.5735.199, chrome: {chromedriverVersion: 114.0.5735.90 (386bc09e8f4f..., userDataDir: C:\Users\subas\AppData\Loca...}, goog:chromeOptions: {debuggerAddress: localhost:52471}, networkConnectionEnabled: false, pageLoadStrategy: normal, platformName: windows, proxy: Proxy(), se:cdp: ws://localhost:52471/devtoo..., se:cdpVersion: 114.0.5735.199, setWindowRect: true, strictFileInteractability: false, timeouts: {implicit: 0, pageLoad: 300000, script: 30000}, unhandledPromptBehavior: dismiss and notify, webauthn:extension:credBlob: true, webauthn:extension:largeBlob: true, webauthn:extension:minPinLength: true, webauthn:extension:prf: true, webauthn:virtualAuthenticators: true}
Element: [[ChromeDriver: chrome on windows (69ef78cd3f3f38070a3dc937fdd90ad8)] -&gt; xpath: //*[@id=&apos;answer_form&apos;]/div/div/div[1]/textarea]
Session ID: 69ef78cd3f3f38070a3dc937fdd90ad8
	at java.base/jdk.internal.reflect.NativeConstructorAccessorImpl.newInstance0(Native Method)
	at java.base/jdk.internal.reflect.NativeConstructorAccessorImpl.newInstance(NativeConstructorAccessorImpl.java:77)
	at java.base/jdk.internal.reflect.DelegatingConstructorAccessorImpl.newInstance(DelegatingConstructorAccessorImpl.java:45)
	at java.base/java.lang.reflect.Constructor.newInstanceWithCaller(Constructor.java:499)
	at java.base/java.lang.reflect.Constructor.newInstance(Constructor.java:480)
	at org.openqa.selenium.remote.codec.w3c.W3CHttpResponseCodec.createException(W3CHttpResponseCodec.java:200)
	at org.openqa.selenium.remote.codec.w3c.W3CHttpResponseCodec.decode(W3CHttpResponseCodec.java:133)
	at org.openqa.selenium.remote.codec.w3c.W3CHttpResponseCodec.decode(W3CHttpResponseCodec.java:53)
	at org.openqa.selenium.remote.HttpCommandExecutor.execute(HttpCommandExecutor.java:193)
	at org.openqa.selenium.remote.service.DriverCommandExecutor.invokeExecute(DriverCommandExecutor.java:183)
	at org.openqa.selenium.remote.service.DriverCommandExecutor.execute(DriverCommandExecutor.java:158)
	at org.openqa.selenium.remote.RemoteWebDriver.execute(RemoteWebDriver.java:543)
	at org.openqa.selenium.remote.RemoteWebElement.execute(RemoteWebElement.java:257)
	at org.openqa.selenium.remote.RemoteWebElement.sendKeys(RemoteWebElement.java:113)
	at jdk.internal.reflect.GeneratedMethodAccessor213.invoke(Unknown Source)
	at java.base/jdk.internal.reflect.DelegatingMethodAccessorImpl.invoke(DelegatingMethodAccessorImpl.java:43)
	at java.base/java.lang.reflect.Method.invoke(Method.java:568)
	at org.openqa.selenium.support.pagefactory.internal.LocatingElementHandler.invoke(LocatingElementHandler.java:52)
	at jdk.proxy2/jdk.proxy2.$Proxy46.sendKeys(Unknown Source)
	at dsAlgo_Utilities.PageUtils.entercode(PageUtils.java:45)
	at dsAlgo_PageObject.JTreePage.enter_code(JTreePage.java:56)
	at dsAlgo_StepDefinition.JTreePage_SD.the_user_enter_valid_python_code_in_stack_try_editor_from_sheet_and(JTreePage_SD.java:61)
	at ✽.The user enter valid python code in tree tryEditor from sheet &quot;array&quot; and 0(file:///C:/Users/subas/eclipse-workspace-new/Z_DS-Algo_BDDcopy/src/test/resources/Features/JTreePage.feature:49)
</pre></div></td>
<td>13</td>
<td>dsAlgo_TestRunner.TestRunner@344f4dea</td></tr>
<tr>
<td title='dsAlgo_TestRunner.TestRunner.runScenario()'><b>runScenario</b><br>Test class: dsAlgo_TestRunner.TestRunner<br>Test method: Runs Cucumber Scenarios<br>Parameters: "The user is able run code in tryEditor", "Optional[Test Tree Page]"</td>
<td><div><pre>org.openqa.selenium.ElementNotInteractableException: element not interactable
  (Session info: chrome=114.0.5735.199)
Build info: version: &apos;4.9.1&apos;, revision: &apos;eb2032df7f&apos;
System info: os.name: &apos;Windows 11&apos;, os.arch: &apos;amd64&apos;, os.version: &apos;10.0&apos;, java.version: &apos;17.0.7&apos;
Driver info: org.openqa.selenium.chrome.ChromeDriver
Command: [69ef78cd3f3f38070a3dc937fdd90ad8, sendKeysToElement {id=E3DF58D72AF3651E03A3F153317F7098_element_3102, value=[Ljava.lang.CharSequence;@89e7dc5}]
Capabilities {acceptInsecureCerts: false, browserName: chrome, browserVersion: 114.0.5735.199, chrome: {chromedriverVersion: 114.0.5735.90 (386bc09e8f4f..., userDataDir: C:\Users\subas\AppData\Loca...}, goog:chromeOptions: {debuggerAddress: localhost:52471}, networkConnectionEnabled: false, pageLoadStrategy: normal, platformName: windows, proxy: Proxy(), se:cdp: ws://localhost:52471/devtoo..., se:cdpVersion: 114.0.5735.199, setWindowRect: true, strictFileInteractability: false, timeouts: {implicit: 0, pageLoad: 300000, script: 30000}, unhandledPromptBehavior: dismiss and notify, webauthn:extension:credBlob: true, webauthn:extension:largeBlob: true, webauthn:extension:minPinLength: true, webauthn:extension:prf: true, webauthn:virtualAuthenticators: true}
Element: [[ChromeDriver: chrome on windows (69ef78cd3f3f38070a3dc937fdd90ad8)] -&gt; xpath: //*[@id=&apos;answer_form&apos;]/div/div/div[1]/textarea]
Session ID: 69ef78cd3f3f38070a3dc937fdd90ad8
	at org.openqa.selenium.remote.codec.w3c.W3CHttpResponseCodec.createException(W3CHttpResponseCodec.java:200)
	at org.openqa.selenium.remote.codec.w3c.W3CHttpResponseCodec.decode(W3CHttpResponseCodec.java:133)
	at org.openqa.selenium.remote.codec.w3c.W3CHttpResponseCodec.decode(W3CHttpResponseCodec.java:53)
	at org.openqa.selenium.remote.HttpCommandExecutor.execute(HttpCommandExecutor.java:193)
	at org.openqa.selenium.remote.service.DriverCommandExecutor.invokeExecute(DriverCommandExecutor.java:183)
	at org.openqa.selenium.remote.service.DriverCommandExecutor.execute(DriverCommandExecutor.java:158)
	at org.openqa.selenium.remote.RemoteWebDriver.execute(RemoteWebDriver.java:543)
	at org.openqa.selenium.remote.RemoteWebElement.execute(RemoteWebElement.java:257)
	at org.openqa.selenium.remote.RemoteWebElement.sendKeys(RemoteWebElement.java:113)
	at org.openqa.selenium.support.pagefactory.internal.LocatingElementHandler.invoke(LocatingElementHandler.java:52)
	at jdk.proxy2/jdk.proxy2.$Proxy46.sendKeys(Unknown Source)
	at dsAlgo_Utilities.PageUtils.entercode(PageUtils.java:45)
	at dsAlgo_PageObject.JTreePage.enter_code(JTreePage.java:56)
	at dsAlgo_StepDefinition.JTreePage_SD.the_user_enter_python_code_with_invalid_syntax_in_try_editor_from_sheet_and(JTreePage_SD.java:79)
	at ✽.The user enter python code with invalid syntax in tree tryEditor from sheet &quot;array&quot; and 1(file:///C:/Users/subas/eclipse-workspace-new/Z_DS-Algo_BDDcopy/src/test/resources/Features/JTreePage.feature:70)
... Removed 7 stack frames</pre></div><a href='#' onClick='toggleBox("stack-trace197414667", this, "Click to show all stack frames", "Click to hide stack frames")'>Click to show all stack frames</a>
<div class='stack-trace' id='stack-trace197414667'><pre>org.openqa.selenium.ElementNotInteractableException: element not interactable
  (Session info: chrome=114.0.5735.199)
Build info: version: &apos;4.9.1&apos;, revision: &apos;eb2032df7f&apos;
System info: os.name: &apos;Windows 11&apos;, os.arch: &apos;amd64&apos;, os.version: &apos;10.0&apos;, java.version: &apos;17.0.7&apos;
Driver info: org.openqa.selenium.chrome.ChromeDriver
Command: [69ef78cd3f3f38070a3dc937fdd90ad8, sendKeysToElement {id=E3DF58D72AF3651E03A3F153317F7098_element_3102, value=[Ljava.lang.CharSequence;@89e7dc5}]
Capabilities {acceptInsecureCerts: false, browserName: chrome, browserVersion: 114.0.5735.199, chrome: {chromedriverVersion: 114.0.5735.90 (386bc09e8f4f..., userDataDir: C:\Users\subas\AppData\Loca...}, goog:chromeOptions: {debuggerAddress: localhost:52471}, networkConnectionEnabled: false, pageLoadStrategy: normal, platformName: windows, proxy: Proxy(), se:cdp: ws://localhost:52471/devtoo..., se:cdpVersion: 114.0.5735.199, setWindowRect: true, strictFileInteractability: false, timeouts: {implicit: 0, pageLoad: 300000, script: 30000}, unhandledPromptBehavior: dismiss and notify, webauthn:extension:credBlob: true, webauthn:extension:largeBlob: true, webauthn:extension:minPinLength: true, webauthn:extension:prf: true, webauthn:virtualAuthenticators: true}
Element: [[ChromeDriver: chrome on windows (69ef78cd3f3f38070a3dc937fdd90ad8)] -&gt; xpath: //*[@id=&apos;answer_form&apos;]/div/div/div[1]/textarea]
Session ID: 69ef78cd3f3f38070a3dc937fdd90ad8
	at jdk.internal.reflect.GeneratedConstructorAccessor84.newInstance(Unknown Source)
	at java.base/jdk.internal.reflect.DelegatingConstructorAccessorImpl.newInstance(DelegatingConstructorAccessorImpl.java:45)
	at java.base/java.lang.reflect.Constructor.newInstanceWithCaller(Constructor.java:499)
	at java.base/java.lang.reflect.Constructor.newInstance(Constructor.java:480)
	at org.openqa.selenium.remote.codec.w3c.W3CHttpResponseCodec.createException(W3CHttpResponseCodec.java:200)
	at org.openqa.selenium.remote.codec.w3c.W3CHttpResponseCodec.decode(W3CHttpResponseCodec.java:133)
	at org.openqa.selenium.remote.codec.w3c.W3CHttpResponseCodec.decode(W3CHttpResponseCodec.java:53)
	at org.openqa.selenium.remote.HttpCommandExecutor.execute(HttpCommandExecutor.java:193)
	at org.openqa.selenium.remote.service.DriverCommandExecutor.invokeExecute(DriverCommandExecutor.java:183)
	at org.openqa.selenium.remote.service.DriverCommandExecutor.execute(DriverCommandExecutor.java:158)
	at org.openqa.selenium.remote.RemoteWebDriver.execute(RemoteWebDriver.java:543)
	at org.openqa.selenium.remote.RemoteWebElement.execute(RemoteWebElement.java:257)
	at org.openqa.selenium.remote.RemoteWebElement.sendKeys(RemoteWebElement.java:113)
	at jdk.internal.reflect.GeneratedMethodAccessor213.invoke(Unknown Source)
	at java.base/jdk.internal.reflect.DelegatingMethodAccessorImpl.invoke(DelegatingMethodAccessorImpl.java:43)
	at java.base/java.lang.reflect.Method.invoke(Method.java:568)
	at org.openqa.selenium.support.pagefactory.internal.LocatingElementHandler.invoke(LocatingElementHandler.java:52)
	at jdk.proxy2/jdk.proxy2.$Proxy46.sendKeys(Unknown Source)
	at dsAlgo_Utilities.PageUtils.entercode(PageUtils.java:45)
	at dsAlgo_PageObject.JTreePage.enter_code(JTreePage.java:56)
	at dsAlgo_StepDefinition.JTreePage_SD.the_user_enter_python_code_with_invalid_syntax_in_try_editor_from_sheet_and(JTreePage_SD.java:79)
	at ✽.The user enter python code with invalid syntax in tree tryEditor from sheet &quot;array&quot; and 1(file:///C:/Users/subas/eclipse-workspace-new/Z_DS-Algo_BDDcopy/src/test/resources/Features/JTreePage.feature:70)
</pre></div></td>
<td>11</td>
<td>dsAlgo_TestRunner.TestRunner@344f4dea</td></tr>
<tr>
<td title='dsAlgo_TestRunner.TestRunner.runScenario()'><b>runScenario</b><br>Test class: dsAlgo_TestRunner.TestRunner<br>Test method: Runs Cucumber Scenarios<br>Parameters: "The user is able run code in tryEditor", "Optional[Test DataStructure  page]"</td>
<td><div><pre>org.openqa.selenium.ElementNotInteractableException: element not interactable
  (Session info: chrome=114.0.5735.199)
Build info: version: &apos;4.9.1&apos;, revision: &apos;eb2032df7f&apos;
System info: os.name: &apos;Windows 11&apos;, os.arch: &apos;amd64&apos;, os.version: &apos;10.0&apos;, java.version: &apos;17.0.7&apos;
Driver info: org.openqa.selenium.chrome.ChromeDriver
Command: [69ef78cd3f3f38070a3dc937fdd90ad8, sendKeysToElement {id=A05FFCD99F83B8C9C4B35E735946EF9A_element_443, value=[Ljava.lang.CharSequence;@6ad77fa8}]
Capabilities {acceptInsecureCerts: false, browserName: chrome, browserVersion: 114.0.5735.199, chrome: {chromedriverVersion: 114.0.5735.90 (386bc09e8f4f..., userDataDir: C:\Users\subas\AppData\Loca...}, goog:chromeOptions: {debuggerAddress: localhost:52471}, networkConnectionEnabled: false, pageLoadStrategy: normal, platformName: windows, proxy: Proxy(), se:cdp: ws://localhost:52471/devtoo..., se:cdpVersion: 114.0.5735.199, setWindowRect: true, strictFileInteractability: false, timeouts: {implicit: 0, pageLoad: 300000, script: 30000}, unhandledPromptBehavior: dismiss and notify, webauthn:extension:credBlob: true, webauthn:extension:largeBlob: true, webauthn:extension:minPinLength: true, webauthn:extension:prf: true, webauthn:virtualAuthenticators: true}
Element: [[ChromeDriver: chrome on windows (69ef78cd3f3f38070a3dc937fdd90ad8)] -&gt; xpath: //*[@id=&apos;answer_form&apos;]/div/div/div[1]/textarea]
Session ID: 69ef78cd3f3f38070a3dc937fdd90ad8
	at org.openqa.selenium.remote.codec.w3c.W3CHttpResponseCodec.createException(W3CHttpResponseCodec.java:200)
	at org.openqa.selenium.remote.codec.w3c.W3CHttpResponseCodec.decode(W3CHttpResponseCodec.java:133)
	at org.openqa.selenium.remote.codec.w3c.W3CHttpResponseCodec.decode(W3CHttpResponseCodec.java:53)
	at org.openqa.selenium.remote.HttpCommandExecutor.execute(HttpCommandExecutor.java:193)
	at org.openqa.selenium.remote.service.DriverCommandExecutor.invokeExecute(DriverCommandExecutor.java:183)
	at org.openqa.selenium.remote.service.DriverCommandExecutor.execute(DriverCommandExecutor.java:158)
	at org.openqa.selenium.remote.RemoteWebDriver.execute(RemoteWebDriver.java:543)
	at org.openqa.selenium.remote.RemoteWebElement.execute(RemoteWebElement.java:257)
	at org.openqa.selenium.remote.RemoteWebElement.sendKeys(RemoteWebElement.java:113)
	at org.openqa.selenium.support.pagefactory.internal.LocatingElementHandler.invoke(LocatingElementHandler.java:52)
	at jdk.proxy2/jdk.proxy2.$Proxy46.sendKeys(Unknown Source)
	at dsAlgo_Utilities.PageUtils.entercode(PageUtils.java:45)
	at dsAlgo_PageObject.EDataStructurePage.enter_code(EDataStructurePage.java:44)
	at dsAlgo_StepDefinition.EDataStructurePage_SD.the_user_enter_python_ds_code_with_invalid_syntax_in_try_editor_from_sheet_and(EDataStructurePage_SD.java:76)
	at ✽.The user enter python DS code with invalid syntax in tryEditor from sheet &quot;array&quot; and 1(file:///C:/Users/subas/eclipse-workspace-new/Z_DS-Algo_BDDcopy/src/test/resources/Features/EDataStructurePage.feature:24)
... Removed 8 stack frames</pre></div><a href='#' onClick='toggleBox("stack-trace630541476", this, "Click to show all stack frames", "Click to hide stack frames")'>Click to show all stack frames</a>
<div class='stack-trace' id='stack-trace630541476'><pre>org.openqa.selenium.ElementNotInteractableException: element not interactable
  (Session info: chrome=114.0.5735.199)
Build info: version: &apos;4.9.1&apos;, revision: &apos;eb2032df7f&apos;
System info: os.name: &apos;Windows 11&apos;, os.arch: &apos;amd64&apos;, os.version: &apos;10.0&apos;, java.version: &apos;17.0.7&apos;
Driver info: org.openqa.selenium.chrome.ChromeDriver
Command: [69ef78cd3f3f38070a3dc937fdd90ad8, sendKeysToElement {id=A05FFCD99F83B8C9C4B35E735946EF9A_element_443, value=[Ljava.lang.CharSequence;@6ad77fa8}]
Capabilities {acceptInsecureCerts: false, browserName: chrome, browserVersion: 114.0.5735.199, chrome: {chromedriverVersion: 114.0.5735.90 (386bc09e8f4f..., userDataDir: C:\Users\subas\AppData\Loca...}, goog:chromeOptions: {debuggerAddress: localhost:52471}, networkConnectionEnabled: false, pageLoadStrategy: normal, platformName: windows, proxy: Proxy(), se:cdp: ws://localhost:52471/devtoo..., se:cdpVersion: 114.0.5735.199, setWindowRect: true, strictFileInteractability: false, timeouts: {implicit: 0, pageLoad: 300000, script: 30000}, unhandledPromptBehavior: dismiss and notify, webauthn:extension:credBlob: true, webauthn:extension:largeBlob: true, webauthn:extension:minPinLength: true, webauthn:extension:prf: true, webauthn:virtualAuthenticators: true}
Element: [[ChromeDriver: chrome on windows (69ef78cd3f3f38070a3dc937fdd90ad8)] -&gt; xpath: //*[@id=&apos;answer_form&apos;]/div/div/div[1]/textarea]
Session ID: 69ef78cd3f3f38070a3dc937fdd90ad8
	at java.base/jdk.internal.reflect.NativeConstructorAccessorImpl.newInstance0(Native Method)
	at java.base/jdk.internal.reflect.NativeConstructorAccessorImpl.newInstance(NativeConstructorAccessorImpl.java:77)
	at java.base/jdk.internal.reflect.DelegatingConstructorAccessorImpl.newInstance(DelegatingConstructorAccessorImpl.java:45)
	at java.base/java.lang.reflect.Constructor.newInstanceWithCaller(Constructor.java:499)
	at java.base/java.lang.reflect.Constructor.newInstance(Constructor.java:480)
	at org.openqa.selenium.remote.codec.w3c.W3CHttpResponseCodec.createException(W3CHttpResponseCodec.java:200)
	at org.openqa.selenium.remote.codec.w3c.W3CHttpResponseCodec.decode(W3CHttpResponseCodec.java:133)
	at org.openqa.selenium.remote.codec.w3c.W3CHttpResponseCodec.decode(W3CHttpResponseCodec.java:53)
	at org.openqa.selenium.remote.HttpCommandExecutor.execute(HttpCommandExecutor.java:193)
	at org.openqa.selenium.remote.service.DriverCommandExecutor.invokeExecute(DriverCommandExecutor.java:183)
	at org.openqa.selenium.remote.service.DriverCommandExecutor.execute(DriverCommandExecutor.java:158)
	at org.openqa.selenium.remote.RemoteWebDriver.execute(RemoteWebDriver.java:543)
	at org.openqa.selenium.remote.RemoteWebElement.execute(RemoteWebElement.java:257)
	at org.openqa.selenium.remote.RemoteWebElement.sendKeys(RemoteWebElement.java:113)
	at jdk.internal.reflect.GeneratedMethodAccessor213.invoke(Unknown Source)
	at java.base/jdk.internal.reflect.DelegatingMethodAccessorImpl.invoke(DelegatingMethodAccessorImpl.java:43)
	at java.base/java.lang.reflect.Method.invoke(Method.java:568)
	at org.openqa.selenium.support.pagefactory.internal.LocatingElementHandler.invoke(LocatingElementHandler.java:52)
	at jdk.proxy2/jdk.proxy2.$Proxy46.sendKeys(Unknown Source)
	at dsAlgo_Utilities.PageUtils.entercode(PageUtils.java:45)
	at dsAlgo_PageObject.EDataStructurePage.enter_code(EDataStructurePage.java:44)
	at dsAlgo_StepDefinition.EDataStructurePage_SD.the_user_enter_python_ds_code_with_invalid_syntax_in_try_editor_from_sheet_and(EDataStructurePage_SD.java:76)
	at ✽.The user enter python DS code with invalid syntax in tryEditor from sheet &quot;array&quot; and 1(file:///C:/Users/subas/eclipse-workspace-new/Z_DS-Algo_BDDcopy/src/test/resources/Features/EDataStructurePage.feature:24)
</pre></div></td>
<td>15</td>
<td>dsAlgo_TestRunner.TestRunner@344f4dea</td></tr>
<tr>
<td title='dsAlgo_TestRunner.TestRunner.runScenario()'><b>runScenario</b><br>Test class: dsAlgo_TestRunner.TestRunner<br>Test method: Runs Cucumber Scenarios<br>Parameters: "The user is able run code in tryEditor", "Optional[Test Tree Page]"</td>
<td><div><pre>org.openqa.selenium.ElementNotInteractableException: element not interactable
  (Session info: chrome=114.0.5735.199)
Build info: version: &apos;4.9.1&apos;, revision: &apos;eb2032df7f&apos;
System info: os.name: &apos;Windows 11&apos;, os.arch: &apos;amd64&apos;, os.version: &apos;10.0&apos;, java.version: &apos;17.0.7&apos;
Driver info: org.openqa.selenium.chrome.ChromeDriver
Command: [69ef78cd3f3f38070a3dc937fdd90ad8, sendKeysToElement {id=36D6424A561793E32035C1CD6AE0A7CD_element_3149, value=[Ljava.lang.CharSequence;@2be208c5}]
Capabilities {acceptInsecureCerts: false, browserName: chrome, browserVersion: 114.0.5735.199, chrome: {chromedriverVersion: 114.0.5735.90 (386bc09e8f4f..., userDataDir: C:\Users\subas\AppData\Loca...}, goog:chromeOptions: {debuggerAddress: localhost:52471}, networkConnectionEnabled: false, pageLoadStrategy: normal, platformName: windows, proxy: Proxy(), se:cdp: ws://localhost:52471/devtoo..., se:cdpVersion: 114.0.5735.199, setWindowRect: true, strictFileInteractability: false, timeouts: {implicit: 0, pageLoad: 300000, script: 30000}, unhandledPromptBehavior: dismiss and notify, webauthn:extension:credBlob: true, webauthn:extension:largeBlob: true, webauthn:extension:minPinLength: true, webauthn:extension:prf: true, webauthn:virtualAuthenticators: true}
Element: [[ChromeDriver: chrome on windows (69ef78cd3f3f38070a3dc937fdd90ad8)] -&gt; xpath: //*[@id=&apos;answer_form&apos;]/div/div/div[1]/textarea]
Session ID: 69ef78cd3f3f38070a3dc937fdd90ad8
	at org.openqa.selenium.remote.codec.w3c.W3CHttpResponseCodec.createException(W3CHttpResponseCodec.java:200)
	at org.openqa.selenium.remote.codec.w3c.W3CHttpResponseCodec.decode(W3CHttpResponseCodec.java:133)
	at org.openqa.selenium.remote.codec.w3c.W3CHttpResponseCodec.decode(W3CHttpResponseCodec.java:53)
	at org.openqa.selenium.remote.HttpCommandExecutor.execute(HttpCommandExecutor.java:193)
	at org.openqa.selenium.remote.service.DriverCommandExecutor.invokeExecute(DriverCommandExecutor.java:183)
	at org.openqa.selenium.remote.service.DriverCommandExecutor.execute(DriverCommandExecutor.java:158)
	at org.openqa.selenium.remote.RemoteWebDriver.execute(RemoteWebDriver.java:543)
	at org.openqa.selenium.remote.RemoteWebElement.execute(RemoteWebElement.java:257)
	at org.openqa.selenium.remote.RemoteWebElement.sendKeys(RemoteWebElement.java:113)
	at org.openqa.selenium.support.pagefactory.internal.LocatingElementHandler.invoke(LocatingElementHandler.java:52)
	at jdk.proxy2/jdk.proxy2.$Proxy46.sendKeys(Unknown Source)
	at dsAlgo_Utilities.PageUtils.entercode(PageUtils.java:45)
	at dsAlgo_PageObject.JTreePage.enter_code(JTreePage.java:56)
	at dsAlgo_StepDefinition.JTreePage_SD.the_user_enter_python_code_with_invalid_syntax_in_try_editor_from_sheet_and(JTreePage_SD.java:79)
	at ✽.The user enter python code with invalid syntax in tree tryEditor from sheet &quot;array&quot; and 1(file:///C:/Users/subas/eclipse-workspace-new/Z_DS-Algo_BDDcopy/src/test/resources/Features/JTreePage.feature:70)
... Removed 7 stack frames</pre></div><a href='#' onClick='toggleBox("stack-trace319784412", this, "Click to show all stack frames", "Click to hide stack frames")'>Click to show all stack frames</a>
<div class='stack-trace' id='stack-trace319784412'><pre>org.openqa.selenium.ElementNotInteractableException: element not interactable
  (Session info: chrome=114.0.5735.199)
Build info: version: &apos;4.9.1&apos;, revision: &apos;eb2032df7f&apos;
System info: os.name: &apos;Windows 11&apos;, os.arch: &apos;amd64&apos;, os.version: &apos;10.0&apos;, java.version: &apos;17.0.7&apos;
Driver info: org.openqa.selenium.chrome.ChromeDriver
Command: [69ef78cd3f3f38070a3dc937fdd90ad8, sendKeysToElement {id=36D6424A561793E32035C1CD6AE0A7CD_element_3149, value=[Ljava.lang.CharSequence;@2be208c5}]
Capabilities {acceptInsecureCerts: false, browserName: chrome, browserVersion: 114.0.5735.199, chrome: {chromedriverVersion: 114.0.5735.90 (386bc09e8f4f..., userDataDir: C:\Users\subas\AppData\Loca...}, goog:chromeOptions: {debuggerAddress: localhost:52471}, networkConnectionEnabled: false, pageLoadStrategy: normal, platformName: windows, proxy: Proxy(), se:cdp: ws://localhost:52471/devtoo..., se:cdpVersion: 114.0.5735.199, setWindowRect: true, strictFileInteractability: false, timeouts: {implicit: 0, pageLoad: 300000, script: 30000}, unhandledPromptBehavior: dismiss and notify, webauthn:extension:credBlob: true, webauthn:extension:largeBlob: true, webauthn:extension:minPinLength: true, webauthn:extension:prf: true, webauthn:virtualAuthenticators: true}
Element: [[ChromeDriver: chrome on windows (69ef78cd3f3f38070a3dc937fdd90ad8)] -&gt; xpath: //*[@id=&apos;answer_form&apos;]/div/div/div[1]/textarea]
Session ID: 69ef78cd3f3f38070a3dc937fdd90ad8
	at jdk.internal.reflect.GeneratedConstructorAccessor84.newInstance(Unknown Source)
	at java.base/jdk.internal.reflect.DelegatingConstructorAccessorImpl.newInstance(DelegatingConstructorAccessorImpl.java:45)
	at java.base/java.lang.reflect.Constructor.newInstanceWithCaller(Constructor.java:499)
	at java.base/java.lang.reflect.Constructor.newInstance(Constructor.java:480)
	at org.openqa.selenium.remote.codec.w3c.W3CHttpResponseCodec.createException(W3CHttpResponseCodec.java:200)
	at org.openqa.selenium.remote.codec.w3c.W3CHttpResponseCodec.decode(W3CHttpResponseCodec.java:133)
	at org.openqa.selenium.remote.codec.w3c.W3CHttpResponseCodec.decode(W3CHttpResponseCodec.java:53)
	at org.openqa.selenium.remote.HttpCommandExecutor.execute(HttpCommandExecutor.java:193)
	at org.openqa.selenium.remote.service.DriverCommandExecutor.invokeExecute(DriverCommandExecutor.java:183)
	at org.openqa.selenium.remote.service.DriverCommandExecutor.execute(DriverCommandExecutor.java:158)
	at org.openqa.selenium.remote.RemoteWebDriver.execute(RemoteWebDriver.java:543)
	at org.openqa.selenium.remote.RemoteWebElement.execute(RemoteWebElement.java:257)
	at org.openqa.selenium.remote.RemoteWebElement.sendKeys(RemoteWebElement.java:113)
	at jdk.internal.reflect.GeneratedMethodAccessor213.invoke(Unknown Source)
	at java.base/jdk.internal.reflect.DelegatingMethodAccessorImpl.invoke(DelegatingMethodAccessorImpl.java:43)
	at java.base/java.lang.reflect.Method.invoke(Method.java:568)
	at org.openqa.selenium.support.pagefactory.internal.LocatingElementHandler.invoke(LocatingElementHandler.java:52)
	at jdk.proxy2/jdk.proxy2.$Proxy46.sendKeys(Unknown Source)
	at dsAlgo_Utilities.PageUtils.entercode(PageUtils.java:45)
	at dsAlgo_PageObject.JTreePage.enter_code(JTreePage.java:56)
	at dsAlgo_StepDefinition.JTreePage_SD.the_user_enter_python_code_with_invalid_syntax_in_try_editor_from_sheet_and(JTreePage_SD.java:79)
	at ✽.The user enter python code with invalid syntax in tree tryEditor from sheet &quot;array&quot; and 1(file:///C:/Users/subas/eclipse-workspace-new/Z_DS-Algo_BDDcopy/src/test/resources/Features/JTreePage.feature:70)
</pre></div></td>
<td>11</td>
<td>dsAlgo_TestRunner.TestRunner@344f4dea</td></tr>
<tr>
<td title='dsAlgo_TestRunner.TestRunner.runScenario()'><b>runScenario</b><br>Test class: dsAlgo_TestRunner.TestRunner<br>Test method: Runs Cucumber Scenarios<br>Parameters: "The user is able run code in tryEditor", "Optional[Test Tree Page]"</td>
<td><div><pre>org.openqa.selenium.ElementNotInteractableException: element not interactable
  (Session info: chrome=114.0.5735.199)
Build info: version: &apos;4.9.1&apos;, revision: &apos;eb2032df7f&apos;
System info: os.name: &apos;Windows 11&apos;, os.arch: &apos;amd64&apos;, os.version: &apos;10.0&apos;, java.version: &apos;17.0.7&apos;
Driver info: org.openqa.selenium.chrome.ChromeDriver
Command: [69ef78cd3f3f38070a3dc937fdd90ad8, sendKeysToElement {id=AD5543BD4A1CF26AEF9B6944B351B6F4_element_3126, value=[Ljava.lang.CharSequence;@1d6eebaa}]
Capabilities {acceptInsecureCerts: false, browserName: chrome, browserVersion: 114.0.5735.199, chrome: {chromedriverVersion: 114.0.5735.90 (386bc09e8f4f..., userDataDir: C:\Users\subas\AppData\Loca...}, goog:chromeOptions: {debuggerAddress: localhost:52471}, networkConnectionEnabled: false, pageLoadStrategy: normal, platformName: windows, proxy: Proxy(), se:cdp: ws://localhost:52471/devtoo..., se:cdpVersion: 114.0.5735.199, setWindowRect: true, strictFileInteractability: false, timeouts: {implicit: 0, pageLoad: 300000, script: 30000}, unhandledPromptBehavior: dismiss and notify, webauthn:extension:credBlob: true, webauthn:extension:largeBlob: true, webauthn:extension:minPinLength: true, webauthn:extension:prf: true, webauthn:virtualAuthenticators: true}
Element: [[ChromeDriver: chrome on windows (69ef78cd3f3f38070a3dc937fdd90ad8)] -&gt; xpath: //*[@id=&apos;answer_form&apos;]/div/div/div[1]/textarea]
Session ID: 69ef78cd3f3f38070a3dc937fdd90ad8
	at org.openqa.selenium.remote.codec.w3c.W3CHttpResponseCodec.createException(W3CHttpResponseCodec.java:200)
	at org.openqa.selenium.remote.codec.w3c.W3CHttpResponseCodec.decode(W3CHttpResponseCodec.java:133)
	at org.openqa.selenium.remote.codec.w3c.W3CHttpResponseCodec.decode(W3CHttpResponseCodec.java:53)
	at org.openqa.selenium.remote.HttpCommandExecutor.execute(HttpCommandExecutor.java:193)
	at org.openqa.selenium.remote.service.DriverCommandExecutor.invokeExecute(DriverCommandExecutor.java:183)
	at org.openqa.selenium.remote.service.DriverCommandExecutor.execute(DriverCommandExecutor.java:158)
	at org.openqa.selenium.remote.RemoteWebDriver.execute(RemoteWebDriver.java:543)
	at org.openqa.selenium.remote.RemoteWebElement.execute(RemoteWebElement.java:257)
	at org.openqa.selenium.remote.RemoteWebElement.sendKeys(RemoteWebElement.java:113)
	at org.openqa.selenium.support.pagefactory.internal.LocatingElementHandler.invoke(LocatingElementHandler.java:52)
	at jdk.proxy2/jdk.proxy2.$Proxy46.sendKeys(Unknown Source)
	at dsAlgo_Utilities.PageUtils.entercode(PageUtils.java:45)
	at dsAlgo_PageObject.JTreePage.enter_code(JTreePage.java:56)
	at dsAlgo_StepDefinition.JTreePage_SD.the_user_enter_python_code_with_invalid_syntax_in_try_editor_from_sheet_and(JTreePage_SD.java:79)
	at ✽.The user enter python code with invalid syntax in tree tryEditor from sheet &quot;array&quot; and 1(file:///C:/Users/subas/eclipse-workspace-new/Z_DS-Algo_BDDcopy/src/test/resources/Features/JTreePage.feature:70)
... Removed 7 stack frames</pre></div><a href='#' onClick='toggleBox("stack-trace1718822567", this, "Click to show all stack frames", "Click to hide stack frames")'>Click to show all stack frames</a>
<div class='stack-trace' id='stack-trace1718822567'><pre>org.openqa.selenium.ElementNotInteractableException: element not interactable
  (Session info: chrome=114.0.5735.199)
Build info: version: &apos;4.9.1&apos;, revision: &apos;eb2032df7f&apos;
System info: os.name: &apos;Windows 11&apos;, os.arch: &apos;amd64&apos;, os.version: &apos;10.0&apos;, java.version: &apos;17.0.7&apos;
Driver info: org.openqa.selenium.chrome.ChromeDriver
Command: [69ef78cd3f3f38070a3dc937fdd90ad8, sendKeysToElement {id=AD5543BD4A1CF26AEF9B6944B351B6F4_element_3126, value=[Ljava.lang.CharSequence;@1d6eebaa}]
Capabilities {acceptInsecureCerts: false, browserName: chrome, browserVersion: 114.0.5735.199, chrome: {chromedriverVersion: 114.0.5735.90 (386bc09e8f4f..., userDataDir: C:\Users\subas\AppData\Loca...}, goog:chromeOptions: {debuggerAddress: localhost:52471}, networkConnectionEnabled: false, pageLoadStrategy: normal, platformName: windows, proxy: Proxy(), se:cdp: ws://localhost:52471/devtoo..., se:cdpVersion: 114.0.5735.199, setWindowRect: true, strictFileInteractability: false, timeouts: {implicit: 0, pageLoad: 300000, script: 30000}, unhandledPromptBehavior: dismiss and notify, webauthn:extension:credBlob: true, webauthn:extension:largeBlob: true, webauthn:extension:minPinLength: true, webauthn:extension:prf: true, webauthn:virtualAuthenticators: true}
Element: [[ChromeDriver: chrome on windows (69ef78cd3f3f38070a3dc937fdd90ad8)] -&gt; xpath: //*[@id=&apos;answer_form&apos;]/div/div/div[1]/textarea]
Session ID: 69ef78cd3f3f38070a3dc937fdd90ad8
	at jdk.internal.reflect.GeneratedConstructorAccessor84.newInstance(Unknown Source)
	at java.base/jdk.internal.reflect.DelegatingConstructorAccessorImpl.newInstance(DelegatingConstructorAccessorImpl.java:45)
	at java.base/java.lang.reflect.Constructor.newInstanceWithCaller(Constructor.java:499)
	at java.base/java.lang.reflect.Constructor.newInstance(Constructor.java:480)
	at org.openqa.selenium.remote.codec.w3c.W3CHttpResponseCodec.createException(W3CHttpResponseCodec.java:200)
	at org.openqa.selenium.remote.codec.w3c.W3CHttpResponseCodec.decode(W3CHttpResponseCodec.java:133)
	at org.openqa.selenium.remote.codec.w3c.W3CHttpResponseCodec.decode(W3CHttpResponseCodec.java:53)
	at org.openqa.selenium.remote.HttpCommandExecutor.execute(HttpCommandExecutor.java:193)
	at org.openqa.selenium.remote.service.DriverCommandExecutor.invokeExecute(DriverCommandExecutor.java:183)
	at org.openqa.selenium.remote.service.DriverCommandExecutor.execute(DriverCommandExecutor.java:158)
	at org.openqa.selenium.remote.RemoteWebDriver.execute(RemoteWebDriver.java:543)
	at org.openqa.selenium.remote.RemoteWebElement.execute(RemoteWebElement.java:257)
	at org.openqa.selenium.remote.RemoteWebElement.sendKeys(RemoteWebElement.java:113)
	at jdk.internal.reflect.GeneratedMethodAccessor213.invoke(Unknown Source)
	at java.base/jdk.internal.reflect.DelegatingMethodAccessorImpl.invoke(DelegatingMethodAccessorImpl.java:43)
	at java.base/java.lang.reflect.Method.invoke(Method.java:568)
	at org.openqa.selenium.support.pagefactory.internal.LocatingElementHandler.invoke(LocatingElementHandler.java:52)
	at jdk.proxy2/jdk.proxy2.$Proxy46.sendKeys(Unknown Source)
	at dsAlgo_Utilities.PageUtils.entercode(PageUtils.java:45)
	at dsAlgo_PageObject.JTreePage.enter_code(JTreePage.java:56)
	at dsAlgo_StepDefinition.JTreePage_SD.the_user_enter_python_code_with_invalid_syntax_in_try_editor_from_sheet_and(JTreePage_SD.java:79)
	at ✽.The user enter python code with invalid syntax in tree tryEditor from sheet &quot;array&quot; and 1(file:///C:/Users/subas/eclipse-workspace-new/Z_DS-Algo_BDDcopy/src/test/resources/Features/JTreePage.feature:70)
</pre></div></td>
<td>12</td>
<td>dsAlgo_TestRunner.TestRunner@344f4dea</td></tr>
<tr>
<td title='dsAlgo_TestRunner.TestRunner.runScenario()'><b>runScenario</b><br>Test class: dsAlgo_TestRunner.TestRunner<br>Test method: Runs Cucumber Scenarios<br>Parameters: "The user is able tree run code in tryEditor", "Optional[Test Tree Page]"</td>
<td><div><pre>org.openqa.selenium.ElementNotInteractableException: element not interactable
  (Session info: chrome=114.0.5735.199)
Build info: version: &apos;4.9.1&apos;, revision: &apos;eb2032df7f&apos;
System info: os.name: &apos;Windows 11&apos;, os.arch: &apos;amd64&apos;, os.version: &apos;10.0&apos;, java.version: &apos;17.0.7&apos;
Driver info: org.openqa.selenium.chrome.ChromeDriver
Command: [69ef78cd3f3f38070a3dc937fdd90ad8, sendKeysToElement {id=702BC2829E3062EF87D4ACC4E7079180_element_2802, value=[Ljava.lang.CharSequence;@665130a9}]
Capabilities {acceptInsecureCerts: false, browserName: chrome, browserVersion: 114.0.5735.199, chrome: {chromedriverVersion: 114.0.5735.90 (386bc09e8f4f..., userDataDir: C:\Users\subas\AppData\Loca...}, goog:chromeOptions: {debuggerAddress: localhost:52471}, networkConnectionEnabled: false, pageLoadStrategy: normal, platformName: windows, proxy: Proxy(), se:cdp: ws://localhost:52471/devtoo..., se:cdpVersion: 114.0.5735.199, setWindowRect: true, strictFileInteractability: false, timeouts: {implicit: 0, pageLoad: 300000, script: 30000}, unhandledPromptBehavior: dismiss and notify, webauthn:extension:credBlob: true, webauthn:extension:largeBlob: true, webauthn:extension:minPinLength: true, webauthn:extension:prf: true, webauthn:virtualAuthenticators: true}
Element: [[ChromeDriver: chrome on windows (69ef78cd3f3f38070a3dc937fdd90ad8)] -&gt; xpath: //*[@id=&apos;answer_form&apos;]/div/div/div[1]/textarea]
Session ID: 69ef78cd3f3f38070a3dc937fdd90ad8
	at org.openqa.selenium.remote.codec.w3c.W3CHttpResponseCodec.createException(W3CHttpResponseCodec.java:200)
	at org.openqa.selenium.remote.codec.w3c.W3CHttpResponseCodec.decode(W3CHttpResponseCodec.java:133)
	at org.openqa.selenium.remote.codec.w3c.W3CHttpResponseCodec.decode(W3CHttpResponseCodec.java:53)
	at org.openqa.selenium.remote.HttpCommandExecutor.execute(HttpCommandExecutor.java:193)
	at org.openqa.selenium.remote.service.DriverCommandExecutor.invokeExecute(DriverCommandExecutor.java:183)
	at org.openqa.selenium.remote.service.DriverCommandExecutor.execute(DriverCommandExecutor.java:158)
	at org.openqa.selenium.remote.RemoteWebDriver.execute(RemoteWebDriver.java:543)
	at org.openqa.selenium.remote.RemoteWebElement.execute(RemoteWebElement.java:257)
	at org.openqa.selenium.remote.RemoteWebElement.sendKeys(RemoteWebElement.java:113)
	at org.openqa.selenium.support.pagefactory.internal.LocatingElementHandler.invoke(LocatingElementHandler.java:52)
	at jdk.proxy2/jdk.proxy2.$Proxy46.sendKeys(Unknown Source)
	at dsAlgo_Utilities.PageUtils.entercode(PageUtils.java:45)
	at dsAlgo_PageObject.JTreePage.enter_code(JTreePage.java:56)
	at dsAlgo_StepDefinition.JTreePage_SD.the_user_enter_valid_python_code_in_stack_try_editor_from_sheet_and(JTreePage_SD.java:61)
	at ✽.The user enter valid python code in tree tryEditor from sheet &quot;array&quot; and 0(file:///C:/Users/subas/eclipse-workspace-new/Z_DS-Algo_BDDcopy/src/test/resources/Features/JTreePage.feature:49)
... Removed 8 stack frames</pre></div><a href='#' onClick='toggleBox("stack-trace885626623", this, "Click to show all stack frames", "Click to hide stack frames")'>Click to show all stack frames</a>
<div class='stack-trace' id='stack-trace885626623'><pre>org.openqa.selenium.ElementNotInteractableException: element not interactable
  (Session info: chrome=114.0.5735.199)
Build info: version: &apos;4.9.1&apos;, revision: &apos;eb2032df7f&apos;
System info: os.name: &apos;Windows 11&apos;, os.arch: &apos;amd64&apos;, os.version: &apos;10.0&apos;, java.version: &apos;17.0.7&apos;
Driver info: org.openqa.selenium.chrome.ChromeDriver
Command: [69ef78cd3f3f38070a3dc937fdd90ad8, sendKeysToElement {id=702BC2829E3062EF87D4ACC4E7079180_element_2802, value=[Ljava.lang.CharSequence;@665130a9}]
Capabilities {acceptInsecureCerts: false, browserName: chrome, browserVersion: 114.0.5735.199, chrome: {chromedriverVersion: 114.0.5735.90 (386bc09e8f4f..., userDataDir: C:\Users\subas\AppData\Loca...}, goog:chromeOptions: {debuggerAddress: localhost:52471}, networkConnectionEnabled: false, pageLoadStrategy: normal, platformName: windows, proxy: Proxy(), se:cdp: ws://localhost:52471/devtoo..., se:cdpVersion: 114.0.5735.199, setWindowRect: true, strictFileInteractability: false, timeouts: {implicit: 0, pageLoad: 300000, script: 30000}, unhandledPromptBehavior: dismiss and notify, webauthn:extension:credBlob: true, webauthn:extension:largeBlob: true, webauthn:extension:minPinLength: true, webauthn:extension:prf: true, webauthn:virtualAuthenticators: true}
Element: [[ChromeDriver: chrome on windows (69ef78cd3f3f38070a3dc937fdd90ad8)] -&gt; xpath: //*[@id=&apos;answer_form&apos;]/div/div/div[1]/textarea]
Session ID: 69ef78cd3f3f38070a3dc937fdd90ad8
	at java.base/jdk.internal.reflect.NativeConstructorAccessorImpl.newInstance0(Native Method)
	at java.base/jdk.internal.reflect.NativeConstructorAccessorImpl.newInstance(NativeConstructorAccessorImpl.java:77)
	at java.base/jdk.internal.reflect.DelegatingConstructorAccessorImpl.newInstance(DelegatingConstructorAccessorImpl.java:45)
	at java.base/java.lang.reflect.Constructor.newInstanceWithCaller(Constructor.java:499)
	at java.base/java.lang.reflect.Constructor.newInstance(Constructor.java:480)
	at org.openqa.selenium.remote.codec.w3c.W3CHttpResponseCodec.createException(W3CHttpResponseCodec.java:200)
	at org.openqa.selenium.remote.codec.w3c.W3CHttpResponseCodec.decode(W3CHttpResponseCodec.java:133)
	at org.openqa.selenium.remote.codec.w3c.W3CHttpResponseCodec.decode(W3CHttpResponseCodec.java:53)
	at org.openqa.selenium.remote.HttpCommandExecutor.execute(HttpCommandExecutor.java:193)
	at org.openqa.selenium.remote.service.DriverCommandExecutor.invokeExecute(DriverCommandExecutor.java:183)
	at org.openqa.selenium.remote.service.DriverCommandExecutor.execute(DriverCommandExecutor.java:158)
	at org.openqa.selenium.remote.RemoteWebDriver.execute(RemoteWebDriver.java:543)
	at org.openqa.selenium.remote.RemoteWebElement.execute(RemoteWebElement.java:257)
	at org.openqa.selenium.remote.RemoteWebElement.sendKeys(RemoteWebElement.java:113)
	at jdk.internal.reflect.GeneratedMethodAccessor213.invoke(Unknown Source)
	at java.base/jdk.internal.reflect.DelegatingMethodAccessorImpl.invoke(DelegatingMethodAccessorImpl.java:43)
	at java.base/java.lang.reflect.Method.invoke(Method.java:568)
	at org.openqa.selenium.support.pagefactory.internal.LocatingElementHandler.invoke(LocatingElementHandler.java:52)
	at jdk.proxy2/jdk.proxy2.$Proxy46.sendKeys(Unknown Source)
	at dsAlgo_Utilities.PageUtils.entercode(PageUtils.java:45)
	at dsAlgo_PageObject.JTreePage.enter_code(JTreePage.java:56)
	at dsAlgo_StepDefinition.JTreePage_SD.the_user_enter_valid_python_code_in_stack_try_editor_from_sheet_and(JTreePage_SD.java:61)
	at ✽.The user enter valid python code in tree tryEditor from sheet &quot;array&quot; and 0(file:///C:/Users/subas/eclipse-workspace-new/Z_DS-Algo_BDDcopy/src/test/resources/Features/JTreePage.feature:49)
</pre></div></td>
<td>14</td>
<td>dsAlgo_TestRunner.TestRunner@344f4dea</td></tr>
<tr>
<td title='dsAlgo_TestRunner.TestRunner.runScenario()'><b>runScenario</b><br>Test class: dsAlgo_TestRunner.TestRunner<br>Test method: Runs Cucumber Scenarios<br>Parameters: "The user is able run code in tryEditor", "Optional[Test Array page]"</td>
<td><div><pre>org.openqa.selenium.ElementNotInteractableException: element not interactable
  (Session info: chrome=114.0.5735.199)
Build info: version: &apos;4.9.1&apos;, revision: &apos;eb2032df7f&apos;
System info: os.name: &apos;Windows 11&apos;, os.arch: &apos;amd64&apos;, os.version: &apos;10.0&apos;, java.version: &apos;17.0.7&apos;
Driver info: org.openqa.selenium.chrome.ChromeDriver
Command: [69ef78cd3f3f38070a3dc937fdd90ad8, sendKeysToElement {id=BD2428B9751D2BD8227771C0380C1034_element_648, value=[Ljava.lang.CharSequence;@2c820897}]
Capabilities {acceptInsecureCerts: false, browserName: chrome, browserVersion: 114.0.5735.199, chrome: {chromedriverVersion: 114.0.5735.90 (386bc09e8f4f..., userDataDir: C:\Users\subas\AppData\Loca...}, goog:chromeOptions: {debuggerAddress: localhost:52471}, networkConnectionEnabled: false, pageLoadStrategy: normal, platformName: windows, proxy: Proxy(), se:cdp: ws://localhost:52471/devtoo..., se:cdpVersion: 114.0.5735.199, setWindowRect: true, strictFileInteractability: false, timeouts: {implicit: 0, pageLoad: 300000, script: 30000}, unhandledPromptBehavior: dismiss and notify, webauthn:extension:credBlob: true, webauthn:extension:largeBlob: true, webauthn:extension:minPinLength: true, webauthn:extension:prf: true, webauthn:virtualAuthenticators: true}
Element: [[ChromeDriver: chrome on windows (69ef78cd3f3f38070a3dc937fdd90ad8)] -&gt; xpath: //*[@id=&apos;answer_form&apos;]/div/div/div[1]/textarea]
Session ID: 69ef78cd3f3f38070a3dc937fdd90ad8
	at org.openqa.selenium.remote.codec.w3c.W3CHttpResponseCodec.createException(W3CHttpResponseCodec.java:200)
	at org.openqa.selenium.remote.codec.w3c.W3CHttpResponseCodec.decode(W3CHttpResponseCodec.java:133)
	at org.openqa.selenium.remote.codec.w3c.W3CHttpResponseCodec.decode(W3CHttpResponseCodec.java:53)
	at org.openqa.selenium.remote.HttpCommandExecutor.execute(HttpCommandExecutor.java:193)
	at org.openqa.selenium.remote.service.DriverCommandExecutor.invokeExecute(DriverCommandExecutor.java:183)
	at org.openqa.selenium.remote.service.DriverCommandExecutor.execute(DriverCommandExecutor.java:158)
	at org.openqa.selenium.remote.RemoteWebDriver.execute(RemoteWebDriver.java:543)
	at org.openqa.selenium.remote.RemoteWebElement.execute(RemoteWebElement.java:257)
	at org.openqa.selenium.remote.RemoteWebElement.sendKeys(RemoteWebElement.java:113)
	at org.openqa.selenium.support.pagefactory.internal.LocatingElementHandler.invoke(LocatingElementHandler.java:52)
	at jdk.proxy2/jdk.proxy2.$Proxy46.sendKeys(Unknown Source)
	at dsAlgo_Utilities.PageUtils.entercode(PageUtils.java:45)
	at dsAlgo_PageObject.FArrayPage.enter_code(FArrayPage.java:59)
	at dsAlgo_StepDefinition.FArrayPage_SD.the_user_enter_valid_python_code_in_try_editor_from_sheet_and(FArrayPage_SD.java:65)
	at ✽.The user enter valid python code in tryEditor from sheet &quot;array&quot; and 0(file:///C:/Users/subas/eclipse-workspace-new/Z_DS-Algo_BDDcopy/src/test/resources/Features/FArrayPage.feature:30)
... Removed 8 stack frames</pre></div><a href='#' onClick='toggleBox("stack-trace1789162131", this, "Click to show all stack frames", "Click to hide stack frames")'>Click to show all stack frames</a>
<div class='stack-trace' id='stack-trace1789162131'><pre>org.openqa.selenium.ElementNotInteractableException: element not interactable
  (Session info: chrome=114.0.5735.199)
Build info: version: &apos;4.9.1&apos;, revision: &apos;eb2032df7f&apos;
System info: os.name: &apos;Windows 11&apos;, os.arch: &apos;amd64&apos;, os.version: &apos;10.0&apos;, java.version: &apos;17.0.7&apos;
Driver info: org.openqa.selenium.chrome.ChromeDriver
Command: [69ef78cd3f3f38070a3dc937fdd90ad8, sendKeysToElement {id=BD2428B9751D2BD8227771C0380C1034_element_648, value=[Ljava.lang.CharSequence;@2c820897}]
Capabilities {acceptInsecureCerts: false, browserName: chrome, browserVersion: 114.0.5735.199, chrome: {chromedriverVersion: 114.0.5735.90 (386bc09e8f4f..., userDataDir: C:\Users\subas\AppData\Loca...}, goog:chromeOptions: {debuggerAddress: localhost:52471}, networkConnectionEnabled: false, pageLoadStrategy: normal, platformName: windows, proxy: Proxy(), se:cdp: ws://localhost:52471/devtoo..., se:cdpVersion: 114.0.5735.199, setWindowRect: true, strictFileInteractability: false, timeouts: {implicit: 0, pageLoad: 300000, script: 30000}, unhandledPromptBehavior: dismiss and notify, webauthn:extension:credBlob: true, webauthn:extension:largeBlob: true, webauthn:extension:minPinLength: true, webauthn:extension:prf: true, webauthn:virtualAuthenticators: true}
Element: [[ChromeDriver: chrome on windows (69ef78cd3f3f38070a3dc937fdd90ad8)] -&gt; xpath: //*[@id=&apos;answer_form&apos;]/div/div/div[1]/textarea]
Session ID: 69ef78cd3f3f38070a3dc937fdd90ad8
	at java.base/jdk.internal.reflect.NativeConstructorAccessorImpl.newInstance0(Native Method)
	at java.base/jdk.internal.reflect.NativeConstructorAccessorImpl.newInstance(NativeConstructorAccessorImpl.java:77)
	at java.base/jdk.internal.reflect.DelegatingConstructorAccessorImpl.newInstance(DelegatingConstructorAccessorImpl.java:45)
	at java.base/java.lang.reflect.Constructor.newInstanceWithCaller(Constructor.java:499)
	at java.base/java.lang.reflect.Constructor.newInstance(Constructor.java:480)
	at org.openqa.selenium.remote.codec.w3c.W3CHttpResponseCodec.createException(W3CHttpResponseCodec.java:200)
	at org.openqa.selenium.remote.codec.w3c.W3CHttpResponseCodec.decode(W3CHttpResponseCodec.java:133)
	at org.openqa.selenium.remote.codec.w3c.W3CHttpResponseCodec.decode(W3CHttpResponseCodec.java:53)
	at org.openqa.selenium.remote.HttpCommandExecutor.execute(HttpCommandExecutor.java:193)
	at org.openqa.selenium.remote.service.DriverCommandExecutor.invokeExecute(DriverCommandExecutor.java:183)
	at org.openqa.selenium.remote.service.DriverCommandExecutor.execute(DriverCommandExecutor.java:158)
	at org.openqa.selenium.remote.RemoteWebDriver.execute(RemoteWebDriver.java:543)
	at org.openqa.selenium.remote.RemoteWebElement.execute(RemoteWebElement.java:257)
	at org.openqa.selenium.remote.RemoteWebElement.sendKeys(RemoteWebElement.java:113)
	at jdk.internal.reflect.GeneratedMethodAccessor213.invoke(Unknown Source)
	at java.base/jdk.internal.reflect.DelegatingMethodAccessorImpl.invoke(DelegatingMethodAccessorImpl.java:43)
	at java.base/java.lang.reflect.Method.invoke(Method.java:568)
	at org.openqa.selenium.support.pagefactory.internal.LocatingElementHandler.invoke(LocatingElementHandler.java:52)
	at jdk.proxy2/jdk.proxy2.$Proxy46.sendKeys(Unknown Source)
	at dsAlgo_Utilities.PageUtils.entercode(PageUtils.java:45)
	at dsAlgo_PageObject.FArrayPage.enter_code(FArrayPage.java:59)
	at dsAlgo_StepDefinition.FArrayPage_SD.the_user_enter_valid_python_code_in_try_editor_from_sheet_and(FArrayPage_SD.java:65)
	at ✽.The user enter valid python code in tryEditor from sheet &quot;array&quot; and 0(file:///C:/Users/subas/eclipse-workspace-new/Z_DS-Algo_BDDcopy/src/test/resources/Features/FArrayPage.feature:30)
</pre></div></td>
<td>15</td>
<td>dsAlgo_TestRunner.TestRunner@344f4dea</td></tr>
<tr>
<td title='dsAlgo_TestRunner.TestRunner.runScenario()'><b>runScenario</b><br>Test class: dsAlgo_TestRunner.TestRunner<br>Test method: Runs Cucumber Scenarios<br>Parameters: "The user is able run code in tryEditor", "Optional[Test Array page]"</td>
<td><div><pre>org.openqa.selenium.ElementNotInteractableException: element not interactable
  (Session info: chrome=114.0.5735.199)
Build info: version: &apos;4.9.1&apos;, revision: &apos;eb2032df7f&apos;
System info: os.name: &apos;Windows 11&apos;, os.arch: &apos;amd64&apos;, os.version: &apos;10.0&apos;, java.version: &apos;17.0.7&apos;
Driver info: org.openqa.selenium.chrome.ChromeDriver
Command: [69ef78cd3f3f38070a3dc937fdd90ad8, sendKeysToElement {id=69CA637DDE42C01B4C2E61B6563C81B9_element_705, value=[Ljava.lang.CharSequence;@52c11659}]
Capabilities {acceptInsecureCerts: false, browserName: chrome, browserVersion: 114.0.5735.199, chrome: {chromedriverVersion: 114.0.5735.90 (386bc09e8f4f..., userDataDir: C:\Users\subas\AppData\Loca...}, goog:chromeOptions: {debuggerAddress: localhost:52471}, networkConnectionEnabled: false, pageLoadStrategy: normal, platformName: windows, proxy: Proxy(), se:cdp: ws://localhost:52471/devtoo..., se:cdpVersion: 114.0.5735.199, setWindowRect: true, strictFileInteractability: false, timeouts: {implicit: 0, pageLoad: 300000, script: 30000}, unhandledPromptBehavior: dismiss and notify, webauthn:extension:credBlob: true, webauthn:extension:largeBlob: true, webauthn:extension:minPinLength: true, webauthn:extension:prf: true, webauthn:virtualAuthenticators: true}
Element: [[ChromeDriver: chrome on windows (69ef78cd3f3f38070a3dc937fdd90ad8)] -&gt; xpath: //*[@id=&apos;answer_form&apos;]/div/div/div[1]/textarea]
Session ID: 69ef78cd3f3f38070a3dc937fdd90ad8
	at org.openqa.selenium.remote.codec.w3c.W3CHttpResponseCodec.createException(W3CHttpResponseCodec.java:200)
	at org.openqa.selenium.remote.codec.w3c.W3CHttpResponseCodec.decode(W3CHttpResponseCodec.java:133)
	at org.openqa.selenium.remote.codec.w3c.W3CHttpResponseCodec.decode(W3CHttpResponseCodec.java:53)
	at org.openqa.selenium.remote.HttpCommandExecutor.execute(HttpCommandExecutor.java:193)
	at org.openqa.selenium.remote.service.DriverCommandExecutor.invokeExecute(DriverCommandExecutor.java:183)
	at org.openqa.selenium.remote.service.DriverCommandExecutor.execute(DriverCommandExecutor.java:158)
	at org.openqa.selenium.remote.RemoteWebDriver.execute(RemoteWebDriver.java:543)
	at org.openqa.selenium.remote.RemoteWebElement.execute(RemoteWebElement.java:257)
	at org.openqa.selenium.remote.RemoteWebElement.sendKeys(RemoteWebElement.java:113)
	at org.openqa.selenium.support.pagefactory.internal.LocatingElementHandler.invoke(LocatingElementHandler.java:52)
	at jdk.proxy2/jdk.proxy2.$Proxy46.sendKeys(Unknown Source)
	at dsAlgo_Utilities.PageUtils.entercode(PageUtils.java:45)
	at dsAlgo_PageObject.FArrayPage.enter_code(FArrayPage.java:59)
	at dsAlgo_StepDefinition.FArrayPage_SD.the_user_enter_python_code_with_invalid_syntax_in_try_editor_from_sheet_and(FArrayPage_SD.java:85)
	at ✽.The user enter python code with invalid syntax in tryEditor from sheet &quot;array&quot; and 1(file:///C:/Users/subas/eclipse-workspace-new/Z_DS-Algo_BDDcopy/src/test/resources/Features/FArrayPage.feature:42)
... Removed 8 stack frames</pre></div><a href='#' onClick='toggleBox("stack-trace2007390778", this, "Click to show all stack frames", "Click to hide stack frames")'>Click to show all stack frames</a>
<div class='stack-trace' id='stack-trace2007390778'><pre>org.openqa.selenium.ElementNotInteractableException: element not interactable
  (Session info: chrome=114.0.5735.199)
Build info: version: &apos;4.9.1&apos;, revision: &apos;eb2032df7f&apos;
System info: os.name: &apos;Windows 11&apos;, os.arch: &apos;amd64&apos;, os.version: &apos;10.0&apos;, java.version: &apos;17.0.7&apos;
Driver info: org.openqa.selenium.chrome.ChromeDriver
Command: [69ef78cd3f3f38070a3dc937fdd90ad8, sendKeysToElement {id=69CA637DDE42C01B4C2E61B6563C81B9_element_705, value=[Ljava.lang.CharSequence;@52c11659}]
Capabilities {acceptInsecureCerts: false, browserName: chrome, browserVersion: 114.0.5735.199, chrome: {chromedriverVersion: 114.0.5735.90 (386bc09e8f4f..., userDataDir: C:\Users\subas\AppData\Loca...}, goog:chromeOptions: {debuggerAddress: localhost:52471}, networkConnectionEnabled: false, pageLoadStrategy: normal, platformName: windows, proxy: Proxy(), se:cdp: ws://localhost:52471/devtoo..., se:cdpVersion: 114.0.5735.199, setWindowRect: true, strictFileInteractability: false, timeouts: {implicit: 0, pageLoad: 300000, script: 30000}, unhandledPromptBehavior: dismiss and notify, webauthn:extension:credBlob: true, webauthn:extension:largeBlob: true, webauthn:extension:minPinLength: true, webauthn:extension:prf: true, webauthn:virtualAuthenticators: true}
Element: [[ChromeDriver: chrome on windows (69ef78cd3f3f38070a3dc937fdd90ad8)] -&gt; xpath: //*[@id=&apos;answer_form&apos;]/div/div/div[1]/textarea]
Session ID: 69ef78cd3f3f38070a3dc937fdd90ad8
	at java.base/jdk.internal.reflect.NativeConstructorAccessorImpl.newInstance0(Native Method)
	at java.base/jdk.internal.reflect.NativeConstructorAccessorImpl.newInstance(NativeConstructorAccessorImpl.java:77)
	at java.base/jdk.internal.reflect.DelegatingConstructorAccessorImpl.newInstance(DelegatingConstructorAccessorImpl.java:45)
	at java.base/java.lang.reflect.Constructor.newInstanceWithCaller(Constructor.java:499)
	at java.base/java.lang.reflect.Constructor.newInstance(Constructor.java:480)
	at org.openqa.selenium.remote.codec.w3c.W3CHttpResponseCodec.createException(W3CHttpResponseCodec.java:200)
	at org.openqa.selenium.remote.codec.w3c.W3CHttpResponseCodec.decode(W3CHttpResponseCodec.java:133)
	at org.openqa.selenium.remote.codec.w3c.W3CHttpResponseCodec.decode(W3CHttpResponseCodec.java:53)
	at org.openqa.selenium.remote.HttpCommandExecutor.execute(HttpCommandExecutor.java:193)
	at org.openqa.selenium.remote.service.DriverCommandExecutor.invokeExecute(DriverCommandExecutor.java:183)
	at org.openqa.selenium.remote.service.DriverCommandExecutor.execute(DriverCommandExecutor.java:158)
	at org.openqa.selenium.remote.RemoteWebDriver.execute(RemoteWebDriver.java:543)
	at org.openqa.selenium.remote.RemoteWebElement.execute(RemoteWebElement.java:257)
	at org.openqa.selenium.remote.RemoteWebElement.sendKeys(RemoteWebElement.java:113)
	at jdk.internal.reflect.GeneratedMethodAccessor213.invoke(Unknown Source)
	at java.base/jdk.internal.reflect.DelegatingMethodAccessorImpl.invoke(DelegatingMethodAccessorImpl.java:43)
	at java.base/java.lang.reflect.Method.invoke(Method.java:568)
	at org.openqa.selenium.support.pagefactory.internal.LocatingElementHandler.invoke(LocatingElementHandler.java:52)
	at jdk.proxy2/jdk.proxy2.$Proxy46.sendKeys(Unknown Source)
	at dsAlgo_Utilities.PageUtils.entercode(PageUtils.java:45)
	at dsAlgo_PageObject.FArrayPage.enter_code(FArrayPage.java:59)
	at dsAlgo_StepDefinition.FArrayPage_SD.the_user_enter_python_code_with_invalid_syntax_in_try_editor_from_sheet_and(FArrayPage_SD.java:85)
	at ✽.The user enter python code with invalid syntax in tryEditor from sheet &quot;array&quot; and 1(file:///C:/Users/subas/eclipse-workspace-new/Z_DS-Algo_BDDcopy/src/test/resources/Features/FArrayPage.feature:42)
</pre></div></td>
<td>14</td>
<td>dsAlgo_TestRunner.TestRunner@344f4dea</td></tr>
<tr>
<td title='dsAlgo_TestRunner.TestRunner.runScenario()'><b>runScenario</b><br>Test class: dsAlgo_TestRunner.TestRunner<br>Test method: Runs Cucumber Scenarios<br>Parameters: "The user is able run code in tryEditor", "Optional[Test Tree Page]"</td>
<td><div><pre>org.openqa.selenium.UnhandledAlertException: unexpected alert open: {Alert text : NameError: name &apos;prin&apos; is not defined on line 1}
  (Session info: chrome=114.0.5735.199): NameError: name &apos;prin&apos; is not defined on line 1
Build info: version: &apos;4.9.1&apos;, revision: &apos;eb2032df7f&apos;
System info: os.name: &apos;Windows 11&apos;, os.arch: &apos;amd64&apos;, os.version: &apos;10.0&apos;, java.version: &apos;17.0.7&apos;
Driver info: org.openqa.selenium.chrome.ChromeDriver
Command: [69ef78cd3f3f38070a3dc937fdd90ad8, findElement {using=xpath, value=//button[text()=&apos;Run&apos;]}]
Capabilities {acceptInsecureCerts: false, browserName: chrome, browserVersion: 114.0.5735.199, chrome: {chromedriverVersion: 114.0.5735.90 (386bc09e8f4f..., userDataDir: C:\Users\subas\AppData\Loca...}, goog:chromeOptions: {debuggerAddress: localhost:52471}, networkConnectionEnabled: false, pageLoadStrategy: normal, platformName: windows, proxy: Proxy(), se:cdp: ws://localhost:52471/devtoo..., se:cdpVersion: 114.0.5735.199, setWindowRect: true, strictFileInteractability: false, timeouts: {implicit: 0, pageLoad: 300000, script: 30000}, unhandledPromptBehavior: dismiss and notify, webauthn:extension:credBlob: true, webauthn:extension:largeBlob: true, webauthn:extension:minPinLength: true, webauthn:extension:prf: true, webauthn:virtualAuthenticators: true}
Session ID: 69ef78cd3f3f38070a3dc937fdd90ad8
	at org.openqa.selenium.remote.codec.w3c.W3CHttpResponseCodec.decode(W3CHttpResponseCodec.java:131)
	at org.openqa.selenium.remote.codec.w3c.W3CHttpResponseCodec.decode(W3CHttpResponseCodec.java:53)
	at org.openqa.selenium.remote.HttpCommandExecutor.execute(HttpCommandExecutor.java:193)
	at org.openqa.selenium.remote.service.DriverCommandExecutor.invokeExecute(DriverCommandExecutor.java:183)
	at org.openqa.selenium.remote.service.DriverCommandExecutor.execute(DriverCommandExecutor.java:158)
	at org.openqa.selenium.remote.RemoteWebDriver.execute(RemoteWebDriver.java:543)
	at org.openqa.selenium.remote.ElementLocation$ElementFinder$2.findElement(ElementLocation.java:162)
	at org.openqa.selenium.remote.ElementLocation.findElement(ElementLocation.java:60)
	at org.openqa.selenium.remote.RemoteWebDriver.findElement(RemoteWebDriver.java:352)
	at org.openqa.selenium.remote.RemoteWebDriver.findElement(RemoteWebDriver.java:344)
	at org.openqa.selenium.support.pagefactory.DefaultElementLocator.findElement(DefaultElementLocator.java:70)
	at org.openqa.selenium.support.pagefactory.internal.LocatingElementHandler.invoke(LocatingElementHandler.java:39)
	at jdk.proxy2/jdk.proxy2.$Proxy46.isDisplayed(Unknown Source)
	at org.openqa.selenium.support.ui.ExpectedConditions.elementIfVisible(ExpectedConditions.java:307)
	at org.openqa.selenium.support.ui.ExpectedConditions.access$000(ExpectedConditions.java:40)
	at org.openqa.selenium.support.ui.ExpectedConditions$10.apply(ExpectedConditions.java:293)
	at org.openqa.selenium.support.ui.ExpectedConditions$10.apply(ExpectedConditions.java:290)
	at org.openqa.selenium.support.ui.FluentWait.until(FluentWait.java:208)
	at dsAlgo_Utilities.PageUtils.implicit_wait(PageUtils.java:31)
	at dsAlgo_PageObject.JTreePage.click_run(JTreePage.java:61)
	at dsAlgo_StepDefinition.JTreePage_SD.the_user_clicks_on_run_button(JTreePage_SD.java:65)
	at ✽.The user clicks on tree run button(file:///C:/Users/subas/eclipse-workspace-new/Z_DS-Algo_BDDcopy/src/test/resources/Features/JTreePage.feature:71)
</pre></div><a href='#' onClick='toggleBox("stack-trace2104072117", this, "Click to show all stack frames", "Click to hide stack frames")'>Click to show all stack frames</a>
<div class='stack-trace' id='stack-trace2104072117'><pre>org.openqa.selenium.UnhandledAlertException: unexpected alert open: {Alert text : NameError: name &apos;prin&apos; is not defined on line 1}
  (Session info: chrome=114.0.5735.199): NameError: name &apos;prin&apos; is not defined on line 1
Build info: version: &apos;4.9.1&apos;, revision: &apos;eb2032df7f&apos;
System info: os.name: &apos;Windows 11&apos;, os.arch: &apos;amd64&apos;, os.version: &apos;10.0&apos;, java.version: &apos;17.0.7&apos;
Driver info: org.openqa.selenium.chrome.ChromeDriver
Command: [69ef78cd3f3f38070a3dc937fdd90ad8, findElement {using=xpath, value=//button[text()=&apos;Run&apos;]}]
Capabilities {acceptInsecureCerts: false, browserName: chrome, browserVersion: 114.0.5735.199, chrome: {chromedriverVersion: 114.0.5735.90 (386bc09e8f4f..., userDataDir: C:\Users\subas\AppData\Loca...}, goog:chromeOptions: {debuggerAddress: localhost:52471}, networkConnectionEnabled: false, pageLoadStrategy: normal, platformName: windows, proxy: Proxy(), se:cdp: ws://localhost:52471/devtoo..., se:cdpVersion: 114.0.5735.199, setWindowRect: true, strictFileInteractability: false, timeouts: {implicit: 0, pageLoad: 300000, script: 30000}, unhandledPromptBehavior: dismiss and notify, webauthn:extension:credBlob: true, webauthn:extension:largeBlob: true, webauthn:extension:minPinLength: true, webauthn:extension:prf: true, webauthn:virtualAuthenticators: true}
Session ID: 69ef78cd3f3f38070a3dc937fdd90ad8
	at org.openqa.selenium.remote.codec.w3c.W3CHttpResponseCodec.decode(W3CHttpResponseCodec.java:131)
	at org.openqa.selenium.remote.codec.w3c.W3CHttpResponseCodec.decode(W3CHttpResponseCodec.java:53)
	at org.openqa.selenium.remote.HttpCommandExecutor.execute(HttpCommandExecutor.java:193)
	at org.openqa.selenium.remote.service.DriverCommandExecutor.invokeExecute(DriverCommandExecutor.java:183)
	at org.openqa.selenium.remote.service.DriverCommandExecutor.execute(DriverCommandExecutor.java:158)
	at org.openqa.selenium.remote.RemoteWebDriver.execute(RemoteWebDriver.java:543)
	at org.openqa.selenium.remote.ElementLocation$ElementFinder$2.findElement(ElementLocation.java:162)
	at org.openqa.selenium.remote.ElementLocation.findElement(ElementLocation.java:60)
	at org.openqa.selenium.remote.RemoteWebDriver.findElement(RemoteWebDriver.java:352)
	at org.openqa.selenium.remote.RemoteWebDriver.findElement(RemoteWebDriver.java:344)
	at org.openqa.selenium.support.pagefactory.DefaultElementLocator.findElement(DefaultElementLocator.java:70)
	at org.openqa.selenium.support.pagefactory.internal.LocatingElementHandler.invoke(LocatingElementHandler.java:39)
	at jdk.proxy2/jdk.proxy2.$Proxy46.isDisplayed(Unknown Source)
	at org.openqa.selenium.support.ui.ExpectedConditions.elementIfVisible(ExpectedConditions.java:307)
	at org.openqa.selenium.support.ui.ExpectedConditions.access$000(ExpectedConditions.java:40)
	at org.openqa.selenium.support.ui.ExpectedConditions$10.apply(ExpectedConditions.java:293)
	at org.openqa.selenium.support.ui.ExpectedConditions$10.apply(ExpectedConditions.java:290)
	at org.openqa.selenium.support.ui.FluentWait.until(FluentWait.java:208)
	at dsAlgo_Utilities.PageUtils.implicit_wait(PageUtils.java:31)
	at dsAlgo_PageObject.JTreePage.click_run(JTreePage.java:61)
	at dsAlgo_StepDefinition.JTreePage_SD.the_user_clicks_on_run_button(JTreePage_SD.java:65)
	at ✽.The user clicks on tree run button(file:///C:/Users/subas/eclipse-workspace-new/Z_DS-Algo_BDDcopy/src/test/resources/Features/JTreePage.feature:71)
</pre></div></td>
<td>49</td>
<td>dsAlgo_TestRunner.TestRunner@344f4dea</td></tr>
<tr>
<td title='dsAlgo_TestRunner.TestRunner.runScenario()'><b>runScenario</b><br>Test class: dsAlgo_TestRunner.TestRunner<br>Test method: Runs Cucumber Scenarios<br>Parameters: "The user is able run code in tryEditor", "Optional[Test Tree Page]"</td>
<td><div><pre>org.openqa.selenium.ElementNotInteractableException: element not interactable
  (Session info: chrome=114.0.5735.199)
Build info: version: &apos;4.9.1&apos;, revision: &apos;eb2032df7f&apos;
System info: os.name: &apos;Windows 11&apos;, os.arch: &apos;amd64&apos;, os.version: &apos;10.0&apos;, java.version: &apos;17.0.7&apos;
Driver info: org.openqa.selenium.chrome.ChromeDriver
Command: [69ef78cd3f3f38070a3dc937fdd90ad8, sendKeysToElement {id=BB4DAA0335923901A3EEE2377D489040_element_3077, value=[Ljava.lang.CharSequence;@69500bda}]
Capabilities {acceptInsecureCerts: false, browserName: chrome, browserVersion: 114.0.5735.199, chrome: {chromedriverVersion: 114.0.5735.90 (386bc09e8f4f..., userDataDir: C:\Users\subas\AppData\Loca...}, goog:chromeOptions: {debuggerAddress: localhost:52471}, networkConnectionEnabled: false, pageLoadStrategy: normal, platformName: windows, proxy: Proxy(), se:cdp: ws://localhost:52471/devtoo..., se:cdpVersion: 114.0.5735.199, setWindowRect: true, strictFileInteractability: false, timeouts: {implicit: 0, pageLoad: 300000, script: 30000}, unhandledPromptBehavior: dismiss and notify, webauthn:extension:credBlob: true, webauthn:extension:largeBlob: true, webauthn:extension:minPinLength: true, webauthn:extension:prf: true, webauthn:virtualAuthenticators: true}
Element: [[ChromeDriver: chrome on windows (69ef78cd3f3f38070a3dc937fdd90ad8)] -&gt; xpath: //*[@id=&apos;answer_form&apos;]/div/div/div[1]/textarea]
Session ID: 69ef78cd3f3f38070a3dc937fdd90ad8
	at org.openqa.selenium.remote.codec.w3c.W3CHttpResponseCodec.createException(W3CHttpResponseCodec.java:200)
	at org.openqa.selenium.remote.codec.w3c.W3CHttpResponseCodec.decode(W3CHttpResponseCodec.java:133)
	at org.openqa.selenium.remote.codec.w3c.W3CHttpResponseCodec.decode(W3CHttpResponseCodec.java:53)
	at org.openqa.selenium.remote.HttpCommandExecutor.execute(HttpCommandExecutor.java:193)
	at org.openqa.selenium.remote.service.DriverCommandExecutor.invokeExecute(DriverCommandExecutor.java:183)
	at org.openqa.selenium.remote.service.DriverCommandExecutor.execute(DriverCommandExecutor.java:158)
	at org.openqa.selenium.remote.RemoteWebDriver.execute(RemoteWebDriver.java:543)
	at org.openqa.selenium.remote.RemoteWebElement.execute(RemoteWebElement.java:257)
	at org.openqa.selenium.remote.RemoteWebElement.sendKeys(RemoteWebElement.java:113)
	at org.openqa.selenium.support.pagefactory.internal.LocatingElementHandler.invoke(LocatingElementHandler.java:52)
	at jdk.proxy2/jdk.proxy2.$Proxy46.sendKeys(Unknown Source)
	at dsAlgo_Utilities.PageUtils.entercode(PageUtils.java:46)
	at dsAlgo_PageObject.JTreePage.enter_code(JTreePage.java:56)
	at dsAlgo_StepDefinition.JTreePage_SD.the_user_enter_python_code_with_invalid_syntax_in_try_editor_from_sheet_and(JTreePage_SD.java:79)
	at ✽.The user enter python code with invalid syntax in tree tryEditor from sheet &quot;array&quot; and 1(file:///C:/Users/subas/eclipse-workspace-new/Z_DS-Algo_BDDcopy/src/test/resources/Features/JTreePage.feature:70)
... Removed 7 stack frames</pre></div><a href='#' onClick='toggleBox("stack-trace1793699413", this, "Click to show all stack frames", "Click to hide stack frames")'>Click to show all stack frames</a>
<div class='stack-trace' id='stack-trace1793699413'><pre>org.openqa.selenium.ElementNotInteractableException: element not interactable
  (Session info: chrome=114.0.5735.199)
Build info: version: &apos;4.9.1&apos;, revision: &apos;eb2032df7f&apos;
System info: os.name: &apos;Windows 11&apos;, os.arch: &apos;amd64&apos;, os.version: &apos;10.0&apos;, java.version: &apos;17.0.7&apos;
Driver info: org.openqa.selenium.chrome.ChromeDriver
Command: [69ef78cd3f3f38070a3dc937fdd90ad8, sendKeysToElement {id=BB4DAA0335923901A3EEE2377D489040_element_3077, value=[Ljava.lang.CharSequence;@69500bda}]
Capabilities {acceptInsecureCerts: false, browserName: chrome, browserVersion: 114.0.5735.199, chrome: {chromedriverVersion: 114.0.5735.90 (386bc09e8f4f..., userDataDir: C:\Users\subas\AppData\Loca...}, goog:chromeOptions: {debuggerAddress: localhost:52471}, networkConnectionEnabled: false, pageLoadStrategy: normal, platformName: windows, proxy: Proxy(), se:cdp: ws://localhost:52471/devtoo..., se:cdpVersion: 114.0.5735.199, setWindowRect: true, strictFileInteractability: false, timeouts: {implicit: 0, pageLoad: 300000, script: 30000}, unhandledPromptBehavior: dismiss and notify, webauthn:extension:credBlob: true, webauthn:extension:largeBlob: true, webauthn:extension:minPinLength: true, webauthn:extension:prf: true, webauthn:virtualAuthenticators: true}
Element: [[ChromeDriver: chrome on windows (69ef78cd3f3f38070a3dc937fdd90ad8)] -&gt; xpath: //*[@id=&apos;answer_form&apos;]/div/div/div[1]/textarea]
Session ID: 69ef78cd3f3f38070a3dc937fdd90ad8
	at jdk.internal.reflect.GeneratedConstructorAccessor84.newInstance(Unknown Source)
	at java.base/jdk.internal.reflect.DelegatingConstructorAccessorImpl.newInstance(DelegatingConstructorAccessorImpl.java:45)
	at java.base/java.lang.reflect.Constructor.newInstanceWithCaller(Constructor.java:499)
	at java.base/java.lang.reflect.Constructor.newInstance(Constructor.java:480)
	at org.openqa.selenium.remote.codec.w3c.W3CHttpResponseCodec.createException(W3CHttpResponseCodec.java:200)
	at org.openqa.selenium.remote.codec.w3c.W3CHttpResponseCodec.decode(W3CHttpResponseCodec.java:133)
	at org.openqa.selenium.remote.codec.w3c.W3CHttpResponseCodec.decode(W3CHttpResponseCodec.java:53)
	at org.openqa.selenium.remote.HttpCommandExecutor.execute(HttpCommandExecutor.java:193)
	at org.openqa.selenium.remote.service.DriverCommandExecutor.invokeExecute(DriverCommandExecutor.java:183)
	at org.openqa.selenium.remote.service.DriverCommandExecutor.execute(DriverCommandExecutor.java:158)
	at org.openqa.selenium.remote.RemoteWebDriver.execute(RemoteWebDriver.java:543)
	at org.openqa.selenium.remote.RemoteWebElement.execute(RemoteWebElement.java:257)
	at org.openqa.selenium.remote.RemoteWebElement.sendKeys(RemoteWebElement.java:113)
	at jdk.internal.reflect.GeneratedMethodAccessor213.invoke(Unknown Source)
	at java.base/jdk.internal.reflect.DelegatingMethodAccessorImpl.invoke(DelegatingMethodAccessorImpl.java:43)
	at java.base/java.lang.reflect.Method.invoke(Method.java:568)
	at org.openqa.selenium.support.pagefactory.internal.LocatingElementHandler.invoke(LocatingElementHandler.java:52)
	at jdk.proxy2/jdk.proxy2.$Proxy46.sendKeys(Unknown Source)
	at dsAlgo_Utilities.PageUtils.entercode(PageUtils.java:46)
	at dsAlgo_PageObject.JTreePage.enter_code(JTreePage.java:56)
	at dsAlgo_StepDefinition.JTreePage_SD.the_user_enter_python_code_with_invalid_syntax_in_try_editor_from_sheet_and(JTreePage_SD.java:79)
	at ✽.The user enter python code with invalid syntax in tree tryEditor from sheet &quot;array&quot; and 1(file:///C:/Users/subas/eclipse-workspace-new/Z_DS-Algo_BDDcopy/src/test/resources/Features/JTreePage.feature:70)
</pre></div></td>
<td>15</td>
<td>dsAlgo_TestRunner.TestRunner@344f4dea</td></tr>
</table><p>
<table width='100%' border='1' class='invocation-passed'>
<tr><td colspan='4' align='center'><b>PASSED TESTS</b></td></tr>
<tr><td><b>Test method</b></td>
<td width="30%"><b>Exception</b></td>
<td width="10%"><b>Time (seconds)</b></td>
<td><b>Instance</b></td>
</tr>
<tr>
<td title='dsAlgo_TestRunner.TestRunner.runScenario()'><b>runScenario</b><br>Test class: dsAlgo_TestRunner.TestRunner<br>Test method: Runs Cucumber Scenarios<br>Parameters: "The user is able to navigate to all options in tree page", "Optional[Test Tree Page]"</td>
<td></td>
<td>2</td>
<td>dsAlgo_TestRunner.TestRunner@344f4dea</td></tr>
<tr>
<td title='dsAlgo_TestRunner.TestRunner.runScenario()'><b>runScenario</b><br>Test class: dsAlgo_TestRunner.TestRunner<br>Test method: Runs Cucumber Scenarios<br>Parameters: "User is on Home Page and clicks on any getStarted link "Data Structures-Introduction" without sign in", "Optional[Launch Browser and Test Home Page]"</td>
<td></td>
<td>3</td>
<td>dsAlgo_TestRunner.TestRunner@344f4dea</td></tr>
<tr>
<td title='dsAlgo_TestRunner.TestRunner.runScenario()'><b>runScenario</b><br>Test class: dsAlgo_TestRunner.TestRunner<br>Test method: Runs Cucumber Scenarios<br>Parameters: "To verify Register Form with Empty fields", "Optional[Registration verification and validation]"</td>
<td></td>
<td>4</td>
<td>dsAlgo_TestRunner.TestRunner@344f4dea</td></tr>
<tr>
<td title='dsAlgo_TestRunner.TestRunner.runScenario()'><b>runScenario</b><br>Test class: dsAlgo_TestRunner.TestRunner<br>Test method: Runs Cucumber Scenarios<br>Parameters: "User is on Home Page and clicks on any dropdown "<value>" without sign in", "Optional[Launch Browser and Test Home Page]"</td>
<td></td>
<td>2</td>
<td>dsAlgo_TestRunner.TestRunner@344f4dea</td></tr>
<tr>
<td title='dsAlgo_TestRunner.TestRunner.runScenario()'><b>runScenario</b><br>Test class: dsAlgo_TestRunner.TestRunner<br>Test method: Runs Cucumber Scenarios<br>Parameters: "User is on Home Page and clicks on any getStarted link "Stack" with sign in", "Optional[Launch Browser and Test Home Page]"</td>
<td></td>
<td>0</td>
<td>dsAlgo_TestRunner.TestRunner@344f4dea</td></tr>
<tr>
<td title='dsAlgo_TestRunner.TestRunner.runScenario()'><b>runScenario</b><br>Test class: dsAlgo_TestRunner.TestRunner<br>Test method: Runs Cucumber Scenarios<br>Parameters: "The user is able to navigate to Practice page", "Optional[user validates the Linked List Page]"</td>
<td></td>
<td>3</td>
<td>dsAlgo_TestRunner.TestRunner@344f4dea</td></tr>
<tr>
<td title='dsAlgo_TestRunner.TestRunner.runScenario()'><b>runScenario</b><br>Test class: dsAlgo_TestRunner.TestRunner<br>Test method: Runs Cucumber Scenarios<br>Parameters: "User checks each of the topics in Graph with valid python code", "Optional[user validates the Linked List Page]"</td>
<td></td>
<td>1</td>
<td>dsAlgo_TestRunner.TestRunner@344f4dea</td></tr>
<tr>
<td title='dsAlgo_TestRunner.TestRunner.runScenario()'><b>runScenario</b><br>Test class: dsAlgo_TestRunner.TestRunner<br>Test method: Runs Cucumber Scenarios<br>Parameters: "The user is able stack run code in tryEditor", "Optional[Test Stack Page]"</td>
<td></td>
<td>9</td>
<td>dsAlgo_TestRunner.TestRunner@344f4dea</td></tr>
<tr>
<td title='dsAlgo_TestRunner.TestRunner.runScenario()'><b>runScenario</b><br>Test class: dsAlgo_TestRunner.TestRunner<br>Test method: Runs Cucumber Scenarios<br>Parameters: "The user is able run code in tryEditor", "Optional[Test Tree Page]"</td>
<td></td>
<td>7</td>
<td>dsAlgo_TestRunner.TestRunner@344f4dea</td></tr>
<tr>
<td title='dsAlgo_TestRunner.TestRunner.runScenario()'><b>runScenario</b><br>Test class: dsAlgo_TestRunner.TestRunner<br>Test method: Runs Cucumber Scenarios<br>Parameters: "The user is able to navigate to all practice questions", "Optional[Test Array page]"</td>
<td></td>
<td>2</td>
<td>dsAlgo_TestRunner.TestRunner@344f4dea</td></tr>
<tr>
<td title='dsAlgo_TestRunner.TestRunner.runScenario()'><b>runScenario</b><br>Test class: dsAlgo_TestRunner.TestRunner<br>Test method: Runs Cucumber Scenarios<br>Parameters: "User checks each of the topics in Linked List with valid python code", "Optional[user validates the Linked List Page]"</td>
<td></td>
<td>4</td>
<td>dsAlgo_TestRunner.TestRunner@344f4dea</td></tr>
<tr>
<td title='dsAlgo_TestRunner.TestRunner.runScenario()'><b>runScenario</b><br>Test class: dsAlgo_TestRunner.TestRunner<br>Test method: Runs Cucumber Scenarios<br>Parameters: "User selects the Graph item and verifies the Page Title", "Optional[Testing queue page]"</td>
<td></td>
<td>2</td>
<td>dsAlgo_TestRunner.TestRunner@344f4dea</td></tr>
<tr>
<td title='dsAlgo_TestRunner.TestRunner.runScenario()'><b>runScenario</b><br>Test class: dsAlgo_TestRunner.TestRunner<br>Test method: Runs Cucumber Scenarios<br>Parameters: "User is on Home Page and clicks on any getStarted link "Linked List" without sign in", "Optional[Launch Browser and Test Home Page]"</td>
<td></td>
<td>2</td>
<td>dsAlgo_TestRunner.TestRunner@344f4dea</td></tr>
<tr>
<td title='dsAlgo_TestRunner.TestRunner.runScenario()'><b>runScenario</b><br>Test class: dsAlgo_TestRunner.TestRunner<br>Test method: Runs Cucumber Scenarios<br>Parameters: "The user is able to run code in Practice session of Array in python", "Optional[Test Array page]"</td>
<td></td>
<td>7</td>
<td>dsAlgo_TestRunner.TestRunner@344f4dea</td></tr>
<tr>
<td title='dsAlgo_TestRunner.TestRunner.runScenario()'><b>runScenario</b><br>Test class: dsAlgo_TestRunner.TestRunner<br>Test method: Runs Cucumber Scenarios<br>Parameters: "The user is able to run invald code in tryEditor for Practice session of Array in python", "Optional[Test Array page]"</td>
<td></td>
<td>12</td>
<td>dsAlgo_TestRunner.TestRunner@344f4dea</td></tr>
<tr>
<td title='dsAlgo_TestRunner.TestRunner.runScenario()'><b>runScenario</b><br>Test class: dsAlgo_TestRunner.TestRunner<br>Test method: Runs Cucumber Scenarios<br>Parameters: "The user is able to navigate to all options in stack page", "Optional[Test Stack Page]"</td>
<td></td>
<td>2</td>
<td>dsAlgo_TestRunner.TestRunner@344f4dea</td></tr>
<tr>
<td title='dsAlgo_TestRunner.TestRunner.runScenario()'><b>runScenario</b><br>Test class: dsAlgo_TestRunner.TestRunner<br>Test method: Runs Cucumber Scenarios<br>Parameters: "The user is able run code in tryEditor", "Optional[Test Tree Page]"</td>
<td></td>
<td>5</td>
<td>dsAlgo_TestRunner.TestRunner@344f4dea</td></tr>
<tr>
<td title='dsAlgo_TestRunner.TestRunner.runScenario()'><b>runScenario</b><br>Test class: dsAlgo_TestRunner.TestRunner<br>Test method: Runs Cucumber Scenarios<br>Parameters: "User is on Home Page and clicks on any getStarted link "Graph" without sign in", "Optional[Launch Browser and Test Home Page]"</td>
<td></td>
<td>1</td>
<td>dsAlgo_TestRunner.TestRunner@344f4dea</td></tr>
<tr>
<td title='dsAlgo_TestRunner.TestRunner.runScenario()'><b>runScenario</b><br>Test class: dsAlgo_TestRunner.TestRunner<br>Test method: Runs Cucumber Scenarios<br>Parameters: "The user is able to navigate to all options in datastructure page", "Optional[Test DataStructure  page]"</td>
<td></td>
<td>4</td>
<td>dsAlgo_TestRunner.TestRunner@344f4dea</td></tr>
<tr>
<td title='dsAlgo_TestRunner.TestRunner.runScenario()'><b>runScenario</b><br>Test class: dsAlgo_TestRunner.TestRunner<br>Test method: Runs Cucumber Scenarios<br>Parameters: "User checks each of the topics in Linked List with valid python code", "Optional[user validates the Linked List Page]"</td>
<td></td>
<td>4</td>
<td>dsAlgo_TestRunner.TestRunner@344f4dea</td></tr>
<tr>
<td title='dsAlgo_TestRunner.TestRunner.runScenario()'><b>runScenario</b><br>Test class: dsAlgo_TestRunner.TestRunner<br>Test method: Runs Cucumber Scenarios<br>Parameters: "To verify Register Form with invalid Credentials", "Optional[Registration verification and validation]"</td>
<td></td>
<td>2</td>
<td>dsAlgo_TestRunner.TestRunner@344f4dea</td></tr>
<tr>
<td title='dsAlgo_TestRunner.TestRunner.runScenario()'><b>runScenario</b><br>Test class: dsAlgo_TestRunner.TestRunner<br>Test method: Runs Cucumber Scenarios<br>Parameters: "The user is able to navigate to all options in tree page", "Optional[Test Tree Page]"</td>
<td></td>
<td>2</td>
<td>dsAlgo_TestRunner.TestRunner@344f4dea</td></tr>
<tr>
<td title='dsAlgo_TestRunner.TestRunner.runScenario()'><b>runScenario</b><br>Test class: dsAlgo_TestRunner.TestRunner<br>Test method: Runs Cucumber Scenarios<br>Parameters: "User is on Home Page and clicks on any dropdown "<value>" without sign in", "Optional[Launch Browser and Test Home Page]"</td>
<td></td>
<td>3</td>
<td>dsAlgo_TestRunner.TestRunner@344f4dea</td></tr>
<tr>
<td title='dsAlgo_TestRunner.TestRunner.runScenario()'><b>runScenario</b><br>Test class: dsAlgo_TestRunner.TestRunner<br>Test method: Runs Cucumber Scenarios<br>Parameters: "User checks each of the topics in Graph with invalid python code", "Optional[user validates the Linked List Page]"</td>
<td></td>
<td>1</td>
<td>dsAlgo_TestRunner.TestRunner@344f4dea</td></tr>
<tr>
<td title='dsAlgo_TestRunner.TestRunner.runScenario()'><b>runScenario</b><br>Test class: dsAlgo_TestRunner.TestRunner<br>Test method: Runs Cucumber Scenarios<br>Parameters: "The user is able to navigate to all options in tree page", "Optional[Test Tree Page]"</td>
<td></td>
<td>2</td>
<td>dsAlgo_TestRunner.TestRunner@344f4dea</td></tr>
<tr>
<td title='dsAlgo_TestRunner.TestRunner.runScenario()'><b>runScenario</b><br>Test class: dsAlgo_TestRunner.TestRunner<br>Test method: Runs Cucumber Scenarios<br>Parameters: "The user is able run code in tryEditor", "Optional[Test Stack Page]"</td>
<td></td>
<td>14</td>
<td>dsAlgo_TestRunner.TestRunner@344f4dea</td></tr>
<tr>
<td title='dsAlgo_TestRunner.TestRunner.runScenario()'><b>runScenario</b><br>Test class: dsAlgo_TestRunner.TestRunner<br>Test method: Runs Cucumber Scenarios<br>Parameters: "The user is able to navigate to all options in tree page", "Optional[Test Tree Page]"</td>
<td></td>
<td>2</td>
<td>dsAlgo_TestRunner.TestRunner@344f4dea</td></tr>
<tr>
<td title='dsAlgo_TestRunner.TestRunner.runScenario()'><b>runScenario</b><br>Test class: dsAlgo_TestRunner.TestRunner<br>Test method: Runs Cucumber Scenarios<br>Parameters: "The user is able to navigate to all options in tree page", "Optional[Test Tree Page]"</td>
<td></td>
<td>3</td>
<td>dsAlgo_TestRunner.TestRunner@344f4dea</td></tr>
<tr>
<td title='dsAlgo_TestRunner.TestRunner.runScenario()'><b>runScenario</b><br>Test class: dsAlgo_TestRunner.TestRunner<br>Test method: Runs Cucumber Scenarios<br>Parameters: "The user is able to navigate to Practice page", "Optional[user validates the Linked List Page]"</td>
<td></td>
<td>2</td>
<td>dsAlgo_TestRunner.TestRunner@344f4dea</td></tr>
<tr>
<td title='dsAlgo_TestRunner.TestRunner.runScenario()'><b>runScenario</b><br>Test class: dsAlgo_TestRunner.TestRunner<br>Test method: Runs Cucumber Scenarios<br>Parameters: "User is on Home Page and clicks on any dropdown "<value>" without sign in", "Optional[Launch Browser and Test Home Page]"</td>
<td></td>
<td>2</td>
<td>dsAlgo_TestRunner.TestRunner@344f4dea</td></tr>
<tr>
<td title='dsAlgo_TestRunner.TestRunner.runScenario()'><b>runScenario</b><br>Test class: dsAlgo_TestRunner.TestRunner<br>Test method: Runs Cucumber Scenarios<br>Parameters: "User checks each of the topics in Graph with valid python code", "Optional[Testing queue page]"</td>
<td></td>
<td>3</td>
<td>dsAlgo_TestRunner.TestRunner@344f4dea</td></tr>
<tr>
<td title='dsAlgo_TestRunner.TestRunner.runScenario()'><b>runScenario</b><br>Test class: dsAlgo_TestRunner.TestRunner<br>Test method: Runs Cucumber Scenarios<br>Parameters: "To verify Register Form with username and password only", "Optional[Registration verification and validation]"</td>
<td></td>
<td>3</td>
<td>dsAlgo_TestRunner.TestRunner@344f4dea</td></tr>
<tr>
<td title='dsAlgo_TestRunner.TestRunner.runScenario()'><b>runScenario</b><br>Test class: dsAlgo_TestRunner.TestRunner<br>Test method: Runs Cucumber Scenarios<br>Parameters: "The user is able to navigate to all options in tree page", "Optional[Test Tree Page]"</td>
<td></td>
<td>2</td>
<td>dsAlgo_TestRunner.TestRunner@344f4dea</td></tr>
<tr>
<td title='dsAlgo_TestRunner.TestRunner.runScenario()'><b>runScenario</b><br>Test class: dsAlgo_TestRunner.TestRunner<br>Test method: Runs Cucumber Scenarios<br>Parameters: "User checks each of the topics in Linked List with valid python code", "Optional[user validates the Linked List Page]"</td>
<td></td>
<td>3</td>
<td>dsAlgo_TestRunner.TestRunner@344f4dea</td></tr>
<tr>
<td title='dsAlgo_TestRunner.TestRunner.runScenario()'><b>runScenario</b><br>Test class: dsAlgo_TestRunner.TestRunner<br>Test method: Runs Cucumber Scenarios<br>Parameters: "User checks each of the topics in Graph with valid python code", "Optional[user validates the Linked List Page]"</td>
<td></td>
<td>2</td>
<td>dsAlgo_TestRunner.TestRunner@344f4dea</td></tr>
<tr>
<td title='dsAlgo_TestRunner.TestRunner.runScenario()'><b>runScenario</b><br>Test class: dsAlgo_TestRunner.TestRunner<br>Test method: Runs Cucumber Scenarios<br>Parameters: "User is on Home Page and clicks on any getStarted link "Graph" with sign in", "Optional[Launch Browser and Test Home Page]"</td>
<td></td>
<td>0</td>
<td>dsAlgo_TestRunner.TestRunner@344f4dea</td></tr>
<tr>
<td title='dsAlgo_TestRunner.TestRunner.runScenario()'><b>runScenario</b><br>Test class: dsAlgo_TestRunner.TestRunner<br>Test method: Runs Cucumber Scenarios<br>Parameters: "User is on Home page and Clicks on Signin", "Optional[Launch Browser and Test Home Page]"</td>
<td></td>
<td>1</td>
<td>dsAlgo_TestRunner.TestRunner@344f4dea</td></tr>
<tr>
<td title='dsAlgo_TestRunner.TestRunner.runScenario()'><b>runScenario</b><br>Test class: dsAlgo_TestRunner.TestRunner<br>Test method: Runs Cucumber Scenarios<br>Parameters: "User checks each of the topics in Graph with valid python code", "Optional[Testing queue page]"</td>
<td></td>
<td>5</td>
<td>dsAlgo_TestRunner.TestRunner@344f4dea</td></tr>
<tr>
<td title='dsAlgo_TestRunner.TestRunner.runScenario()'><b>runScenario</b><br>Test class: dsAlgo_TestRunner.TestRunner<br>Test method: Runs Cucumber Scenarios<br>Parameters: "The user is able to navigate to all options in array page", "Optional[Test Array page]"</td>
<td></td>
<td>3</td>
<td>dsAlgo_TestRunner.TestRunner@344f4dea</td></tr>
<tr>
<td title='dsAlgo_TestRunner.TestRunner.runScenario()'><b>runScenario</b><br>Test class: dsAlgo_TestRunner.TestRunner<br>Test method: Runs Cucumber Scenarios<br>Parameters: "User is on Home page and Clicks on Register", "Optional[Launch Browser and Test Home Page]"</td>
<td></td>
<td>1</td>
<td>dsAlgo_TestRunner.TestRunner@344f4dea</td></tr>
<tr>
<td title='dsAlgo_TestRunner.TestRunner.runScenario()'><b>runScenario</b><br>Test class: dsAlgo_TestRunner.TestRunner<br>Test method: Runs Cucumber Scenarios<br>Parameters: "User selects the Graph item and verifies the Page Title", "Optional[user validates the Linked List Page]"</td>
<td></td>
<td>1</td>
<td>dsAlgo_TestRunner.TestRunner@344f4dea</td></tr>
<tr>
<td title='dsAlgo_TestRunner.TestRunner.runScenario()'><b>runScenario</b><br>Test class: dsAlgo_TestRunner.TestRunner<br>Test method: Runs Cucumber Scenarios<br>Parameters: "User checks each of the topics in Graph with invalid python code", "Optional[Testing queue page]"</td>
<td></td>
<td>5</td>
<td>dsAlgo_TestRunner.TestRunner@344f4dea</td></tr>
<tr>
<td title='dsAlgo_TestRunner.TestRunner.runScenario()'><b>runScenario</b><br>Test class: dsAlgo_TestRunner.TestRunner<br>Test method: Runs Cucumber Scenarios<br>Parameters: "The user is able to navigate to Practice page", "Optional[user validates the Linked List Page]"</td>
<td></td>
<td>2</td>
<td>dsAlgo_TestRunner.TestRunner@344f4dea</td></tr>
<tr>
<td title='dsAlgo_TestRunner.TestRunner.runScenario()'><b>runScenario</b><br>Test class: dsAlgo_TestRunner.TestRunner<br>Test method: Runs Cucumber Scenarios<br>Parameters: "The user is able tree run code in tryEditor", "Optional[Test Tree Page]"</td>
<td></td>
<td>8</td>
<td>dsAlgo_TestRunner.TestRunner@344f4dea</td></tr>
<tr>
<td title='dsAlgo_TestRunner.TestRunner.runScenario()'><b>runScenario</b><br>Test class: dsAlgo_TestRunner.TestRunner<br>Test method: Runs Cucumber Scenarios<br>Parameters: "The user is able to navigate to all options in array page", "Optional[Test Array page]"</td>
<td></td>
<td>6</td>
<td>dsAlgo_TestRunner.TestRunner@344f4dea</td></tr>
<tr>
<td title='dsAlgo_TestRunner.TestRunner.runScenario()'><b>runScenario</b><br>Test class: dsAlgo_TestRunner.TestRunner<br>Test method: Runs Cucumber Scenarios<br>Parameters: "User is on Home Page and clicks on any getStarted link "Tree" without sign in", "Optional[Launch Browser and Test Home Page]"</td>
<td></td>
<td>2</td>
<td>dsAlgo_TestRunner.TestRunner@344f4dea</td></tr>
<tr>
<td title='dsAlgo_TestRunner.TestRunner.runScenario()'><b>runScenario</b><br>Test class: dsAlgo_TestRunner.TestRunner<br>Test method: Runs Cucumber Scenarios<br>Parameters: "User is on Home Page and clicks on any dropdown "<value>" without sign in", "Optional[Launch Browser and Test Home Page]"</td>
<td></td>
<td>5</td>
<td>dsAlgo_TestRunner.TestRunner@344f4dea</td></tr>
<tr>
<td title='dsAlgo_TestRunner.TestRunner.runScenario()'><b>runScenario</b><br>Test class: dsAlgo_TestRunner.TestRunner<br>Test method: Runs Cucumber Scenarios<br>Parameters: "User checks each of the topics in Linked List with invalid python code", "Optional[user validates the Linked List Page]"</td>
<td></td>
<td>3</td>
<td>dsAlgo_TestRunner.TestRunner@344f4dea</td></tr>
<tr>
<td title='dsAlgo_TestRunner.TestRunner.runScenario()'><b>runScenario</b><br>Test class: dsAlgo_TestRunner.TestRunner<br>Test method: Runs Cucumber Scenarios<br>Parameters: "The user is able to navigate to all practice questions", "Optional[Test Array page]"</td>
<td></td>
<td>2</td>
<td>dsAlgo_TestRunner.TestRunner@344f4dea</td></tr>
<tr>
<td title='dsAlgo_TestRunner.TestRunner.runScenario()'><b>runScenario</b><br>Test class: dsAlgo_TestRunner.TestRunner<br>Test method: Runs Cucumber Scenarios<br>Parameters: "User checks each of the topics in Graph with valid python code", "Optional[Testing queue page]"</td>
<td></td>
<td>4</td>
<td>dsAlgo_TestRunner.TestRunner@344f4dea</td></tr>
<tr>
<td title='dsAlgo_TestRunner.TestRunner.runScenario()'><b>runScenario</b><br>Test class: dsAlgo_TestRunner.TestRunner<br>Test method: Runs Cucumber Scenarios<br>Parameters: "User selects the Linked List item and verifies the Page Title", "Optional[user validates the Linked List Page]"</td>
<td></td>
<td>2</td>
<td>dsAlgo_TestRunner.TestRunner@344f4dea</td></tr>
<tr>
<td title='dsAlgo_TestRunner.TestRunner.runScenario()'><b>runScenario</b><br>Test class: dsAlgo_TestRunner.TestRunner<br>Test method: Runs Cucumber Scenarios<br>Parameters: "The user is able to navigate to all options in tree page", "Optional[Test Tree Page]"</td>
<td></td>
<td>2</td>
<td>dsAlgo_TestRunner.TestRunner@344f4dea</td></tr>
<tr>
<td title='dsAlgo_TestRunner.TestRunner.runScenario()'><b>runScenario</b><br>Test class: dsAlgo_TestRunner.TestRunner<br>Test method: Runs Cucumber Scenarios<br>Parameters: "User checks each of the topics in Graph with invalid python code", "Optional[user validates the Linked List Page]"</td>
<td></td>
<td>1</td>
<td>dsAlgo_TestRunner.TestRunner@344f4dea</td></tr>
<tr>
<td title='dsAlgo_TestRunner.TestRunner.runScenario()'><b>runScenario</b><br>Test class: dsAlgo_TestRunner.TestRunner<br>Test method: Runs Cucumber Scenarios<br>Parameters: "User checks each of the topics in Graph with invalid python code", "Optional[Testing queue page]"</td>
<td></td>
<td>4</td>
<td>dsAlgo_TestRunner.TestRunner@344f4dea</td></tr>
<tr>
<td title='dsAlgo_TestRunner.TestRunner.runScenario()'><b>runScenario</b><br>Test class: dsAlgo_TestRunner.TestRunner<br>Test method: Runs Cucumber Scenarios<br>Parameters: "The user is presented with error message for empty fields above Password Confirmation textbox", "Optional[Registration verification and validation]"</td>
<td></td>
<td>5</td>
<td>dsAlgo_TestRunner.TestRunner@344f4dea</td></tr>
<tr>
<td title='dsAlgo_TestRunner.TestRunner.runScenario()'><b>runScenario</b><br>Test class: dsAlgo_TestRunner.TestRunner<br>Test method: Runs Cucumber Scenarios<br>Parameters: "To verify Register Form with invalid Credentials", "Optional[Registration verification and validation]"</td>
<td></td>
<td>5</td>
<td>dsAlgo_TestRunner.TestRunner@344f4dea</td></tr>
<tr>
<td title='dsAlgo_TestRunner.TestRunner.runScenario()'><b>runScenario</b><br>Test class: dsAlgo_TestRunner.TestRunner<br>Test method: Runs Cucumber Scenarios<br>Parameters: "User is on Home Page and clicks on any getStarted link "Tree" with sign in", "Optional[Launch Browser and Test Home Page]"</td>
<td></td>
<td>0</td>
<td>dsAlgo_TestRunner.TestRunner@344f4dea</td></tr>
<tr>
<td title='dsAlgo_TestRunner.TestRunner.runScenario()'><b>runScenario</b><br>Test class: dsAlgo_TestRunner.TestRunner<br>Test method: Runs Cucumber Scenarios<br>Parameters: "The user is able to navigate to all options in array page", "Optional[Test Array page]"</td>
<td></td>
<td>3</td>
<td>dsAlgo_TestRunner.TestRunner@344f4dea</td></tr>
<tr>
<td title='dsAlgo_TestRunner.TestRunner.runScenario()'><b>runScenario</b><br>Test class: dsAlgo_TestRunner.TestRunner<br>Test method: Runs Cucumber Scenarios<br>Parameters: "The user is able to navigate to all options in tree page", "Optional[Test Tree Page]"</td>
<td></td>
<td>2</td>
<td>dsAlgo_TestRunner.TestRunner@344f4dea</td></tr>
<tr>
<td title='dsAlgo_TestRunner.TestRunner.runScenario()'><b>runScenario</b><br>Test class: dsAlgo_TestRunner.TestRunner<br>Test method: Runs Cucumber Scenarios<br>Parameters: "The user is able to run code in Practice session of Array in python", "Optional[Test Array page]"</td>
<td></td>
<td>7</td>
<td>dsAlgo_TestRunner.TestRunner@344f4dea</td></tr>
<tr>
<td title='dsAlgo_TestRunner.TestRunner.runScenario()'><b>runScenario</b><br>Test class: dsAlgo_TestRunner.TestRunner<br>Test method: Runs Cucumber Scenarios<br>Parameters: "To verify SignIn with username only", "Optional[Login Action]"</td>
<td></td>
<td>4</td>
<td>dsAlgo_TestRunner.TestRunner@344f4dea</td></tr>
<tr>
<td title='dsAlgo_TestRunner.TestRunner.runScenario()'><b>runScenario</b><br>Test class: dsAlgo_TestRunner.TestRunner<br>Test method: Runs Cucumber Scenarios<br>Parameters: "User is on Home Page and clicks on any getStarted link "Queue" without sign in", "Optional[Launch Browser and Test Home Page]"</td>
<td></td>
<td>2</td>
<td>dsAlgo_TestRunner.TestRunner@344f4dea</td></tr>
<tr>
<td title='dsAlgo_TestRunner.TestRunner.runScenario()'><b>runScenario</b><br>Test class: dsAlgo_TestRunner.TestRunner<br>Test method: Runs Cucumber Scenarios<br>Parameters: "The user is able to navigate to all options in array page", "Optional[Test Array page]"</td>
<td></td>
<td>5</td>
<td>dsAlgo_TestRunner.TestRunner@344f4dea</td></tr>
<tr>
<td title='dsAlgo_TestRunner.TestRunner.runScenario()'><b>runScenario</b><br>Test class: dsAlgo_TestRunner.TestRunner<br>Test method: Runs Cucumber Scenarios<br>Parameters: "The user is able run code in tryEditor", "Optional[Test Stack Page]"</td>
<td></td>
<td>11</td>
<td>dsAlgo_TestRunner.TestRunner@344f4dea</td></tr>
<tr>
<td title='dsAlgo_TestRunner.TestRunner.runScenario()'><b>runScenario</b><br>Test class: dsAlgo_TestRunner.TestRunner<br>Test method: Runs Cucumber Scenarios<br>Parameters: "The user is able to navigate to Practice page", "Optional[Test Tree Page]"</td>
<td></td>
<td>0</td>
<td>dsAlgo_TestRunner.TestRunner@344f4dea</td></tr>
<tr>
<td title='dsAlgo_TestRunner.TestRunner.runScenario()'><b>runScenario</b><br>Test class: dsAlgo_TestRunner.TestRunner<br>Test method: Runs Cucumber Scenarios<br>Parameters: "User checks each of the topics in Linked List with invalid python code", "Optional[user validates the Linked List Page]"</td>
<td></td>
<td>2</td>
<td>dsAlgo_TestRunner.TestRunner@344f4dea</td></tr>
<tr>
<td title='dsAlgo_TestRunner.TestRunner.runScenario()'><b>runScenario</b><br>Test class: dsAlgo_TestRunner.TestRunner<br>Test method: Runs Cucumber Scenarios<br>Parameters: "The user is able to navigate to all options in tree page", "Optional[Test Tree Page]"</td>
<td></td>
<td>2</td>
<td>dsAlgo_TestRunner.TestRunner@344f4dea</td></tr>
<tr>
<td title='dsAlgo_TestRunner.TestRunner.runScenario()'><b>runScenario</b><br>Test class: dsAlgo_TestRunner.TestRunner<br>Test method: Runs Cucumber Scenarios<br>Parameters: "The user is able to navigate to all options in tree page", "Optional[Test Tree Page]"</td>
<td></td>
<td>2</td>
<td>dsAlgo_TestRunner.TestRunner@344f4dea</td></tr>
<tr>
<td title='dsAlgo_TestRunner.TestRunner.runScenario()'><b>runScenario</b><br>Test class: dsAlgo_TestRunner.TestRunner<br>Test method: Runs Cucumber Scenarios<br>Parameters: "The user is able run code in tryEditor", "Optional[Test Stack Page]"</td>
<td></td>
<td>10</td>
<td>dsAlgo_TestRunner.TestRunner@344f4dea</td></tr>
<tr>
<td title='dsAlgo_TestRunner.TestRunner.runScenario()'><b>runScenario</b><br>Test class: dsAlgo_TestRunner.TestRunner<br>Test method: Runs Cucumber Scenarios<br>Parameters: "The user is able stack run code in tryEditor", "Optional[Test Stack Page]"</td>
<td></td>
<td>11</td>
<td>dsAlgo_TestRunner.TestRunner@344f4dea</td></tr>
<tr>
<td title='dsAlgo_TestRunner.TestRunner.runScenario()'><b>runScenario</b><br>Test class: dsAlgo_TestRunner.TestRunner<br>Test method: Runs Cucumber Scenarios<br>Parameters: "The user is able to navigate to all options in tree page", "Optional[Test Tree Page]"</td>
<td></td>
<td>3</td>
<td>dsAlgo_TestRunner.TestRunner@344f4dea</td></tr>
<tr>
<td title='dsAlgo_TestRunner.TestRunner.runScenario()'><b>runScenario</b><br>Test class: dsAlgo_TestRunner.TestRunner<br>Test method: Runs Cucumber Scenarios<br>Parameters: "User checks each of the topics in Graph with valid python code", "Optional[Testing queue page]"</td>
<td></td>
<td>3</td>
<td>dsAlgo_TestRunner.TestRunner@344f4dea</td></tr>
<tr>
<td title='dsAlgo_TestRunner.TestRunner.runScenario()'><b>runScenario</b><br>Test class: dsAlgo_TestRunner.TestRunner<br>Test method: Runs Cucumber Scenarios<br>Parameters: "User checks each of the topics in Linked List with valid python code", "Optional[user validates the Linked List Page]"</td>
<td></td>
<td>4</td>
<td>dsAlgo_TestRunner.TestRunner@344f4dea</td></tr>
<tr>
<td title='dsAlgo_TestRunner.TestRunner.runScenario()'><b>runScenario</b><br>Test class: dsAlgo_TestRunner.TestRunner<br>Test method: Runs Cucumber Scenarios<br>Parameters: "User is on Home page and Clicks on Signins", "Optional[Login Action]"</td>
<td></td>
<td>1</td>
<td>dsAlgo_TestRunner.TestRunner@344f4dea</td></tr>
<tr>
<td title='dsAlgo_TestRunner.TestRunner.runScenario()'><b>runScenario</b><br>Test class: dsAlgo_TestRunner.TestRunner<br>Test method: Runs Cucumber Scenarios<br>Parameters: "The user is able to navigate to all options in array page", "Optional[Test Array page]"</td>
<td></td>
<td>6</td>
<td>dsAlgo_TestRunner.TestRunner@344f4dea</td></tr>
<tr>
<td title='dsAlgo_TestRunner.TestRunner.runScenario()'><b>runScenario</b><br>Test class: dsAlgo_TestRunner.TestRunner<br>Test method: Runs Cucumber Scenarios<br>Parameters: "to register with all the data", "Optional[Registration verification and validation]"</td>
<td></td>
<td>10</td>
<td>dsAlgo_TestRunner.TestRunner@344f4dea</td></tr>
<tr>
<td title='dsAlgo_TestRunner.TestRunner.runScenario()'><b>runScenario</b><br>Test class: dsAlgo_TestRunner.TestRunner<br>Test method: Runs Cucumber Scenarios<br>Parameters: "The user is able to navigate to all options in stack page", "Optional[Test Stack Page]"</td>
<td></td>
<td>3</td>
<td>dsAlgo_TestRunner.TestRunner@344f4dea</td></tr>
<tr>
<td title='dsAlgo_TestRunner.TestRunner.runScenario()'><b>runScenario</b><br>Test class: dsAlgo_TestRunner.TestRunner<br>Test method: Runs Cucumber Scenarios<br>Parameters: "The user is able to navigate to all options in stack page", "Optional[Test Stack Page]"</td>
<td></td>
<td>2</td>
<td>dsAlgo_TestRunner.TestRunner@344f4dea</td></tr>
<tr>
<td title='dsAlgo_TestRunner.TestRunner.runScenario()'><b>runScenario</b><br>Test class: dsAlgo_TestRunner.TestRunner<br>Test method: Runs Cucumber Scenarios<br>Parameters: "The user is able run code in tryEditor", "Optional[Test Tree Page]"</td>
<td></td>
<td>5</td>
<td>dsAlgo_TestRunner.TestRunner@344f4dea</td></tr>
<tr>
<td title='dsAlgo_TestRunner.TestRunner.runScenario()'><b>runScenario</b><br>Test class: dsAlgo_TestRunner.TestRunner<br>Test method: Runs Cucumber Scenarios<br>Parameters: "The user is presented with error message for empty fields below username textbox", "Optional[Registration verification and validation]"</td>
<td></td>
<td>5</td>
<td>dsAlgo_TestRunner.TestRunner@344f4dea</td></tr>
<tr>
<td title='dsAlgo_TestRunner.TestRunner.runScenario()'><b>runScenario</b><br>Test class: dsAlgo_TestRunner.TestRunner<br>Test method: Runs Cucumber Scenarios<br>Parameters: "User checks each of the topics in Graph with invalid python code", "Optional[Testing queue page]"</td>
<td></td>
<td>4</td>
<td>dsAlgo_TestRunner.TestRunner@344f4dea</td></tr>
<tr>
<td title='dsAlgo_TestRunner.TestRunner.runScenario()'><b>runScenario</b><br>Test class: dsAlgo_TestRunner.TestRunner<br>Test method: Runs Cucumber Scenarios<br>Parameters: "To verify Register Form with invalid Credentials", "Optional[Registration verification and validation]"</td>
<td></td>
<td>3</td>
<td>dsAlgo_TestRunner.TestRunner@344f4dea</td></tr>
<tr>
<td title='dsAlgo_TestRunner.TestRunner.runScenario()'><b>runScenario</b><br>Test class: dsAlgo_TestRunner.TestRunner<br>Test method: Runs Cucumber Scenarios<br>Parameters: "The user is presented with error message for empty fields below password textbox", "Optional[Registration verification and validation]"</td>
<td></td>
<td>6</td>
<td>dsAlgo_TestRunner.TestRunner@344f4dea</td></tr>
<tr>
<td title='dsAlgo_TestRunner.TestRunner.runScenario()'><b>runScenario</b><br>Test class: dsAlgo_TestRunner.TestRunner<br>Test method: Runs Cucumber Scenarios<br>Parameters: "The user is able to navigate to all options in array page", "Optional[Test Array page]"</td>
<td></td>
<td>3</td>
<td>dsAlgo_TestRunner.TestRunner@344f4dea</td></tr>
<tr>
<td title='dsAlgo_TestRunner.TestRunner.runScenario()'><b>runScenario</b><br>Test class: dsAlgo_TestRunner.TestRunner<br>Test method: Runs Cucumber Scenarios<br>Parameters: "User checks each of the topics in Linked List with invalid python code", "Optional[user validates the Linked List Page]"</td>
<td></td>
<td>3</td>
<td>dsAlgo_TestRunner.TestRunner@344f4dea</td></tr>
<tr>
<td title='dsAlgo_TestRunner.TestRunner.runScenario()'><b>runScenario</b><br>Test class: dsAlgo_TestRunner.TestRunner<br>Test method: Runs Cucumber Scenarios<br>Parameters: "The user is able run code in tryEditor", "Optional[Test Tree Page]"</td>
<td></td>
<td>4</td>
<td>dsAlgo_TestRunner.TestRunner@344f4dea</td></tr>
<tr>
<td title='dsAlgo_TestRunner.TestRunner.runScenario()'><b>runScenario</b><br>Test class: dsAlgo_TestRunner.TestRunner<br>Test method: Runs Cucumber Scenarios<br>Parameters: "The user is able to navigate to all options in array page", "Optional[Test Array page]"</td>
<td></td>
<td>4</td>
<td>dsAlgo_TestRunner.TestRunner@344f4dea</td></tr>
<tr>
<td title='dsAlgo_TestRunner.TestRunner.runScenario()'><b>runScenario</b><br>Test class: dsAlgo_TestRunner.TestRunner<br>Test method: Runs Cucumber Scenarios<br>Parameters: "The user is able to run code in tryEditor for Practice session of Array in python", "Optional[Test Array page]"</td>
<td></td>
<td>11</td>
<td>dsAlgo_TestRunner.TestRunner@344f4dea</td></tr>
<tr>
<td title='dsAlgo_TestRunner.TestRunner.runScenario()'><b>runScenario</b><br>Test class: dsAlgo_TestRunner.TestRunner<br>Test method: Runs Cucumber Scenarios<br>Parameters: "The user is able to navigate to all options in tree page", "Optional[Test Tree Page]"</td>
<td></td>
<td>3</td>
<td>dsAlgo_TestRunner.TestRunner@344f4dea</td></tr>
<tr>
<td title='dsAlgo_TestRunner.TestRunner.runScenario()'><b>runScenario</b><br>Test class: dsAlgo_TestRunner.TestRunner<br>Test method: Runs Cucumber Scenarios<br>Parameters: "To verify SignIn with Empty fields", "Optional[Login Action]"</td>
<td></td>
<td>5</td>
<td>dsAlgo_TestRunner.TestRunner@344f4dea</td></tr>
<tr>
<td title='dsAlgo_TestRunner.TestRunner.runScenario()'><b>runScenario</b><br>Test class: dsAlgo_TestRunner.TestRunner<br>Test method: Runs Cucumber Scenarios<br>Parameters: "The user is able to navigate to all options in tree page", "Optional[Test Tree Page]"</td>
<td></td>
<td>1</td>
<td>dsAlgo_TestRunner.TestRunner@344f4dea</td></tr>
<tr>
<td title='dsAlgo_TestRunner.TestRunner.runScenario()'><b>runScenario</b><br>Test class: dsAlgo_TestRunner.TestRunner<br>Test method: Runs Cucumber Scenarios<br>Parameters: "User checks each of the topics in Linked List with invalid python code", "Optional[user validates the Linked List Page]"</td>
<td></td>
<td>4</td>
<td>dsAlgo_TestRunner.TestRunner@344f4dea</td></tr>
<tr>
<td title='dsAlgo_TestRunner.TestRunner.runScenario()'><b>runScenario</b><br>Test class: dsAlgo_TestRunner.TestRunner<br>Test method: Runs Cucumber Scenarios<br>Parameters: "To verify Register Form with invalid Credentials", "Optional[Registration verification and validation]"</td>
<td></td>
<td>2</td>
<td>dsAlgo_TestRunner.TestRunner@344f4dea</td></tr>
<tr>
<td title='dsAlgo_TestRunner.TestRunner.runScenario()'><b>runScenario</b><br>Test class: dsAlgo_TestRunner.TestRunner<br>Test method: Runs Cucumber Scenarios<br>Parameters: "The user is able to navigate to all options in stack page", "Optional[Test Stack Page]"</td>
<td></td>
<td>1</td>
<td>dsAlgo_TestRunner.TestRunner@344f4dea</td></tr>
<tr>
<td title='dsAlgo_TestRunner.TestRunner.runScenario()'><b>runScenario</b><br>Test class: dsAlgo_TestRunner.TestRunner<br>Test method: Runs Cucumber Scenarios<br>Parameters: "The user is able to navigate to all options in tree page", "Optional[Test Tree Page]"</td>
<td></td>
<td>2</td>
<td>dsAlgo_TestRunner.TestRunner@344f4dea</td></tr>
<tr>
<td title='dsAlgo_TestRunner.TestRunner.runScenario()'><b>runScenario</b><br>Test class: dsAlgo_TestRunner.TestRunner<br>Test method: Runs Cucumber Scenarios<br>Parameters: "User checks each of the topics in Graph with invalid python code", "Optional[Testing queue page]"</td>
<td></td>
<td>3</td>
<td>dsAlgo_TestRunner.TestRunner@344f4dea</td></tr>
<tr>
<td title='dsAlgo_TestRunner.TestRunner.runScenario()'><b>runScenario</b><br>Test class: dsAlgo_TestRunner.TestRunner<br>Test method: Runs Cucumber Scenarios<br>Parameters: "To verify SignIn with invalid "asdfger" and "@@@@ and gets the result "Invalid Username and Password"", "Optional[Login Action]"</td>
<td></td>
<td>3</td>
<td>dsAlgo_TestRunner.TestRunner@344f4dea</td></tr>
<tr>
<td title='dsAlgo_TestRunner.TestRunner.runScenario()'><b>runScenario</b><br>Test class: dsAlgo_TestRunner.TestRunner<br>Test method: Runs Cucumber Scenarios<br>Parameters: "The user is able to navigate to all options in tree page", "Optional[Test Tree Page]"</td>
<td></td>
<td>2</td>
<td>dsAlgo_TestRunner.TestRunner@344f4dea</td></tr>
<tr>
<td title='dsAlgo_TestRunner.TestRunner.runScenario()'><b>runScenario</b><br>Test class: dsAlgo_TestRunner.TestRunner<br>Test method: Runs Cucumber Scenarios<br>Parameters: "The user is able run code in tryEditor", "Optional[Test Tree Page]"</td>
<td></td>
<td>7</td>
<td>dsAlgo_TestRunner.TestRunner@344f4dea</td></tr>
<tr>
<td title='dsAlgo_TestRunner.TestRunner.runScenario()'><b>runScenario</b><br>Test class: dsAlgo_TestRunner.TestRunner<br>Test method: Runs Cucumber Scenarios<br>Parameters: "User  Login with  valid "sdet" and "sdet1234"", "Optional[Login Action]"</td>
<td></td>
<td>4</td>
<td>dsAlgo_TestRunner.TestRunner@344f4dea</td></tr>
<tr>
<td title='dsAlgo_TestRunner.TestRunner.runScenario()'><b>runScenario</b><br>Test class: dsAlgo_TestRunner.TestRunner<br>Test method: Runs Cucumber Scenarios<br>Parameters: "The user is able to navigate to Practice page", "Optional[user validates the Linked List Page]"</td>
<td></td>
<td>3</td>
<td>dsAlgo_TestRunner.TestRunner@344f4dea</td></tr>
<tr>
<td title='dsAlgo_TestRunner.TestRunner.runScenario()'><b>runScenario</b><br>Test class: dsAlgo_TestRunner.TestRunner<br>Test method: Runs Cucumber Scenarios<br>Parameters: "The user is able to navigate to all options in tree page", "Optional[Test Tree Page]"</td>
<td></td>
<td>2</td>
<td>dsAlgo_TestRunner.TestRunner@344f4dea</td></tr>
<tr>
<td title='dsAlgo_TestRunner.TestRunner.runScenario()'><b>runScenario</b><br>Test class: dsAlgo_TestRunner.TestRunner<br>Test method: Runs Cucumber Scenarios<br>Parameters: "User is on Home Page and clicks on any getStarted link "Data Structures-Introduction" with sign in", "Optional[Launch Browser and Test Home Page]"</td>
<td></td>
<td>0</td>
<td>dsAlgo_TestRunner.TestRunner@344f4dea</td></tr>
<tr>
<td title='dsAlgo_TestRunner.TestRunner.runScenario()'><b>runScenario</b><br>Test class: dsAlgo_TestRunner.TestRunner<br>Test method: Runs Cucumber Scenarios<br>Parameters: "The user is able to navigate to all options in array page", "Optional[Test Array page]"</td>
<td></td>
<td>6</td>
<td>dsAlgo_TestRunner.TestRunner@344f4dea</td></tr>
<tr>
<td title='dsAlgo_TestRunner.TestRunner.runScenario()'><b>runScenario</b><br>Test class: dsAlgo_TestRunner.TestRunner<br>Test method: Runs Cucumber Scenarios<br>Parameters: "The user is able tree run code in tryEditor", "Optional[Test Tree Page]"</td>
<td></td>
<td>7</td>
<td>dsAlgo_TestRunner.TestRunner@344f4dea</td></tr>
<tr>
<td title='dsAlgo_TestRunner.TestRunner.runScenario()'><b>runScenario</b><br>Test class: dsAlgo_TestRunner.TestRunner<br>Test method: Runs Cucumber Scenarios<br>Parameters: "The user is able run code in tryEditor", "Optional[Test Tree Page]"</td>
<td></td>
<td>12</td>
<td>dsAlgo_TestRunner.TestRunner@344f4dea</td></tr>
<tr>
<td title='dsAlgo_TestRunner.TestRunner.runScenario()'><b>runScenario</b><br>Test class: dsAlgo_TestRunner.TestRunner<br>Test method: Runs Cucumber Scenarios<br>Parameters: "To verify SignIn with password only", "Optional[Login Action]"</td>
<td></td>
<td>3</td>
<td>dsAlgo_TestRunner.TestRunner@344f4dea</td></tr>
<tr>
<td title='dsAlgo_TestRunner.TestRunner.runScenario()'><b>runScenario</b><br>Test class: dsAlgo_TestRunner.TestRunner<br>Test method: Runs Cucumber Scenarios<br>Parameters: "User checks each of the topics in Graph with invalid python code", "Optional[Testing queue page]"</td>
<td></td>
<td>5</td>
<td>dsAlgo_TestRunner.TestRunner@344f4dea</td></tr>
<tr>
<td title='dsAlgo_TestRunner.TestRunner.runScenario()'><b>runScenario</b><br>Test class: dsAlgo_TestRunner.TestRunner<br>Test method: Runs Cucumber Scenarios<br>Parameters: "User checks each of the topics in Linked List with invalid python code", "Optional[user validates the Linked List Page]"</td>
<td></td>
<td>2</td>
<td>dsAlgo_TestRunner.TestRunner@344f4dea</td></tr>
<tr>
<td title='dsAlgo_TestRunner.TestRunner.runScenario()'><b>runScenario</b><br>Test class: dsAlgo_TestRunner.TestRunner<br>Test method: Runs Cucumber Scenarios<br>Parameters: "The user is able to run invald code in tryEditor for Practice session of Array in python", "Optional[Test Array page]"</td>
<td></td>
<td>12</td>
<td>dsAlgo_TestRunner.TestRunner@344f4dea</td></tr>
<tr>
<td title='dsAlgo_TestRunner.TestRunner.runScenario()'><b>runScenario</b><br>Test class: dsAlgo_TestRunner.TestRunner<br>Test method: Runs Cucumber Scenarios<br>Parameters: "The user is able to run code in tryEditor for Practice session of Array in python", "Optional[Test Array page]"</td>
<td></td>
<td>8</td>
<td>dsAlgo_TestRunner.TestRunner@344f4dea</td></tr>
<tr>
<td title='dsAlgo_TestRunner.TestRunner.runScenario()'><b>runScenario</b><br>Test class: dsAlgo_TestRunner.TestRunner<br>Test method: Runs Cucumber Scenarios<br>Parameters: "To verify SignIn with invalid "abcdefgh" and "zxyu1234 and gets the result "Invalid Username and Password"", "Optional[Login Action]"</td>
<td></td>
<td>4</td>
<td>dsAlgo_TestRunner.TestRunner@344f4dea</td></tr>
<tr>
<td title='dsAlgo_TestRunner.TestRunner.runScenario()'><b>runScenario</b><br>Test class: dsAlgo_TestRunner.TestRunner<br>Test method: Runs Cucumber Scenarios<br>Parameters: "User is on Home Page and clicks on any getStarted link "Linked List" with sign in", "Optional[Launch Browser and Test Home Page]"</td>
<td></td>
<td>0</td>
<td>dsAlgo_TestRunner.TestRunner@344f4dea</td></tr>
<tr>
<td title='dsAlgo_TestRunner.TestRunner.runScenario()'><b>runScenario</b><br>Test class: dsAlgo_TestRunner.TestRunner<br>Test method: Runs Cucumber Scenarios<br>Parameters: "User checks each of the topics in Linked List with valid python code", "Optional[user validates the Linked List Page]"</td>
<td></td>
<td>4</td>
<td>dsAlgo_TestRunner.TestRunner@344f4dea</td></tr>
<tr>
<td title='dsAlgo_TestRunner.TestRunner.runScenario()'><b>runScenario</b><br>Test class: dsAlgo_TestRunner.TestRunner<br>Test method: Runs Cucumber Scenarios<br>Parameters: "User checks each of the topics in Linked List with invalid python code", "Optional[user validates the Linked List Page]"</td>
<td></td>
<td>4</td>
<td>dsAlgo_TestRunner.TestRunner@344f4dea</td></tr>
<tr>
<td title='dsAlgo_TestRunner.TestRunner.runScenario()'><b>runScenario</b><br>Test class: dsAlgo_TestRunner.TestRunner<br>Test method: Runs Cucumber Scenarios<br>Parameters: "The user is able run code in tryEditor", "Optional[Test Tree Page]"</td>
<td></td>
<td>4</td>
<td>dsAlgo_TestRunner.TestRunner@344f4dea</td></tr>
<tr>
<td title='dsAlgo_TestRunner.TestRunner.runScenario()'><b>runScenario</b><br>Test class: dsAlgo_TestRunner.TestRunner<br>Test method: Runs Cucumber Scenarios<br>Parameters: "The user is able to navigate to all options in tree page", "Optional[Test Tree Page]"</td>
<td></td>
<td>2</td>
<td>dsAlgo_TestRunner.TestRunner@344f4dea</td></tr>
<tr>
<td title='dsAlgo_TestRunner.TestRunner.runScenario()'><b>runScenario</b><br>Test class: dsAlgo_TestRunner.TestRunner<br>Test method: Runs Cucumber Scenarios<br>Parameters: "The user is able to navigate to all options in tree page", "Optional[Test Tree Page]"</td>
<td></td>
<td>2</td>
<td>dsAlgo_TestRunner.TestRunner@344f4dea</td></tr>
<tr>
<td title='dsAlgo_TestRunner.TestRunner.runScenario()'><b>runScenario</b><br>Test class: dsAlgo_TestRunner.TestRunner<br>Test method: Runs Cucumber Scenarios<br>Parameters: "To verify Register Form with invalid Credentials", "Optional[Registration verification and validation]"</td>
<td></td>
<td>2</td>
<td>dsAlgo_TestRunner.TestRunner@344f4dea</td></tr>
<tr>
<td title='dsAlgo_TestRunner.TestRunner.runScenario()'><b>runScenario</b><br>Test class: dsAlgo_TestRunner.TestRunner<br>Test method: Runs Cucumber Scenarios<br>Parameters: "User checks each of the topics in Linked List with valid python code", "Optional[user validates the Linked List Page]"</td>
<td></td>
<td>4</td>
<td>dsAlgo_TestRunner.TestRunner@344f4dea</td></tr>
<tr>
<td title='dsAlgo_TestRunner.TestRunner.runScenario()'><b>runScenario</b><br>Test class: dsAlgo_TestRunner.TestRunner<br>Test method: Runs Cucumber Scenarios<br>Parameters: "The user is able to run code in Practice session of Array in python", "Optional[Test Array page]"</td>
<td></td>
<td>9</td>
<td>dsAlgo_TestRunner.TestRunner@344f4dea</td></tr>
<tr>
<td title='dsAlgo_TestRunner.TestRunner.runScenario()'><b>runScenario</b><br>Test class: dsAlgo_TestRunner.TestRunner<br>Test method: Runs Cucumber Scenarios<br>Parameters: "The user is able to navigate to all options in tree page", "Optional[Test Tree Page]"</td>
<td></td>
<td>2</td>
<td>dsAlgo_TestRunner.TestRunner@344f4dea</td></tr>
<tr>
<td title='dsAlgo_TestRunner.TestRunner.runScenario()'><b>runScenario</b><br>Test class: dsAlgo_TestRunner.TestRunner<br>Test method: Runs Cucumber Scenarios<br>Parameters: "User is on Home Page and clicks on any dropdown "<value>" without sign in", "Optional[Launch Browser and Test Home Page]"</td>
<td></td>
<td>4</td>
<td>dsAlgo_TestRunner.TestRunner@344f4dea</td></tr>
<tr>
<td title='dsAlgo_TestRunner.TestRunner.runScenario()'><b>runScenario</b><br>Test class: dsAlgo_TestRunner.TestRunner<br>Test method: Runs Cucumber Scenarios<br>Parameters: "The user is able to run code in tryEditor for Practice session of Array in python", "Optional[Test Array page]"</td>
<td></td>
<td>11</td>
<td>dsAlgo_TestRunner.TestRunner@344f4dea</td></tr>
<tr>
<td title='dsAlgo_TestRunner.TestRunner.runScenario()'><b>runScenario</b><br>Test class: dsAlgo_TestRunner.TestRunner<br>Test method: Runs Cucumber Scenarios<br>Parameters: "The user is able to navigate to all options in stack page", "Optional[Test Stack Page]"</td>
<td></td>
<td>1</td>
<td>dsAlgo_TestRunner.TestRunner@344f4dea</td></tr>
<tr>
<td title='dsAlgo_TestRunner.TestRunner.runScenario()'><b>runScenario</b><br>Test class: dsAlgo_TestRunner.TestRunner<br>Test method: Runs Cucumber Scenarios<br>Parameters: "The user is able to run code in tryEditor for Practice session of Array in python", "Optional[Test Array page]"</td>
<td></td>
<td>8</td>
<td>dsAlgo_TestRunner.TestRunner@344f4dea</td></tr>
<tr>
<td title='dsAlgo_TestRunner.TestRunner.runScenario()'><b>runScenario</b><br>Test class: dsAlgo_TestRunner.TestRunner<br>Test method: Runs Cucumber Scenarios<br>Parameters: "The user is able to navigate to all options in tree page", "Optional[Test Tree Page]"</td>
<td></td>
<td>3</td>
<td>dsAlgo_TestRunner.TestRunner@344f4dea</td></tr>
<tr>
<td title='dsAlgo_TestRunner.TestRunner.runScenario()'><b>runScenario</b><br>Test class: dsAlgo_TestRunner.TestRunner<br>Test method: Runs Cucumber Scenarios<br>Parameters: "The user is able tree run code in tryEditor", "Optional[Test Tree Page]"</td>
<td></td>
<td>8</td>
<td>dsAlgo_TestRunner.TestRunner@344f4dea</td></tr>
<tr>
<td title='dsAlgo_TestRunner.TestRunner.runScenario()'><b>runScenario</b><br>Test class: dsAlgo_TestRunner.TestRunner<br>Test method: Runs Cucumber Scenarios<br>Parameters: "The user is able to run invald code in tryEditor for Practice session of Array in python", "Optional[Test Array page]"</td>
<td></td>
<td>14</td>
<td>dsAlgo_TestRunner.TestRunner@344f4dea</td></tr>
<tr>
<td title='dsAlgo_TestRunner.TestRunner.runScenario()'><b>runScenario</b><br>Test class: dsAlgo_TestRunner.TestRunner<br>Test method: Runs Cucumber Scenarios<br>Parameters: "User checks each of the topics in Linked List with valid python code", "Optional[user validates the Linked List Page]"</td>
<td></td>
<td>4</td>
<td>dsAlgo_TestRunner.TestRunner@344f4dea</td></tr>
<tr>
<td title='dsAlgo_TestRunner.TestRunner.runScenario()'><b>runScenario</b><br>Test class: dsAlgo_TestRunner.TestRunner<br>Test method: Runs Cucumber Scenarios<br>Parameters: "The user is able to navigate to all options in tree page", "Optional[Test Tree Page]"</td>
<td></td>
<td>3</td>
<td>dsAlgo_TestRunner.TestRunner@344f4dea</td></tr>
<tr>
<td title='dsAlgo_TestRunner.TestRunner.runScenario()'><b>runScenario</b><br>Test class: dsAlgo_TestRunner.TestRunner<br>Test method: Runs Cucumber Scenarios<br>Parameters: "The user is able to run invald code in tryEditor for Practice session of Array in python", "Optional[Test Array page]"</td>
<td></td>
<td>12</td>
<td>dsAlgo_TestRunner.TestRunner@344f4dea</td></tr>
<tr>
<td title='dsAlgo_TestRunner.TestRunner.runScenario()'><b>runScenario</b><br>Test class: dsAlgo_TestRunner.TestRunner<br>Test method: Runs Cucumber Scenarios<br>Parameters: "The user is able to navigate to all options in tree page", "Optional[Test Tree Page]"</td>
<td></td>
<td>2</td>
<td>dsAlgo_TestRunner.TestRunner@344f4dea</td></tr>
<tr>
<td title='dsAlgo_TestRunner.TestRunner.runScenario()'><b>runScenario</b><br>Test class: dsAlgo_TestRunner.TestRunner<br>Test method: Runs Cucumber Scenarios<br>Parameters: "The user is able to navigate to all options in stack page", "Optional[Test Stack Page]"</td>
<td></td>
<td>2</td>
<td>dsAlgo_TestRunner.TestRunner@344f4dea</td></tr>
<tr>
<td title='dsAlgo_TestRunner.TestRunner.runScenario()'><b>runScenario</b><br>Test class: dsAlgo_TestRunner.TestRunner<br>Test method: Runs Cucumber Scenarios<br>Parameters: "The user is able run code in tryEditor", "Optional[Test Array page]"</td>
<td></td>
<td>10</td>
<td>dsAlgo_TestRunner.TestRunner@344f4dea</td></tr>
<tr>
<td title='dsAlgo_TestRunner.TestRunner.runScenario()'><b>runScenario</b><br>Test class: dsAlgo_TestRunner.TestRunner<br>Test method: Runs Cucumber Scenarios<br>Parameters: "User is on Home Page and clicks on any getStarted link "Arrays" with sign in", "Optional[Launch Browser and Test Home Page]"</td>
<td></td>
<td>0</td>
<td>dsAlgo_TestRunner.TestRunner@344f4dea</td></tr>
<tr>
<td title='dsAlgo_TestRunner.TestRunner.runScenario()'><b>runScenario</b><br>Test class: dsAlgo_TestRunner.TestRunner<br>Test method: Runs Cucumber Scenarios<br>Parameters: "To verify Register Form with invalid Credentials", "Optional[Registration verification and validation]"</td>
<td></td>
<td>2</td>
<td>dsAlgo_TestRunner.TestRunner@344f4dea</td></tr>
<tr>
<td title='dsAlgo_TestRunner.TestRunner.runScenario()'><b>runScenario</b><br>Test class: dsAlgo_TestRunner.TestRunner<br>Test method: Runs Cucumber Scenarios<br>Parameters: "The user is able to navigate to Practice page", "Optional[Test Array page]"</td>
<td></td>
<td>1</td>
<td>dsAlgo_TestRunner.TestRunner@344f4dea</td></tr>
<tr>
<td title='dsAlgo_TestRunner.TestRunner.runScenario()'><b>runScenario</b><br>Test class: dsAlgo_TestRunner.TestRunner<br>Test method: Runs Cucumber Scenarios<br>Parameters: "The user is able to navigate to Practice page", "Optional[user validates the Linked List Page]"</td>
<td></td>
<td>3</td>
<td>dsAlgo_TestRunner.TestRunner@344f4dea</td></tr>
<tr>
<td title='dsAlgo_TestRunner.TestRunner.runScenario()'><b>runScenario</b><br>Test class: dsAlgo_TestRunner.TestRunner<br>Test method: Runs Cucumber Scenarios<br>Parameters: "User is on Home Page and clicks on any getStarted link "Arrays" without sign in", "Optional[Launch Browser and Test Home Page]"</td>
<td></td>
<td>4</td>
<td>dsAlgo_TestRunner.TestRunner@344f4dea</td></tr>
<tr>
<td title='dsAlgo_TestRunner.TestRunner.runScenario()'><b>runScenario</b><br>Test class: dsAlgo_TestRunner.TestRunner<br>Test method: Runs Cucumber Scenarios<br>Parameters: "The user is able to navigate to all practice questions", "Optional[Test Array page]"</td>
<td></td>
<td>2</td>
<td>dsAlgo_TestRunner.TestRunner@344f4dea</td></tr>
<tr>
<td title='dsAlgo_TestRunner.TestRunner.runScenario()'><b>runScenario</b><br>Test class: dsAlgo_TestRunner.TestRunner<br>Test method: Runs Cucumber Scenarios<br>Parameters: "The user is able to navigate to Practice page", "Optional[user validates the Linked List Page]"</td>
<td></td>
<td>2</td>
<td>dsAlgo_TestRunner.TestRunner@344f4dea</td></tr>
<tr>
<td title='dsAlgo_TestRunner.TestRunner.runScenario()'><b>runScenario</b><br>Test class: dsAlgo_TestRunner.TestRunner<br>Test method: Runs Cucumber Scenarios<br>Parameters: "User is on Home Page and clicks on any dropdown "<value>" without sign in", "Optional[Launch Browser and Test Home Page]"</td>
<td></td>
<td>2</td>
<td>dsAlgo_TestRunner.TestRunner@344f4dea</td></tr>
<tr>
<td title='dsAlgo_TestRunner.TestRunner.runScenario()'><b>runScenario</b><br>Test class: dsAlgo_TestRunner.TestRunner<br>Test method: Runs Cucumber Scenarios<br>Parameters: "The user is able stack run code in tryEditor", "Optional[Test Stack Page]"</td>
<td></td>
<td>7</td>
<td>dsAlgo_TestRunner.TestRunner@344f4dea</td></tr>
<tr>
<td title='dsAlgo_TestRunner.TestRunner.runScenario()'><b>runScenario</b><br>Test class: dsAlgo_TestRunner.TestRunner<br>Test method: Runs Cucumber Scenarios<br>Parameters: "To verify Register Form with invalid Credentials", "Optional[Registration verification and validation]"</td>
<td></td>
<td>2</td>
<td>dsAlgo_TestRunner.TestRunner@344f4dea</td></tr>
<tr>
<td title='dsAlgo_TestRunner.TestRunner.runScenario()'><b>runScenario</b><br>Test class: dsAlgo_TestRunner.TestRunner<br>Test method: Runs Cucumber Scenarios<br>Parameters: "The user is able to navigate to Practice page", "Optional[Test Stack Page]"</td>
<td></td>
<td>2</td>
<td>dsAlgo_TestRunner.TestRunner@344f4dea</td></tr>
<tr>
<td title='dsAlgo_TestRunner.TestRunner.runScenario()'><b>runScenario</b><br>Test class: dsAlgo_TestRunner.TestRunner<br>Test method: Runs Cucumber Scenarios<br>Parameters: "User checks each of the topics in Graph with valid python code", "Optional[Testing queue page]"</td>
<td></td>
<td>4</td>
<td>dsAlgo_TestRunner.TestRunner@344f4dea</td></tr>
<tr>
<td title='dsAlgo_TestRunner.TestRunner.runScenario()'><b>runScenario</b><br>Test class: dsAlgo_TestRunner.TestRunner<br>Test method: Runs Cucumber Scenarios<br>Parameters: "The user is able to navigate to all options in tree page", "Optional[Test Tree Page]"</td>
<td></td>
<td>2</td>
<td>dsAlgo_TestRunner.TestRunner@344f4dea</td></tr>
<tr>
<td title='dsAlgo_TestRunner.TestRunner.runScenario()'><b>runScenario</b><br>Test class: dsAlgo_TestRunner.TestRunner<br>Test method: Runs Cucumber Scenarios<br>Parameters: "The user is able to navigate to Practice page", "Optional[user validates the Linked List Page]"</td>
<td></td>
<td>3</td>
<td>dsAlgo_TestRunner.TestRunner@344f4dea</td></tr>
<tr>
<td title='dsAlgo_TestRunner.TestRunner.runScenario()'><b>runScenario</b><br>Test class: dsAlgo_TestRunner.TestRunner<br>Test method: Runs Cucumber Scenarios<br>Parameters: "User is on Home Page and clicks on any getStarted link "Stack" without sign in", "Optional[Launch Browser and Test Home Page]"</td>
<td></td>
<td>2</td>
<td>dsAlgo_TestRunner.TestRunner@344f4dea</td></tr>
<tr>
<td title='dsAlgo_TestRunner.TestRunner.runScenario()'><b>runScenario</b><br>Test class: dsAlgo_TestRunner.TestRunner<br>Test method: Runs Cucumber Scenarios<br>Parameters: "The user is able to navigate to all practice questions", "Optional[Test Array page]"</td>
<td></td>
<td>2</td>
<td>dsAlgo_TestRunner.TestRunner@344f4dea</td></tr>
<tr>
<td title='dsAlgo_TestRunner.TestRunner.runScenario()'><b>runScenario</b><br>Test class: dsAlgo_TestRunner.TestRunner<br>Test method: Runs Cucumber Scenarios<br>Parameters: "User is on Home Page and clicks on any getStarted link "Queue" with sign in", "Optional[Launch Browser and Test Home Page]"</td>
<td></td>
<td>0</td>
<td>dsAlgo_TestRunner.TestRunner@344f4dea</td></tr>
<tr>
<td title='dsAlgo_TestRunner.TestRunner.runScenario()'><b>runScenario</b><br>Test class: dsAlgo_TestRunner.TestRunner<br>Test method: Runs Cucumber Scenarios<br>Parameters: "The user is able to navigate to all options in tree page", "Optional[Test Tree Page]"</td>
<td></td>
<td>2</td>
<td>dsAlgo_TestRunner.TestRunner@344f4dea</td></tr>
<tr>
<td title='dsAlgo_TestRunner.TestRunner.runScenario()'><b>runScenario</b><br>Test class: dsAlgo_TestRunner.TestRunner<br>Test method: Runs Cucumber Scenarios<br>Parameters: "To verify SignIn with invalid "ER@$" and "sdkfsk12 and gets the result "Invalid Username and Password"", "Optional[Login Action]"</td>
<td></td>
<td>4</td>
<td>dsAlgo_TestRunner.TestRunner@344f4dea</td></tr>
<tr>
<td title='dsAlgo_TestRunner.TestRunner.runScenario()'><b>runScenario</b><br>Test class: dsAlgo_TestRunner.TestRunner<br>Test method: Runs Cucumber Scenarios<br>Parameters: "The user is able to navigate to all options in tree page", "Optional[Test Tree Page]"</td>
<td></td>
<td>2</td>
<td>dsAlgo_TestRunner.TestRunner@344f4dea</td></tr>
<tr>
<td title='dsAlgo_TestRunner.TestRunner.runScenario()'><b>runScenario</b><br>Test class: dsAlgo_TestRunner.TestRunner<br>Test method: Runs Cucumber Scenarios<br>Parameters: "The user is able run code in tryEditor", "Optional[Test Array page]"</td>
<td></td>
<td>8</td>
<td>dsAlgo_TestRunner.TestRunner@344f4dea</td></tr>
<tr>
<td title='dsAlgo_TestRunner.TestRunner.runScenario()'><b>runScenario</b><br>Test class: dsAlgo_TestRunner.TestRunner<br>Test method: Runs Cucumber Scenarios<br>Parameters: "The user is able to navigate to all options in tree page", "Optional[Test Tree Page]"</td>
<td></td>
<td>2</td>
<td>dsAlgo_TestRunner.TestRunner@344f4dea</td></tr>
<tr>
<td title='dsAlgo_TestRunner.TestRunner.runScenario()'><b>runScenario</b><br>Test class: dsAlgo_TestRunner.TestRunner<br>Test method: Runs Cucumber Scenarios<br>Parameters: "The user is able to run code in Practice session of Array in python", "Optional[Test Array page]"</td>
<td></td>
<td>8</td>
<td>dsAlgo_TestRunner.TestRunner@344f4dea</td></tr>
<tr>
<td title='dsAlgo_TestRunner.TestRunner.runScenario()'><b>runScenario</b><br>Test class: dsAlgo_TestRunner.TestRunner<br>Test method: Runs Cucumber Scenarios<br>Parameters: "The user is able run code in tryEditor", "Optional[Test Tree Page]"</td>
<td></td>
<td>9</td>
<td>dsAlgo_TestRunner.TestRunner@344f4dea</td></tr>
<tr>
<td title='dsAlgo_TestRunner.TestRunner.runScenario()'><b>runScenario</b><br>Test class: dsAlgo_TestRunner.TestRunner<br>Test method: Runs Cucumber Scenarios<br>Parameters: "User checks each of the topics in Linked List with invalid python code", "Optional[user validates the Linked List Page]"</td>
<td></td>
<td>3</td>
<td>dsAlgo_TestRunner.TestRunner@344f4dea</td></tr>
</table><p>
</body>
</html>