{"uuid":"2a9821f1-2bf0-4c36-9874-30ed53951f4b","historyId":"4d0ec0373e0c6001b3349a1453f5c58e","fullName":"Test Array page: The user is able run code in tryEditor","labels":[{"name":"tag","value":"ArrayTest"},{"name":"host","value":"suba-pc"},{"name":"thread","value":"12948@suba-pc.TestNG-PoolService-0(43)"},{"name":"feature","value":"Test Array page"},{"name":"story","value":"The user is able run code in tryEditor"},{"name":"suite","value":"Test Array page"},{"name":"testClass","value":"The user is able run code in tryEditor"},{"name":"framework","value":"cucumber4jvm"},{"name":"language","value":"java"},{"name":"gherkin_uri","value":"file:///C:/Users/subas/eclipse-workspace-new/Z_DS-Algo_BDDcopy/src/test/resources/Features/FArrayPage.feature"},{"name":"package","value":"src.test.resources.Features.FArrayPage_feature.Test Array page"}],"links":[],"name":"The user is able run code in tryEditor","status":"broken","statusDetails":{"known":false,"muted":false,"flaky":false,"message":"Cannot invoke \"org.openqa.selenium.WebDriver.navigate()\" because \"this.driver\" is null","trace":"java.lang.NullPointerException: Cannot invoke \"org.openqa.selenium.WebDriver.navigate()\" because \"this.driver\" is null\r\n\tat dsAlgo_StepDefinition.FArrayPage_SD.the_user_is_in_a_page_having_an_try_editor_with_a_run_button_to_test(FArrayPage_SD.java:49)\r\n\tat ✽.The user is in a \"Applications of Array\" page having an tryEditor with a Run button to test(file:///C:/Users/subas/eclipse-workspace-new/Z_DS-Algo_BDDcopy/src/test/resources/Features/FArrayPage.feature:29)\r\n"},"stage":"finished","steps":[{"name":"Given  The user is in a \"Applications of Array\" page having an tryEditor with a Run button to test","status":"broken","statusDetails":{"known":false,"muted":false,"flaky":false,"message":"Cannot invoke \"org.openqa.selenium.WebDriver.navigate()\" because \"this.driver\" is null","trace":"java.lang.NullPointerException: Cannot invoke \"org.openqa.selenium.WebDriver.navigate()\" because \"this.driver\" is null\r\n\tat dsAlgo_StepDefinition.FArrayPage_SD.the_user_is_in_a_page_having_an_try_editor_with_a_run_button_to_test(FArrayPage_SD.java:49)\r\n\tat ✽.The user is in a \"Applications of Array\" page having an tryEditor with a Run button to test(file:///C:/Users/subas/eclipse-workspace-new/Z_DS-Algo_BDDcopy/src/test/resources/Features/FArrayPage.feature:29)\r\n"},"stage":"finished","steps":[],"attachments":[],"parameters":[],"start":1689290628462,"stop":1689290628463},{"name":"When  The user enter valid python code in tryEditor from sheet \"array\" and 0","status":"skipped","statusDetails":{"known":false,"muted":false,"flaky":false},"stage":"finished","steps":[],"attachments":[],"parameters":[],"start":1689290628464,"stop":1689290628464},{"name":"And  The user clicks on run button","status":"skipped","statusDetails":{"known":false,"muted":false,"flaky":false},"stage":"finished","steps":[],"attachments":[],"parameters":[],"start":1689290628465,"stop":1689290628465},{"name":"Then  The user should be presented with Run result","status":"skipped","statusDetails":{"known":false,"muted":false,"flaky":false},"stage":"finished","steps":[],"attachments":[],"parameters":[],"start":1689290628465,"stop":1689290628465}],"attachments":[],"parameters":[{"name":"options","value":"Applications of Array"},{"name":"Sheetname","value":"array"},{"name":"RowNumber","value":"0"}],"start":1689290628461,"stop":1689290635857}