{"uuid":"31dbcebb-d757-4cf6-b4fa-c3e0e2efbfc3","historyId":"3230c22f4745308bccb9e91cf60b4433","fullName":"Test DataStructure  page: The user is able run code in tryEditor","labels":[{"name":"tag","value":"DataStructureTest"},{"name":"tag","value":"Tag"},{"name":"host","value":"suba-pc"},{"name":"thread","value":"16476@suba-pc.TestNG-PoolService-4(58)"},{"name":"feature","value":"Test DataStructure  page"},{"name":"story","value":"The user is able run code in tryEditor"},{"name":"suite","value":"Test DataStructure  page"},{"name":"testClass","value":"The user is able run code in tryEditor"},{"name":"framework","value":"cucumber4jvm"},{"name":"language","value":"java"},{"name":"gherkin_uri","value":"file:///C:/Users/subas/eclipse-workspace-new/Z_DS-Algo_BDDcopy/src/test/resources/Features/EDataStructurePage.feature"},{"name":"package","value":"src.test.resources.Features.EDataStructurePage_feature.Test DataStructure  page"}],"links":[],"name":"The user is able run code in tryEditor","status":"broken","statusDetails":{"known":false,"muted":false,"flaky":false,"message":"Cannot invoke \"org.openqa.selenium.WebDriver.navigate()\" because \"this.driver\" is null","trace":"java.lang.NullPointerException: Cannot invoke \"org.openqa.selenium.WebDriver.navigate()\" because \"this.driver\" is null\r\n\tat dsAlgo_StepDefinition.EDataStructurePage_SD.the_user_is_in_a_page_having_an_try_editor_with_a_run_button_to_test_for_ds(EDataStructurePage_SD.java:47)\r\n\tat ✽.The user is in a \"Time Complexity\" page having an tryEditor with a Run button to test for DS(file:///C:/Users/subas/eclipse-workspace-new/Z_DS-Algo_BDDcopy/src/test/resources/Features/EDataStructurePage.feature:23)\r\n"},"stage":"finished","steps":[{"name":"Given  The user is in a \"Time Complexity\" page having an tryEditor with a Run button to test for DS","status":"broken","statusDetails":{"known":false,"muted":false,"flaky":false,"message":"Cannot invoke \"org.openqa.selenium.WebDriver.navigate()\" because \"this.driver\" is null","trace":"java.lang.NullPointerException: Cannot invoke \"org.openqa.selenium.WebDriver.navigate()\" because \"this.driver\" is null\r\n\tat dsAlgo_StepDefinition.EDataStructurePage_SD.the_user_is_in_a_page_having_an_try_editor_with_a_run_button_to_test_for_ds(EDataStructurePage_SD.java:47)\r\n\tat ✽.The user is in a \"Time Complexity\" page having an tryEditor with a Run button to test for DS(file:///C:/Users/subas/eclipse-workspace-new/Z_DS-Algo_BDDcopy/src/test/resources/Features/EDataStructurePage.feature:23)\r\n"},"stage":"finished","steps":[],"attachments":[],"parameters":[],"start":1689290805718,"stop":1689290805719},{"name":"When  The user enter python DS code with invalid syntax in tryEditor from sheet \"array\" and 1","status":"skipped","statusDetails":{"known":false,"muted":false,"flaky":false},"stage":"finished","steps":[],"attachments":[],"parameters":[],"start":1689290805719,"stop":1689290805720},{"name":"And  The user clicks on run button for DS","status":"skipped","statusDetails":{"known":false,"muted":false,"flaky":false},"stage":"finished","steps":[],"attachments":[],"parameters":[],"start":1689290805720,"stop":1689290805720},{"name":"Then  The user should be presented with error message for DS","status":"skipped","statusDetails":{"known":false,"muted":false,"flaky":false},"stage":"finished","steps":[],"attachments":[],"parameters":[],"start":1689290805720,"stop":1689290805720}],"attachments":[],"parameters":[{"name":"options","value":"Time Complexity"},{"name":"Sheetname","value":"array"},{"name":"RowNumber","value":"1"}],"start":1689290805718,"stop":1689290812312}