{"uuid":"3c0af2d6-78a3-47af-a794-51acf54a3f16","historyId":"2d6bbb13e6e79ee8a6603f9dad12c89a","fullName":"Test Stack Page: The user is able run code in tryEditor","labels":[{"name":"tag","value":"StackTest"},{"name":"host","value":"suba-pc"},{"name":"thread","value":"12220@suba-pc.TestNG-tests-2(17)"},{"name":"feature","value":"Test Stack Page"},{"name":"story","value":"The user is able run code in tryEditor"},{"name":"suite","value":"Test Stack Page"},{"name":"testClass","value":"The user is able run code in tryEditor"},{"name":"framework","value":"cucumber4jvm"},{"name":"language","value":"java"},{"name":"gherkin_uri","value":"file:///C:/Users/subas/eclipse-workspace-new/Z_DS-Algo_BDDCB/src/test/resources/Features/HStackPage.feature"},{"name":"package","value":"src.test.resources.Features.HStackPage_feature.Test Stack Page"}],"links":[],"name":"The user is able run code in tryEditor","status":"broken","statusDetails":{"known":false,"muted":false,"flaky":false,"message":"disconnected: not connected to DevTools\n  (failed to check if window was closed: disconnected: not connected to DevTools)\n  (Session info: chrome=114.0.5735.199)\nBuild info: version: '4.9.1', revision: 'eb2032df7f'\nSystem info: os.name: 'Windows 11', os.arch: 'amd64', os.version: '10.0', java.version: '17.0.7'\nDriver info: org.openqa.selenium.chrome.ChromeDriver\nCommand: [fcf5de415f3060fdbbf9b0057123860b, get {url=https://dsportalapp.herokuapp.com/stack/}]\nCapabilities {acceptInsecureCerts: false, browserName: chrome, browserVersion: 114.0.5735.199, chrome: {chromedriverVersion: 114.0.5735.90 (386bc09e8f4f..., userDataDir: C:\\Users\\subas\\AppData\\Loca...}, goog:chromeOptions: {debuggerAddress: localhost:63558}, networkConnectionEnabled: false, pageLoadStrategy: normal, platformName: windows, proxy: Proxy(), se:cdp: ws://localhost:63558/devtoo..., se:cdpVersion: 114.0.5735.199, setWindowRect: true, strictFileInteractability: false, timeouts: {implicit: 0, pageLoad: 300000, script: 30000}, unhandledPromptBehavior: dismiss and notify, webauthn:extension:credBlob: true, webauthn:extension:largeBlob: true, webauthn:extension:minPinLength: true, webauthn:extension:prf: true, webauthn:virtualAuthenticators: true}\nSession ID: fcf5de415f3060fdbbf9b0057123860b","trace":"org.openqa.selenium.WebDriverException: disconnected: not connected to DevTools\n  (failed to check if window was closed: disconnected: not connected to DevTools)\n  (Session info: chrome=114.0.5735.199)\nBuild info: version: '4.9.1', revision: 'eb2032df7f'\nSystem info: os.name: 'Windows 11', os.arch: 'amd64', os.version: '10.0', java.version: '17.0.7'\nDriver info: org.openqa.selenium.chrome.ChromeDriver\nCommand: [fcf5de415f3060fdbbf9b0057123860b, get {url=https://dsportalapp.herokuapp.com/stack/}]\nCapabilities {acceptInsecureCerts: false, browserName: chrome, browserVersion: 114.0.5735.199, chrome: {chromedriverVersion: 114.0.5735.90 (386bc09e8f4f..., userDataDir: C:\\Users\\subas\\AppData\\Loca...}, goog:chromeOptions: {debuggerAddress: localhost:63558}, networkConnectionEnabled: false, pageLoadStrategy: normal, platformName: windows, proxy: Proxy(), se:cdp: ws://localhost:63558/devtoo..., se:cdpVersion: 114.0.5735.199, setWindowRect: true, strictFileInteractability: false, timeouts: {implicit: 0, pageLoad: 300000, script: 30000}, unhandledPromptBehavior: dismiss and notify, webauthn:extension:credBlob: true, webauthn:extension:largeBlob: true, webauthn:extension:minPinLength: true, webauthn:extension:prf: true, webauthn:virtualAuthenticators: true}\nSession ID: fcf5de415f3060fdbbf9b0057123860b\r\n\tat jdk.internal.reflect.GeneratedConstructorAccessor92.newInstance(Unknown Source)\r\n\tat java.base/jdk.internal.reflect.DelegatingConstructorAccessorImpl.newInstance(DelegatingConstructorAccessorImpl.java:45)\r\n\tat java.base/java.lang.reflect.Constructor.newInstanceWithCaller(Constructor.java:499)\r\n\tat java.base/java.lang.reflect.Constructor.newInstance(Constructor.java:480)\r\n\tat org.openqa.selenium.remote.codec.w3c.W3CHttpResponseCodec.createException(W3CHttpResponseCodec.java:200)\r\n\tat org.openqa.selenium.remote.codec.w3c.W3CHttpResponseCodec.decode(W3CHttpResponseCodec.java:133)\r\n\tat org.openqa.selenium.remote.codec.w3c.W3CHttpResponseCodec.decode(W3CHttpResponseCodec.java:53)\r\n\tat org.openqa.selenium.remote.HttpCommandExecutor.execute(HttpCommandExecutor.java:193)\r\n\tat org.openqa.selenium.remote.service.DriverCommandExecutor.invokeExecute(DriverCommandExecutor.java:183)\r\n\tat org.openqa.selenium.remote.service.DriverCommandExecutor.execute(DriverCommandExecutor.java:158)\r\n\tat org.openqa.selenium.remote.RemoteWebDriver.execute(RemoteWebDriver.java:543)\r\n\tat org.openqa.selenium.remote.RemoteWebDriver.get(RemoteWebDriver.java:297)\r\n\tat org.openqa.selenium.remote.RemoteWebDriver$RemoteNavigation.to(RemoteWebDriver.java:982)\r\n\tat dsAlgo_StepDefinition.HStackPage_SD.the_user_is_in_a_page_having_an_try_editor_with_a_run_button_to_test(HStackPage_SD.java:47)\r\n\tat ✽.The user is in a \"Implementation\" stack page having an tryEditor with a Run button to test(file:///C:/Users/subas/eclipse-workspace-new/Z_DS-Algo_BDDCB/src/test/resources/Features/HStackPage.feature:38)\r\n"},"stage":"finished","steps":[{"name":"Given  The user is in a \"Implementation\" stack page having an tryEditor with a Run button to test","status":"broken","statusDetails":{"known":false,"muted":false,"flaky":false,"message":"disconnected: not connected to DevTools\n  (failed to check if window was closed: disconnected: not connected to DevTools)\n  (Session info: chrome=114.0.5735.199)\nBuild info: version: '4.9.1', revision: 'eb2032df7f'\nSystem info: os.name: 'Windows 11', os.arch: 'amd64', os.version: '10.0', java.version: '17.0.7'\nDriver info: org.openqa.selenium.chrome.ChromeDriver\nCommand: [fcf5de415f3060fdbbf9b0057123860b, get {url=https://dsportalapp.herokuapp.com/stack/}]\nCapabilities {acceptInsecureCerts: false, browserName: chrome, browserVersion: 114.0.5735.199, chrome: {chromedriverVersion: 114.0.5735.90 (386bc09e8f4f..., userDataDir: C:\\Users\\subas\\AppData\\Loca...}, goog:chromeOptions: {debuggerAddress: localhost:63558}, networkConnectionEnabled: false, pageLoadStrategy: normal, platformName: windows, proxy: Proxy(), se:cdp: ws://localhost:63558/devtoo..., se:cdpVersion: 114.0.5735.199, setWindowRect: true, strictFileInteractability: false, timeouts: {implicit: 0, pageLoad: 300000, script: 30000}, unhandledPromptBehavior: dismiss and notify, webauthn:extension:credBlob: true, webauthn:extension:largeBlob: true, webauthn:extension:minPinLength: true, webauthn:extension:prf: true, webauthn:virtualAuthenticators: true}\nSession ID: fcf5de415f3060fdbbf9b0057123860b","trace":"org.openqa.selenium.WebDriverException: disconnected: not connected to DevTools\n  (failed to check if window was closed: disconnected: not connected to DevTools)\n  (Session info: chrome=114.0.5735.199)\nBuild info: version: '4.9.1', revision: 'eb2032df7f'\nSystem info: os.name: 'Windows 11', os.arch: 'amd64', os.version: '10.0', java.version: '17.0.7'\nDriver info: org.openqa.selenium.chrome.ChromeDriver\nCommand: [fcf5de415f3060fdbbf9b0057123860b, get {url=https://dsportalapp.herokuapp.com/stack/}]\nCapabilities {acceptInsecureCerts: false, browserName: chrome, browserVersion: 114.0.5735.199, chrome: {chromedriverVersion: 114.0.5735.90 (386bc09e8f4f..., userDataDir: C:\\Users\\subas\\AppData\\Loca...}, goog:chromeOptions: {debuggerAddress: localhost:63558}, networkConnectionEnabled: false, pageLoadStrategy: normal, platformName: windows, proxy: Proxy(), se:cdp: ws://localhost:63558/devtoo..., se:cdpVersion: 114.0.5735.199, setWindowRect: true, strictFileInteractability: false, timeouts: {implicit: 0, pageLoad: 300000, script: 30000}, unhandledPromptBehavior: dismiss and notify, webauthn:extension:credBlob: true, webauthn:extension:largeBlob: true, webauthn:extension:minPinLength: true, webauthn:extension:prf: true, webauthn:virtualAuthenticators: true}\nSession ID: fcf5de415f3060fdbbf9b0057123860b\r\n\tat jdk.internal.reflect.GeneratedConstructorAccessor92.newInstance(Unknown Source)\r\n\tat java.base/jdk.internal.reflect.DelegatingConstructorAccessorImpl.newInstance(DelegatingConstructorAccessorImpl.java:45)\r\n\tat java.base/java.lang.reflect.Constructor.newInstanceWithCaller(Constructor.java:499)\r\n\tat java.base/java.lang.reflect.Constructor.newInstance(Constructor.java:480)\r\n\tat org.openqa.selenium.remote.codec.w3c.W3CHttpResponseCodec.createException(W3CHttpResponseCodec.java:200)\r\n\tat org.openqa.selenium.remote.codec.w3c.W3CHttpResponseCodec.decode(W3CHttpResponseCodec.java:133)\r\n\tat org.openqa.selenium.remote.codec.w3c.W3CHttpResponseCodec.decode(W3CHttpResponseCodec.java:53)\r\n\tat org.openqa.selenium.remote.HttpCommandExecutor.execute(HttpCommandExecutor.java:193)\r\n\tat org.openqa.selenium.remote.service.DriverCommandExecutor.invokeExecute(DriverCommandExecutor.java:183)\r\n\tat org.openqa.selenium.remote.service.DriverCommandExecutor.execute(DriverCommandExecutor.java:158)\r\n\tat org.openqa.selenium.remote.RemoteWebDriver.execute(RemoteWebDriver.java:543)\r\n\tat org.openqa.selenium.remote.RemoteWebDriver.get(RemoteWebDriver.java:297)\r\n\tat org.openqa.selenium.remote.RemoteWebDriver$RemoteNavigation.to(RemoteWebDriver.java:982)\r\n\tat dsAlgo_StepDefinition.HStackPage_SD.the_user_is_in_a_page_having_an_try_editor_with_a_run_button_to_test(HStackPage_SD.java:47)\r\n\tat ✽.The user is in a \"Implementation\" stack page having an tryEditor with a Run button to test(file:///C:/Users/subas/eclipse-workspace-new/Z_DS-Algo_BDDCB/src/test/resources/Features/HStackPage.feature:38)\r\n"},"stage":"finished","steps":[],"attachments":[],"parameters":[],"start":1689379172506,"stop":1689379172514},{"name":"When  The user enter python code with invalid syntax in stack tryEditor from sheet \"array\" and 1","status":"skipped","statusDetails":{"known":false,"muted":false,"flaky":false},"stage":"finished","steps":[],"attachments":[],"parameters":[],"start":1689379172516,"stop":1689379172516},{"name":"And  The user clicks on stack run button","status":"skipped","statusDetails":{"known":false,"muted":false,"flaky":false},"stage":"finished","steps":[],"attachments":[],"parameters":[],"start":1689379172517,"stop":1689379172517},{"name":"Then  The user should be presented with error message in stack page","status":"skipped","statusDetails":{"known":false,"muted":false,"flaky":false},"stage":"finished","steps":[],"attachments":[],"parameters":[],"start":1689379172518,"stop":1689379172518}],"attachments":[],"parameters":[{"name":"options","value":"Implementation"},{"name":"Sheetname","value":"array"},{"name":"RowNumber","value":"1"}],"start":1689379172505,"stop":1689379172531}