{"uuid":"5bbe8cc9-a1cc-44c3-aceb-f082f6d06420","historyId":"af9b302df1396604b8b01f3e2c0b2bf7","fullName":"Test Array page: The user is able to run code in tryEditor for Practice session of Array in python","labels":[{"name":"tag","value":"ArrayTest"},{"name":"host","value":"suba-pc"},{"name":"thread","value":"16476@suba-pc.TestNG-PoolService-5(49)"},{"name":"feature","value":"Test Array page"},{"name":"story","value":"The user is able to run code in tryEditor for Practice session of Array in python"},{"name":"suite","value":"Test Array page"},{"name":"testClass","value":"The user is able to run code in tryEditor for Practice session of Array in python"},{"name":"framework","value":"cucumber4jvm"},{"name":"language","value":"java"},{"name":"gherkin_uri","value":"file:///C:/Users/subas/eclipse-workspace-new/Z_DS-Algo_BDDcopy/src/test/resources/Features/FArrayPage.feature"},{"name":"package","value":"src.test.resources.Features.FArrayPage_feature.Test Array page"}],"links":[],"name":"The user is able to run code in tryEditor for Practice session of Array in python","status":"broken","statusDetails":{"known":false,"muted":false,"flaky":false,"message":"Cannot invoke \"org.openqa.selenium.WebDriver.navigate()\" because \"this.driver\" is null","trace":"java.lang.NullPointerException: Cannot invoke \"org.openqa.selenium.WebDriver.navigate()\" because \"this.driver\" is null\r\n\tat dsAlgo_StepDefinition.FArrayPage_SD.the_user_is_in_a_practice_page_having_an_try_editor_with_a_run_button_to_test(FArrayPage_SD.java:116)\r\n\tat ✽.The user is in a \"Max Consecutive Ones\"  practice page having an tryEditor with a Run button to test(file:///C:/Users/subas/eclipse-workspace-new/Z_DS-Algo_BDDcopy/src/test/resources/Features/FArrayPage.feature:86)\r\n"},"stage":"finished","steps":[{"name":"Given  The user is in a \"Max Consecutive Ones\"  practice page having an tryEditor with a Run button to test","status":"broken","statusDetails":{"known":false,"muted":false,"flaky":false,"message":"Cannot invoke \"org.openqa.selenium.WebDriver.navigate()\" because \"this.driver\" is null","trace":"java.lang.NullPointerException: Cannot invoke \"org.openqa.selenium.WebDriver.navigate()\" because \"this.driver\" is null\r\n\tat dsAlgo_StepDefinition.FArrayPage_SD.the_user_is_in_a_practice_page_having_an_try_editor_with_a_run_button_to_test(FArrayPage_SD.java:116)\r\n\tat ✽.The user is in a \"Max Consecutive Ones\"  practice page having an tryEditor with a Run button to test(file:///C:/Users/subas/eclipse-workspace-new/Z_DS-Algo_BDDcopy/src/test/resources/Features/FArrayPage.feature:86)\r\n"},"stage":"finished","steps":[],"attachments":[],"parameters":[],"start":1689290825120,"stop":1689290825121},{"name":"When  The user enter valid python code in tryEditor from sheet \"array\" and 0","status":"skipped","statusDetails":{"known":false,"muted":false,"flaky":false},"stage":"finished","steps":[],"attachments":[],"parameters":[],"start":1689290825122,"stop":1689290825122},{"name":"And  The user clicks on run button","status":"skipped","statusDetails":{"known":false,"muted":false,"flaky":false},"stage":"finished","steps":[],"attachments":[],"parameters":[],"start":1689290825122,"stop":1689290825122},{"name":"And  The user clicks on submit","status":"skipped","statusDetails":{"known":false,"muted":false,"flaky":false},"stage":"finished","steps":[],"attachments":[],"parameters":[],"start":1689290825122,"stop":1689290825123},{"name":"Then  The user should be presented with Run result","status":"skipped","statusDetails":{"known":false,"muted":false,"flaky":false},"stage":"finished","steps":[],"attachments":[],"parameters":[],"start":1689290825123,"stop":1689290825123}],"attachments":[],"parameters":[{"name":"options","value":"Max Consecutive Ones"},{"name":"Sheetname","value":"array"},{"name":"RowNumber","value":"0"}],"start":1689290825119,"stop":1689290832163}