{"uuid":"6f5e060c-ff4b-4540-91ed-89b4f3ceeff3","historyId":"b8ba2ae338a9c278c5ff3e1594804f4b","fullName":"Test Array page: The user is able run code in tryEditor","labels":[{"name":"tag","value":"ArrayTest"},{"name":"host","value":"suba-pc"},{"name":"thread","value":"16476@suba-pc.TestNG-PoolService-6(60)"},{"name":"feature","value":"Test Array page"},{"name":"story","value":"The user is able run code in tryEditor"},{"name":"suite","value":"Test Array page"},{"name":"testClass","value":"The user is able run code in tryEditor"},{"name":"framework","value":"cucumber4jvm"},{"name":"language","value":"java"},{"name":"gherkin_uri","value":"file:///C:/Users/subas/eclipse-workspace-new/Z_DS-Algo_BDDcopy/src/test/resources/Features/FArrayPage.feature"},{"name":"package","value":"src.test.resources.Features.FArrayPage_feature.Test Array page"}],"links":[],"name":"The user is able run code in tryEditor","status":"broken","statusDetails":{"known":false,"muted":false,"flaky":false,"message":"Cannot invoke \"org.openqa.selenium.WebDriver.navigate()\" because \"this.driver\" is null","trace":"java.lang.NullPointerException: Cannot invoke \"org.openqa.selenium.WebDriver.navigate()\" because \"this.driver\" is null\r\n\tat dsAlgo_StepDefinition.FArrayPage_SD.the_user_is_in_a_page_having_an_try_editor_with_a_run_button_to_test(FArrayPage_SD.java:49)\r\n\tat ✽.The user is in a \"Arrays Using List\" page having an tryEditor with a Run button to test(file:///C:/Users/subas/eclipse-workspace-new/Z_DS-Algo_BDDcopy/src/test/resources/Features/FArrayPage.feature:41)\r\n"},"stage":"finished","steps":[{"name":"Given  The user is in a \"Arrays Using List\" page having an tryEditor with a Run button to test","status":"broken","statusDetails":{"known":false,"muted":false,"flaky":false,"message":"Cannot invoke \"org.openqa.selenium.WebDriver.navigate()\" because \"this.driver\" is null","trace":"java.lang.NullPointerException: Cannot invoke \"org.openqa.selenium.WebDriver.navigate()\" because \"this.driver\" is null\r\n\tat dsAlgo_StepDefinition.FArrayPage_SD.the_user_is_in_a_page_having_an_try_editor_with_a_run_button_to_test(FArrayPage_SD.java:49)\r\n\tat ✽.The user is in a \"Arrays Using List\" page having an tryEditor with a Run button to test(file:///C:/Users/subas/eclipse-workspace-new/Z_DS-Algo_BDDcopy/src/test/resources/Features/FArrayPage.feature:41)\r\n"},"stage":"finished","steps":[],"attachments":[],"parameters":[],"start":1689290815649,"stop":1689290815651},{"name":"When  The user enter python code with invalid syntax in tryEditor from sheet \"array\" and 1","status":"skipped","statusDetails":{"known":false,"muted":false,"flaky":false},"stage":"finished","steps":[],"attachments":[],"parameters":[],"start":1689290815652,"stop":1689290815652},{"name":"And  The user clicks on run button","status":"skipped","statusDetails":{"known":false,"muted":false,"flaky":false},"stage":"finished","steps":[],"attachments":[],"parameters":[],"start":1689290815652,"stop":1689290815652},{"name":"Then  The user should be presented with error message","status":"skipped","statusDetails":{"known":false,"muted":false,"flaky":false},"stage":"finished","steps":[],"attachments":[],"parameters":[],"start":1689290815653,"stop":1689290815653}],"attachments":[],"parameters":[{"name":"options","value":"Arrays Using List"},{"name":"Sheetname","value":"array"},{"name":"RowNumber","value":"1"}],"start":1689290815649,"stop":1689290823187}