{"uuid":"ad618762-e3cd-4959-971e-41c82250e8b2","historyId":"4f8c12b5d465b58e155c227c1e84a42f","fullName":"Test Array page: The user is able to run invald code in tryEditor for Practice session of Array in python","labels":[{"name":"tag","value":"ArrayTest"},{"name":"host","value":"suba-pc"},{"name":"thread","value":"16476@suba-pc.TestNG-PoolService-7(51)"},{"name":"feature","value":"Test Array page"},{"name":"story","value":"The user is able to run invald code in tryEditor for Practice session of Array in python"},{"name":"suite","value":"Test Array page"},{"name":"testClass","value":"The user is able to run invald code in tryEditor for Practice session of Array in python"},{"name":"framework","value":"cucumber4jvm"},{"name":"language","value":"java"},{"name":"gherkin_uri","value":"file:///C:/Users/subas/eclipse-workspace-new/Z_DS-Algo_BDDcopy/src/test/resources/Features/FArrayPage.feature"},{"name":"package","value":"src.test.resources.Features.FArrayPage_feature.Test Array page"}],"links":[],"name":"The user is able to run invald code in tryEditor for Practice session of Array in python","status":"broken","statusDetails":{"known":false,"muted":false,"flaky":false,"message":"Cannot invoke \"org.openqa.selenium.WebDriver.navigate()\" because \"this.driver\" is null","trace":"java.lang.NullPointerException: Cannot invoke \"org.openqa.selenium.WebDriver.navigate()\" because \"this.driver\" is null\r\n\tat dsAlgo_StepDefinition.FArrayPage_SD.the_user_is_in_a_practice_page_having_an_try_editor_with_a_run_button_to_test(FArrayPage_SD.java:116)\r\n\tat ✽.The user is in a \"Squares of a Sorted Array\"  practice page having an tryEditor with a Run button to test(file:///C:/Users/subas/eclipse-workspace-new/Z_DS-Algo_BDDcopy/src/test/resources/Features/FArrayPage.feature:99)\r\n"},"stage":"finished","steps":[{"name":"Given  The user is in a \"Squares of a Sorted Array\"  practice page having an tryEditor with a Run button to test","status":"broken","statusDetails":{"known":false,"muted":false,"flaky":false,"message":"Cannot invoke \"org.openqa.selenium.WebDriver.navigate()\" because \"this.driver\" is null","trace":"java.lang.NullPointerException: Cannot invoke \"org.openqa.selenium.WebDriver.navigate()\" because \"this.driver\" is null\r\n\tat dsAlgo_StepDefinition.FArrayPage_SD.the_user_is_in_a_practice_page_having_an_try_editor_with_a_run_button_to_test(FArrayPage_SD.java:116)\r\n\tat ✽.The user is in a \"Squares of a Sorted Array\"  practice page having an tryEditor with a Run button to test(file:///C:/Users/subas/eclipse-workspace-new/Z_DS-Algo_BDDcopy/src/test/resources/Features/FArrayPage.feature:99)\r\n"},"stage":"finished","steps":[],"attachments":[],"parameters":[],"start":1689290829018,"stop":1689290829019},{"name":"When  The user enter python code with invalid syntax in tryEditor from sheet \"array\" and 1","status":"skipped","statusDetails":{"known":false,"muted":false,"flaky":false},"stage":"finished","steps":[],"attachments":[],"parameters":[],"start":1689290829019,"stop":1689290829020},{"name":"And  The user clicks on run button","status":"skipped","statusDetails":{"known":false,"muted":false,"flaky":false},"stage":"finished","steps":[],"attachments":[],"parameters":[],"start":1689290829020,"stop":1689290829020},{"name":"Then  The user should be presented with error message","status":"skipped","statusDetails":{"known":false,"muted":false,"flaky":false},"stage":"finished","steps":[],"attachments":[],"parameters":[],"start":1689290829020,"stop":1689290829020}],"attachments":[],"parameters":[{"name":"options","value":"Squares of a Sorted Array"},{"name":"Sheetname","value":"array"},{"name":"RowNumber","value":"1"}],"start":1689290829017,"stop":1689290836346}