{"uuid":"c46a9212-bd00-4226-9fbe-9cc58134368d","historyId":"58b8349678b8ba4c0cc3aa26f52f1dd0","fullName":"Launch Browser and Test Home Page: User is on Home Page and clicks on any dropdown \"<value>\" without sign in","labels":[{"name":"tag","value":"HomePageTest"},{"name":"tag","value":"scenario1"},{"name":"host","value":"suba-pc"},{"name":"thread","value":"14880@suba-pc.TestNG-tests-1(16)"},{"name":"feature","value":"Launch Browser and Test Home Page"},{"name":"story","value":"User is on Home Page and clicks on any dropdown \"<value>\" without sign in"},{"name":"suite","value":"Launch Browser and Test Home Page"},{"name":"testClass","value":"User is on Home Page and clicks on any dropdown \"<value>\" without sign in"},{"name":"framework","value":"cucumber4jvm"},{"name":"language","value":"java"},{"name":"gherkin_uri","value":"file:///C:/Users/subas/eclipse-workspace-new/Z_DS-Algo_BDDcopy/src/test/resources/Features/BHomePage.feature"},{"name":"package","value":"src.test.resources.Features.BHomePage_feature.Launch Browser and Test Home Page"}],"links":[],"name":"User is on Home Page and clicks on any dropdown \"<value>\" without sign in","status":"broken","statusDetails":{"known":false,"muted":false,"flaky":false,"message":"Expected condition failed: waiting for visibility of [[ChromeDriver: chrome on windows (91553c97c19fee1ee6c9ae5aec40667f)] -> xpath: //div[contains(@class,'dropdown-')]/a] (tried for 10 second(s) with 500 milliseconds interval)\nBuild info: version: '4.9.1', revision: 'eb2032df7f'\nSystem info: os.name: 'Windows 11', os.arch: 'amd64', os.version: '10.0', java.version: '17.0.7'\nDriver info: org.openqa.selenium.chrome.ChromeDriver\nCapabilities {acceptInsecureCerts: false, browserName: chrome, browserVersion: 114.0.5735.199, chrome: {chromedriverVersion: 114.0.5735.90 (386bc09e8f4f..., userDataDir: C:\\Users\\subas\\AppData\\Loca...}, goog:chromeOptions: {debuggerAddress: localhost:57059}, networkConnectionEnabled: false, pageLoadStrategy: normal, platformName: windows, proxy: Proxy(), se:cdp: ws://localhost:57059/devtoo..., se:cdpVersion: 114.0.5735.199, setWindowRect: true, strictFileInteractability: false, timeouts: {implicit: 0, pageLoad: 300000, script: 30000}, unhandledPromptBehavior: dismiss and notify, webauthn:extension:credBlob: true, webauthn:extension:largeBlob: true, webauthn:extension:minPinLength: true, webauthn:extension:prf: true, webauthn:virtualAuthenticators: true}\nSession ID: 91553c97c19fee1ee6c9ae5aec40667f","trace":"org.openqa.selenium.TimeoutException: Expected condition failed: waiting for visibility of [[ChromeDriver: chrome on windows (91553c97c19fee1ee6c9ae5aec40667f)] -> xpath: //div[contains(@class,'dropdown-')]/a] (tried for 10 second(s) with 500 milliseconds interval)\nBuild info: version: '4.9.1', revision: 'eb2032df7f'\nSystem info: os.name: 'Windows 11', os.arch: 'amd64', os.version: '10.0', java.version: '17.0.7'\nDriver info: org.openqa.selenium.chrome.ChromeDriver\nCapabilities {acceptInsecureCerts: false, browserName: chrome, browserVersion: 114.0.5735.199, chrome: {chromedriverVersion: 114.0.5735.90 (386bc09e8f4f..., userDataDir: C:\\Users\\subas\\AppData\\Loca...}, goog:chromeOptions: {debuggerAddress: localhost:57059}, networkConnectionEnabled: false, pageLoadStrategy: normal, platformName: windows, proxy: Proxy(), se:cdp: ws://localhost:57059/devtoo..., se:cdpVersion: 114.0.5735.199, setWindowRect: true, strictFileInteractability: false, timeouts: {implicit: 0, pageLoad: 300000, script: 30000}, unhandledPromptBehavior: dismiss and notify, webauthn:extension:credBlob: true, webauthn:extension:largeBlob: true, webauthn:extension:minPinLength: true, webauthn:extension:prf: true, webauthn:virtualAuthenticators: true}\nSession ID: 91553c97c19fee1ee6c9ae5aec40667f\r\n\tat org.openqa.selenium.support.ui.WebDriverWait.timeoutException(WebDriverWait.java:87)\r\n\tat org.openqa.selenium.support.ui.FluentWait.until(FluentWait.java:231)\r\n\tat dsAlgo_PageObject.BHomePage.dropDownList(BHomePage.java:66)\r\n\tat dsAlgo_StepDefinition.BHomePage_SD.The_user_select_any_dropdown_menu(BHomePage_SD.java:66)\r\n\tat ✽.The user select any dropdown menu \"Linked List\"(file:///C:/Users/subas/eclipse-workspace-new/Z_DS-Algo_BDDcopy/src/test/resources/Features/BHomePage.feature:8)\r\n"},"stage":"finished","steps":[{"name":"Given  user is on Home Page","status":"passed","statusDetails":{"known":false,"muted":false,"flaky":false},"stage":"finished","steps":[],"attachments":[],"parameters":[],"start":1689287572413,"stop":1689287572597},{"name":"When  The user clicks on data structure dropdown before signin","status":"passed","statusDetails":{"known":false,"muted":false,"flaky":false},"stage":"finished","steps":[],"attachments":[],"parameters":[],"start":1689287572597,"stop":1689287572598},{"name":"Then  The user select any dropdown menu \"Linked List\"","status":"broken","statusDetails":{"known":false,"muted":false,"flaky":false,"message":"Expected condition failed: waiting for visibility of [[ChromeDriver: chrome on windows (91553c97c19fee1ee6c9ae5aec40667f)] -> xpath: //div[contains(@class,'dropdown-')]/a] (tried for 10 second(s) with 500 milliseconds interval)\nBuild info: version: '4.9.1', revision: 'eb2032df7f'\nSystem info: os.name: 'Windows 11', os.arch: 'amd64', os.version: '10.0', java.version: '17.0.7'\nDriver info: org.openqa.selenium.chrome.ChromeDriver\nCapabilities {acceptInsecureCerts: false, browserName: chrome, browserVersion: 114.0.5735.199, chrome: {chromedriverVersion: 114.0.5735.90 (386bc09e8f4f..., userDataDir: C:\\Users\\subas\\AppData\\Loca...}, goog:chromeOptions: {debuggerAddress: localhost:57059}, networkConnectionEnabled: false, pageLoadStrategy: normal, platformName: windows, proxy: Proxy(), se:cdp: ws://localhost:57059/devtoo..., se:cdpVersion: 114.0.5735.199, setWindowRect: true, strictFileInteractability: false, timeouts: {implicit: 0, pageLoad: 300000, script: 30000}, unhandledPromptBehavior: dismiss and notify, webauthn:extension:credBlob: true, webauthn:extension:largeBlob: true, webauthn:extension:minPinLength: true, webauthn:extension:prf: true, webauthn:virtualAuthenticators: true}\nSession ID: 91553c97c19fee1ee6c9ae5aec40667f","trace":"org.openqa.selenium.TimeoutException: Expected condition failed: waiting for visibility of [[ChromeDriver: chrome on windows (91553c97c19fee1ee6c9ae5aec40667f)] -> xpath: //div[contains(@class,'dropdown-')]/a] (tried for 10 second(s) with 500 milliseconds interval)\nBuild info: version: '4.9.1', revision: 'eb2032df7f'\nSystem info: os.name: 'Windows 11', os.arch: 'amd64', os.version: '10.0', java.version: '17.0.7'\nDriver info: org.openqa.selenium.chrome.ChromeDriver\nCapabilities {acceptInsecureCerts: false, browserName: chrome, browserVersion: 114.0.5735.199, chrome: {chromedriverVersion: 114.0.5735.90 (386bc09e8f4f..., userDataDir: C:\\Users\\subas\\AppData\\Loca...}, goog:chromeOptions: {debuggerAddress: localhost:57059}, networkConnectionEnabled: false, pageLoadStrategy: normal, platformName: windows, proxy: Proxy(), se:cdp: ws://localhost:57059/devtoo..., se:cdpVersion: 114.0.5735.199, setWindowRect: true, strictFileInteractability: false, timeouts: {implicit: 0, pageLoad: 300000, script: 30000}, unhandledPromptBehavior: dismiss and notify, webauthn:extension:credBlob: true, webauthn:extension:largeBlob: true, webauthn:extension:minPinLength: true, webauthn:extension:prf: true, webauthn:virtualAuthenticators: true}\nSession ID: 91553c97c19fee1ee6c9ae5aec40667f\r\n\tat org.openqa.selenium.support.ui.WebDriverWait.timeoutException(WebDriverWait.java:87)\r\n\tat org.openqa.selenium.support.ui.FluentWait.until(FluentWait.java:231)\r\n\tat dsAlgo_PageObject.BHomePage.dropDownList(BHomePage.java:66)\r\n\tat dsAlgo_StepDefinition.BHomePage_SD.The_user_select_any_dropdown_menu(BHomePage_SD.java:66)\r\n\tat ✽.The user select any dropdown menu \"Linked List\"(file:///C:/Users/subas/eclipse-workspace-new/Z_DS-Algo_BDDcopy/src/test/resources/Features/BHomePage.feature:8)\r\n"},"stage":"finished","steps":[],"attachments":[],"parameters":[],"start":1689287572599,"stop":1689287582928},{"name":"Then  The user should get the error message \"You are not logged in\"","status":"skipped","statusDetails":{"known":false,"muted":false,"flaky":false},"stage":"finished","steps":[],"attachments":[],"parameters":[],"start":1689287582930,"stop":1689287582932}],"attachments":[],"parameters":[{"name":"option","value":"Linked List"}],"start":1689287572413,"stop":1689287583900}