{"uuid":"e5c137c3-4c63-4a4a-90ef-055b893ae7f6","historyId":"c72f79048499ebae4ca25cc555bb83c2","fullName":"Test Array page: The user is able run code in tryEditor","labels":[{"name":"tag","value":"ArrayTest"},{"name":"host","value":"suba-pc"},{"name":"thread","value":"12948@suba-pc.TestNG-PoolService-1(44)"},{"name":"feature","value":"Test Array page"},{"name":"story","value":"The user is able run code in tryEditor"},{"name":"suite","value":"Test Array page"},{"name":"testClass","value":"The user is able run code in tryEditor"},{"name":"framework","value":"cucumber4jvm"},{"name":"language","value":"java"},{"name":"gherkin_uri","value":"file:///C:/Users/subas/eclipse-workspace-new/Z_DS-Algo_BDDcopy/src/test/resources/Features/FArrayPage.feature"},{"name":"package","value":"src.test.resources.Features.FArrayPage_feature.Test Array page"}],"links":[],"name":"The user is able run code in tryEditor","status":"broken","statusDetails":{"known":false,"muted":false,"flaky":false,"message":"Cannot invoke \"org.openqa.selenium.WebDriver.navigate()\" because \"this.driver\" is null","trace":"java.lang.NullPointerException: Cannot invoke \"org.openqa.selenium.WebDriver.navigate()\" because \"this.driver\" is null\r\n\tat dsAlgo_StepDefinition.FArrayPage_SD.the_user_is_in_a_page_having_an_try_editor_with_a_run_button_to_test(FArrayPage_SD.java:49)\r\n\tat ✽.The user is in a \"Arrays in Python\" page having an tryEditor with a Run button to test(file:///C:/Users/subas/eclipse-workspace-new/Z_DS-Algo_BDDcopy/src/test/resources/Features/FArrayPage.feature:29)\r\n"},"stage":"finished","steps":[{"name":"Given  The user is in a \"Arrays in Python\" page having an tryEditor with a Run button to test","status":"broken","statusDetails":{"known":false,"muted":false,"flaky":false,"message":"Cannot invoke \"org.openqa.selenium.WebDriver.navigate()\" because \"this.driver\" is null","trace":"java.lang.NullPointerException: Cannot invoke \"org.openqa.selenium.WebDriver.navigate()\" because \"this.driver\" is null\r\n\tat dsAlgo_StepDefinition.FArrayPage_SD.the_user_is_in_a_page_having_an_try_editor_with_a_run_button_to_test(FArrayPage_SD.java:49)\r\n\tat ✽.The user is in a \"Arrays in Python\" page having an tryEditor with a Run button to test(file:///C:/Users/subas/eclipse-workspace-new/Z_DS-Algo_BDDcopy/src/test/resources/Features/FArrayPage.feature:29)\r\n"},"stage":"finished","steps":[],"attachments":[],"parameters":[],"start":1689290626899,"stop":1689290626901},{"name":"When  The user enter valid python code in tryEditor from sheet \"array\" and 0","status":"skipped","statusDetails":{"known":false,"muted":false,"flaky":false},"stage":"finished","steps":[],"attachments":[],"parameters":[],"start":1689290626901,"stop":1689290626901},{"name":"And  The user clicks on run button","status":"skipped","statusDetails":{"known":false,"muted":false,"flaky":false},"stage":"finished","steps":[],"attachments":[],"parameters":[],"start":1689290626901,"stop":1689290626902},{"name":"Then  The user should be presented with Run result","status":"skipped","statusDetails":{"known":false,"muted":false,"flaky":false},"stage":"finished","steps":[],"attachments":[],"parameters":[],"start":1689290626902,"stop":1689290626902}],"attachments":[],"parameters":[{"name":"options","value":"Arrays in Python"},{"name":"Sheetname","value":"array"},{"name":"RowNumber","value":"0"}],"start":1689290626898,"stop":1689290633562}