{"uuid":"e66bc822-7abe-4d61-841b-ada479ad3e17","historyId":"a7b95dca3998f206bba5a5b7dcdc4850","fullName":"io.cucumber.testng.AbstractTestNGCucumberTests.runScenario","labels":[{"name":"package","value":"dsAlgo_TestRunner.TestRunner"},{"name":"testClass","value":"dsAlgo_TestRunner.TestRunner"},{"name":"testMethod","value":"runScenario"},{"name":"parentSuite","value":"APPSuite"},{"name":"suite","value":"TestChrome"},{"name":"subSuite","value":"dsAlgo_TestRunner.TestRunner"},{"name":"host","value":"suba-pc"},{"name":"thread","value":"20924@suba-pc.TestNG-test=TestChrome-1(38)"},{"name":"framework","value":"testng"},{"name":"language","value":"java"}],"links":[],"name":"Runs Cucumber Scenarios","status":"failed","statusDetails":{"known":false,"muted":false,"flaky":false,"message":"expected [true] but found [false]","trace":"java.lang.AssertionError: expected [true] but found [false]\r\n\tat org.testng.Assert.fail(Assert.java:99)\r\n\tat org.testng.Assert.failNotEquals(Assert.java:1037)\r\n\tat org.testng.Assert.assertTrue(Assert.java:45)\r\n\tat org.testng.Assert.assertTrue(Assert.java:55)\r\n\tat dsAlgo_StepDefinition.KGraphPage_SD.user_should_get_the_erroroutput(KGraphPage_SD.java:87)\r\n\tat âœ½.user should get the \"<erroroutput>\" on the screen(file:///C:/Users/subas/eclipse-workspace-new/Z_DS-Algo_BDDcopy/src/test/resources/Features/IQueuePage.feature:27)\r\n"},"stage":"finished","steps":[],"attachments":[],"parameters":[{"name":"arg1","value":"\"Optional[Testing queue page]\""},{"name":"browser","value":"chrome"},{"name":"arg0","value":"\"User checks each of the topics in Graph with invalid python code\""}],"start":1689289025173,"stop":1689289027234}